129 99 30 99 129 99 31 88 115 125 115 88 31 99 129 99 31 109 31 99 129 137 124 92 13 118 45 139 45 118 13 92 124 137 129 99 19 99 129 137 17 12 112 12 17 137 129 137 124 92 121 92 124 137 129 137 124 92 13 92 124 137 129 99 145 180 86 188 194 188 86 180 145 99 129
19
88 1 88 127
45 4 22
19 7 19 43 67 79
118 10 28 70 100 118 166 190
13 13 106 133 178
137 16
92 25 55 64 76 91 154 157 193 196
31 31 61 169
109 34 85 109 151 184
121 37 58 73 97 103 121 136 175
139 40 94 139 163
17 46
145 49 52 145 172 181 187
180 82
112 112
115 115 160
124 124
12 130 142
30 148
