1 7 1 188 138 188 1 15 177 22 177 15 1 15 105 136 68 136 105 15 1 65 13 8 13 65 1 94 120 51 170 51 120 94 1 2 61 38 129 38 61 2 1 2 61 147 85 147 61 2 1
21
2 2 32 50 89
105 3 19 45 46 78 98
177 4 6 9 17 25 39 53 55 67 83 101
13 5 13 23 24 28 30 31 41 43 58 62 66 69 81 84 87 90 92 96 97
7 7
8 8 27
136 10 91
94 11 52 74 82 86 94
51 12 34 51
22 14 22 36 63
15 15 42 64 95 99
129 16 60
1 18 26 37
138 20 70 80
68 21 68 76 79
85 29 33 59 85
65 35 49 54 57 65 71 75 77
38 38
147 40 72
61 44 47 48 56 61 73 88 93
120 100
