159 109 180 109 159 5 153 93 154 179 154 93 153 5 159 164 20 41 148 41 20 164 159 77 75 37 46 90 46 37 75 77 159 77 75 37 46 49 46 37 75 77 159 5 33 100 161 17 161 100 33 5 159 109 127 137 101 147 40 147 101 137 127 109 159 164 6 197 114 35 198 35 114 197 6 164 159 164 32 189 92 189 32 164 159 164 32 79 170 79 32 164 159 5 102 12 102 5 159
31
154 2 154
79 3 63 79 88 121
77 4 14 77 97 126 140 190
6 6 52
189 7 59 60 107 120 134 178
46 10 46 192 200
20 11 24 87
197 13 106
41 15 41 86
17 17 36 133 145 169
100 21 71 100 139 181 199
159 22
93 26 65 93 96 156 165 191
164 28 43
114 31 114
32 32 98
5 34 64 111 128 174
35 35
37 37
75 38
40 40
101 45 72 101 132 138 155 167
148 47 51 148
153 48 193
137 53 76 85 137 172
127 61 146
92 74 99 116 158 185
102 82 102 123
109 109
180 122 180
147 157
