Home141 Home109 Home20 Home149 Home20 Home109 Home141 Home109 Home157 Home93 Home14 Home85 Home14 Home93 Home157 Home109 Home141 Home65 Home67 Home100 Home170 Home100 Home67 Home65 Home141 Home0 Home166 Home94 Home39 Home94 Home166 Home0 Home141 Home109 Home157 Home92 Home70 Home92 Home157 Home109 Home141 Home15 Home171 Home59 Home171 Home15 Home141 Home109 Home24 Home109 Home141 Home65 Home38 Home65 Home141
19
Home67 Home1 Home32 Home35 Home36 Home67 Home86 Home106 Home114 Home161
Home157 Home3 Home157
Home39 Home4 Home64 Home66 Home87
Home171 Home5 Home26 Home82 Home124 Home144 Home171
Home100 Home7 Home43 Home48 Home100 Home111 Home125
Home149 Home11 Home16 Home47 Home51 Home74 Home88 Home103 Home122 Home136 Home143 Home149
Home65 Home13 Home81 Home110 Home112 Home128
Home15 Home15
Home20 Home20 Home31 Home126 Home172
Home92 Home25 Home92 Home131
Home70 Home27 Home63 Home83 Home156
Home38 Home34 Home44 Home55 Home96 Home173 Home176
Home14 Home37 Home50 Home76
Home166 Home45 Home60 Home75
Home170 Home53 Home164 Home165 Home170
Home93 Home62 Home89 Home97 Home105 Home132 Home134 Home147 Home152
Home59 Home69 Home91 Home120 Home135 Home177
Home24 Home127 Home167
Home141 Home154
