50 1 50 2 50 5 50 6 50 8 50 9 50 10 50 12 50 13 50 16 50 17 50 19 50 20 50 21 50 24 50 26 50 27 50 28 50 33 50 35 50 36 50 37 50 40 50 43 50 44 50 46 50 47 50 48 50 49 50 54 50 56 50 57 50 58 50 59 50 109 50 65 50 66 50 67 50 68 50 69 50 70 50 71 50 77 50 81 50 83 50 89 50 90 50 95 50 98 50 100 50 103 50 104 50 113 50 119 50 120 50 121 50 124 50 126 50 127 50 131 50 134 50 139 50 141 50 144 50 145 50 146 50 147 50 148 50 185 50
47
50 0 4 7 14 18 25 29 30 38 41 51 53 55 61 76 78 82 86 88 92 96 99 101 102 107 108 111 112 115 118 125 128 129 133 136 138 142 143 153 156 162 164 169 170 172 176 179 180 181 182 186 187 197
1 1
9 9
10 10
13 13
2 23
27 27
21 31
36 36
40 40
44 44
47 47
49 49
54 54
56 56
57 57
109 62 84
69 69
71 71
77 77
37 80
81 81
83 83
12 85
89 89
70 110
113 113
16 117
120 120
121 121
90 123
124 124
126 126
127 127
134 134
139 139
141 141
144 144
146 146
147 147
148 148
119 157
6 161
145 177
185 185
100 195
65 198
