AyBBdkPvTTt19wqt b817BTo6GdPc96ig2 Le6BO3R lP84Whn Le6BO3R b817BTo6GdPc96ig2 AyBBdkPvTTt19wqt q 5tQKcAo3 o A6gMJKsUfUSuEI76 o 5tQKcAo3 q AyBBdkPvTTt19wqt b817BTo6GdPc96ig2 Le6BO3R lP84Whn Nstvw8dF9rhja 2P201UD8Q w6Z 2P201UD8Q Nstvw8dF9rhja lP84Whn Le6BO3R b817BTo6GdPc96ig2 AyBBdkPvTTt19wqt 9jWI53P36dh95 3 w22P6su70O6jf3FJ c2m39UUoMb w22P6su70O6jf3FJ 3 9jWI53P36dh95 AyBBdkPvTTt19wqt 9jWI53P36dh95 3 Q2PY EL5n1KQ3kn Ut7hqt9A 7xf20x1m1od50iPHUtr Ut7hqt9A EL5n1KQ3kn Q2PY 3 9jWI53P36dh95 AyBBdkPvTTt19wqt 9jWI53P36dh95 3 Q2PY 3 9jWI53P36dh95 AyBBdkPvTTt19wqt 9jWI53P36dh95 3 Q2PY P 1MHxxU P Q2PY 3 9jWI53P36dh95 AyBBdkPvTTt19wqt q rcnFY8496Nr2v81Ax d2A2ZPVl61Vtm2kT rcnFY8496Nr2v81Ax q AyBBdkPvTTt19wqt b817BTo6GdPc96ig2 Le6BO3R d LK1h2AhdhXWb7Czrr d Le6BO3R b817BTo6GdPc96ig2 AyBBdkPvTTt19wqt 9jWI53P36dh95 0b 98E9ia5 0b 9jWI53P36dh95 AyBBdkPvTTt19wqt
24
d d
Nstvw8dF9rhja 5nYY46YfUGovj TMULg 2l90gxx61rTb0CbF nOMN589D7t0QjhnBj3wn XMV256fk 6qc68848myvIqoZWw
2P201UD8Q aCCE 6v326555i1Io5Z 2P201UD8Q 2T6osNpb4 E76twn5gNBei01uh2PkH c3x9Cmq8W5oa57mjASv NU7gnWcAs4nq66FS MEv16358FQ J68F52raS3n1L6ZYK
P P b6DdFnSk8qdk45 JBYT6heC6yE4
0b vRH6pA1I75N1 jxDm 4932 3505 QqvW51K9Cm
A6gMJKsUfUSuEI76 6c1qFsEg9xI A6gMJKsUfUSuEI76
1MHxxU IEtn6zEV03H3 e1M0JsNJ5 1wF6 TByQ7zH089 hG8udpL53V dUdv uF131buM7L27 920ucA0jXEv L7Mfs3034VwaB7kd3Z I6 o83v2nI1sQs iFF184 I4640OD 85682ijoufq1DW pwvBbQ870l3Io2K
7xf20x1m1od50iPHUtr L46h8MG90TBpA8v9 FR3SCSFtuk055ORI 68ZC6T1G2o9Q95CKs MjwmiyLlZn 9o4t Q P6C89a32 thypPB22BchO3Od9 EnmWLiDA9NE89oNUTbx Han188Ox O7W5C8z8H93l 9q06155efQSN
Ut7hqt9A kg8257p31rTQvRWjGF XQxkrBxnI Ut7hqt9A p772t3OLqj SdP9W8WRSw
o 1e90fR0FtB7Ev156y 7d2Q05crlPi
Q2PY RYtkT5 usTG0We6G9WDs7Dk 8Qe2lSUyQa Q2PY 36Y155M7F1ZG8
b817BTo6GdPc96ig2 b817BTo6GdPc96ig2 1utCvCS3yEzt0HBbKt ywj3aNhyxUH
Le6BO3R Tk46 Le6BO3R
c2m39UUoMb 4B5uWNh7Dl3lRP khC 2Et5UN6ZJ19iz
EL5n1KQ3kn PELS5 MJ2l1N0ojTC
9jWI53P36dh95 9jWI53P36dh95 KIOJyBXM922ydZA5 7DmqFE FKWv88jkw79me ymzG1qC7YsJFFmeog T8C17MZ6g69gmQ
d2A2ZPVl61Vtm2kT eZEbm
98E9ia5 Rf0x16WtfDv 8w6aRuq b19692 659Cx gv3T5z4 89ukpivGhdck21Krrh40 yd7324WTF
LK1h2AhdhXWb7Czrr q7Ehaiz v
rcnFY8496Nr2v81Ax d5P0NXv8 r9qUrqog71Fz9gx nw566uv
q 8tvL5MpO9J735t q
5tQKcAo3 2YlhGrefFhV6JLtw
3 3 3z4E
lP84Whn qGr382CkPK997QVHAL
