0 140 143 135 143 140 0 188 171 101 2 33 2 101 171 188 0 112 96 180 84 180 96 112 0 112 96 73 153 73 96 112 0 112 96 112 0 112 96 51 47 51 96 112 0 112 96 51 42 145 42 51 96 112 0 90 113 166 124 35 124 166 113 90 0 140 53 102 68 102 53 140 0 140 53 20 53 140 0
25
0 0 15 37 43 52 59 62 86
53 1 16 45 53 57
2 2 3 5 14 36 40 41 46 56 61 65 70 78 88
171 4 11 49 91
51 6 19 30 51
33 7 13 17 21 28 33 72 74 76 83
84 8 24 82 84 87 97
112 9 26 50 54 67 71 80 94 98
42 10 18 42 48
153 12 66
20 20
47 22 47 81
73 23 73 89 99
166 25
135 27
96 29 96
140 31 60 64
143 32 39
124 34 38 92 93
35 35 44 69
101 55 63
68 58 68 75 85
102 77
90 79 90
145 95
