a0 a1 b2 a1 a0 b6 a0 a3 c2 d0 c2 a3 a0 c3 c4 c3 a0 d3 c8 d3 a0 d4 e0 d4 a0 d8 a0 p1 p2 p3 p4 p3 p2 p1 a0 f4 f5 f6 f7 f8 f7 f6 f5 f4 a0 h1 i2 h1 a0 h2 i4 h2 a0 h3 a0 h4 a0 h7 i7 h8 i8 h8 i7 h7 a0 h9 j0 i9 j0 h9 a0 l0 l1 l2 l3 l4 l5 l6 l7 l8 l7 l6 l5 l4 l3 l2 l1 l0 a0 m3 m2 m1 m0 j9 j8 j7 j6 j5 j4 j5 j6 j7 j8 j9 m0 m1 m2 m3 a0 m4 n0 m4 a0 o9 o8 o7 o6 o7 o8 o9 a0
38
a1 b0 b1 b3
b2 b2
a0 b4 b5 b9 c6 e3 e4 e5 e6 e7 e8 g9 i1 i3 k0 k1 k2 k3 k4 k5 k6 k7 k8 k9 n4 n5 n6 n7 n8 n9 p8 p9
b6 b6 b7 b8
a3 c0 c1
c2 c2
c3 c3
c4 c4 c5
d3 c7
c8 c8 c9
e0 e0 e1 e2
d8 e9 g0
f5 g1 g2 g3 g4 g5 g6 g7 g8 i0
i2 i2
i4 i4 i5
h3 i6
i7 i7
i8 i8
i9 i9
l0 l0
l1 l1
l2 l2
l3 l3
l4 l4
l5 l5
l6 l6
l7 l7
l8 l8 l9
n0 n0 n1 n2 n3
o6 o0 o1 o2 o3 o4 o5 o6
o7 o7
o8 o8
o9 o9
h4 p0
p1 p1
p2 p2
p3 p3
p4 p4 p5 p6 p7
