a0 a3 f2 f1 d1 f6 d1 f1 f2 a3 a0 a3 f2 f1 d1 c8 c6 c7 i2 c7 c6 c8 d1 f1 f2 a3 a0 a3 c2 d0 a9 d0 c2 a3 a0 a3 c0 c1 h7 c1 c0 a3 a0 b6 b7 b6 a0 b6 f7 i1 e7 e6 e7 i1 f7 b6 a0 a1 b1 j6 c4 g3 d3 d2 d4 h1 g8 f4 h8 f4 g8 h1 d4 d2 d3 g3 c4 j6 b1 a1 a0 a1 b1 j6 c4 g3 d3 d2 d4 d2 d3 g3 c4 j6 b1 a1 a0 a1 b1 j6 c4 g3 j1 e9 j7 g9 j7 e9 j1 g3 c4 j6 b1 a1 a0 j3 f3 j3 a0
27
a1 b0 b2 b3
b1 b1
a0 b4 b5 c9 d7 e2 e4 e8
b6 b6 b9
b7 b7 b8 d5
c0 c0
c1 c1
c2 c2
a9 c3 d6 d8 d9
c4 c4
c6 c5 c6
c7 c7
c8 c8
d0 d0
d1 d1
d2 d2
d3 d3
d4 d4 e0 e1
i1 e3 e5
e6 e6
e7 e7
e9 e9
j3 f0
f1 f1
f2 f2
f3 f3
f4 f4
