74 123 109 123 74 123 109 161 20 181 20 161 109 123 74 123 81 167 30 68 23 68 58 28 113 49 8 123 74 123 109 161 139 83 78 83 139 161 109 123 74 123 109 199 102 98 125 73 146 8 123 74 123 8 146 73 100 73 146 8 123 74 123 8 49 113 198 120 198 113 49 8 123 74 123 81 26 122 70 43 187 197 52 8 123 74 123 81 26 9 26 81 123 74 123 8 42 34 52 8 123 74 123 8 65 170 65 8 123 74
36
26 4 193
170 5 12 105 165
161 11 99 161
28 14 118 127 130 155
9 16
187 17
34 18 94 135 163
20 20 96 184
23 23 44 107
125 27 103 125 157
146 31 45 54 86 128 146
52 32 52
113 39 88 113
42 42
102 47 50
199 51 77 111 133 190 199
98 53 98
122 56 66
58 58
65 59 91 200
83 60 76 83 89 108
8 61 115 129
139 63 138 139 174
100 72 97 100 112 114 134 173
73 73 90 152
181 80 95 140 142
81 81
109 109 154
120 116 120
123 123
30 132 178 179
78 136
198 143 171 198
43 158
167 167
68 192
