73 96 15 48 13 40 16 54 16 40 13 48 15 96 73 96 15 48 32 41 32 48 15 96 73 96 38 5 1 50 71 9 98 45 88 38 96 73 96 38 88 100 60 75 57 44 57 75 60 100 88 38 96 73 96 38 5 45 98 69 51 59 51 69 98 45 88 38 96 73 96 38 5 1 68 4 74 4 68 1 5 38 96 73 96 15 48 33 92 65 92 33 48 15 96 73 96 38 5 55 5 38 96 73
28
1 1 14 19 77
5 5
38 8
9 9
45 10
33 11 18 33 76
65 12 65
13 13 86
15 15 79
98 21 98
88 22 27 29
68 25 68 90
55 34 83
44 44
60 46 99
48 48
75 49 75
50 50 53 78 94
57 57
74 66 74
71 71
40 81 91
41 82
4 84
16 85
51 93
96 96
100 100
