AA AC AJ AC AA DT CX DT AA DT CX AN CY AN CX DT AA AD AK AD AA AD AL AD AA AD DN CT AM CT DN AD AA AD DN CT AM CW AM CT DN AD AA AB AG BC BK FE DZ EC EE ED EE EC DZ FE BK BC AG AB AA AB AG BC BK FE DZ EC EE EF EE EC DZ FE BK BC AG AB AA AB AG BC BK FE DZ EC EE EF EH EJ EH EF EE EC DZ FE BK BC AG AB AA AB AG BC BK FE DZ EC EE EF EL EW EX EW EL EF EE EC DZ FE BK BC AG AB AA AB AG BC BK FE DZ EC EE EF EN EQ EN EF EE EC DZ FE BK BC AG AB AA AB AG BC BK FE DZ EC DZ FE BK BC AG AB AA AB AF AS AF AB AA AB AH BM BP CE BW AI BW CE BP BM AH AB AA AB AH AB AA AB AE AO AE AB AA
29
AA AA
AB AB
AC AC
AD AD
AE AE
AF AF
AG AG BD BE BF BG BH BI
AH AH FF
AI AI
AJ AJ
AK AK
AL AL
AM AM DR
AN AN
AO AO AP AQ
BC BJ
BK BK
CW DP DQ
CX DS DU
DT DT
CY DV DW
EC DX DY FB FC
DZ DZ
EN EN
EQ EO
ED EP
EX EX EY
EJ EZ
EH FA
