Soda loc106 loc36 loc106 Soda loc3 loc179 loc92 loc75 loc137 loc75 loc92 loc179 loc3 Soda loc3 loc179 loc92 loc57 loc92 loc179 loc3 Soda loc3 loc179 loc43 loc27 loc77 loc173 loc107 loc173 loc77 loc27 loc43 loc179 loc3 Soda loc3 loc179 loc43 loc27 loc77 loc56 loc77 loc27 loc43 loc179 loc3 Soda loc3 loc179 loc43 loc27 loc115 loc99 loc115 loc27 loc43 loc179 loc3 Soda loc3 loc179 loc43 loc27 loc176 loc27 loc43 loc179 loc3 Soda loc3 loc179 loc43 loc27 loc164 loc47 loc87 loc192 loc170 loc196 loc170 loc192 loc87 loc47 loc164 loc27 loc43 loc179 loc3 Soda loc3 loc179 loc43 loc27 loc169 loc111 loc169 loc27 loc43 loc179 loc3 Soda loc3 loc179 loc43 loc27 loc169 loc111 loc30 loc39 loc198 loc166 loc198 loc39 loc30 loc111 loc169 loc27 loc43 loc179 loc3 Soda loc3 loc179 loc129 loc17 loc23 loc74 loc13 loc34 loc13 loc74 loc23 loc17 loc129 loc179 loc3 Soda loc3 loc179 loc54 loc179 loc3 Soda loc3 loc179 loc182 loc177 loc42 loc177 loc186 loc179 loc3 Soda
33
Soda Soda
loc3 loc3 loc64
loc106 loc6 loc106 loc172
loc196 loc7 loc51 loc61 loc103 loc142 loc155 loc185
loc176 loc8 loc15 loc22 loc35 loc79 loc95 loc100 loc165 loc194
loc99 loc9
loc27 loc10 loc26 loc131 loc180 loc183 loc188
loc30 loc11 loc30 loc136
loc13 loc13
loc34 loc14 loc32 loc34 loc84 loc88 loc97 loc118 loc121 loc138 loc167 loc189
loc17 loc17 loc94
loc137 loc20 loc40 loc137
loc23 loc23
loc198 loc24 loc28
loc179 loc25 loc53 loc58 loc80 loc140 loc151 loc199
loc36 loc36 loc145 loc156
loc169 loc37 loc141
loc111 loc38 loc111 loc114 loc122 loc128 loc147 loc181 loc193
loc39 loc39
loc77 loc41 loc77
loc42 loc42 loc154 loc163 loc171
loc186 loc45 loc90
loc43 loc50 loc65 loc82 loc83
loc115 loc55
loc57 loc57 loc59 loc157
loc75 loc72 loc75
loc74 loc74
loc164 loc101
loc107 loc107 loc146
loc166 loc109
loc192 loc126 loc192
loc170 loc170
loc173 loc173
