0 144 157 16 24 94 24 16 157 144 0 144 157 16 24 87 24 16 157 144 0 144 157 16 24 87 188 87 24 16 157 144 0 31 80 173 80 31 0 31 80 109 123 109 80 31 0 144 18 144 0 144 157 69 192 69 157 144 0 144 157 150 164 156 164 150 157 144 0 144 120 181 124 181 120 144 0
21
16 1 9 15 16 30 38 42 93 98 99
0 2
31 3 14 31 61 100
109 4 70
123 5 20 23 33 45 56 60 65 66 72 85 92
157 6 25 43
192 7 51 59 73 75 95
80 8 19 39 41 71 80 84
188 10 26 68 74 89
173 11 35 36 46 57 77
150 12 22 62 67 83
156 13 50 58 86
120 17 96 97
18 18 32 48 49 82
181 21 28 29 37 63
24 24 91
144 27 34 44 76 88
124 40 47 64 81 90
94 52 94
87 53 54 55 78 79 87
69 69
