48 20 168 46 168 20 48 73 174 125 31 162 31 125 174 73 48 153 59 81 77 81 59 153 48 68 14 154 14 68 48 20 168 185 78 185 168 20 48 153 59 63 92 63 59 153 48 73 171 25 17 180 17 25 171 73 48 20 49 70 49 20 48 68 6 68 48
22
77 2 19 56 58 69 157 164
125 3 125 137 143 155 167
180 5 9 52 129 135 147 156 180
78 7 78 113 119 138 175 176 181 199
46 10 46 120
6 11 79 170
49 16 67 98 193
20 20 93 165
81 21 35 118 148
185 23 39 64 185 190
25 25 34 42 87 90
92 29 85 126 149 152 158 177 194
171 36 84 88 108 136 145 163 171 182
63 38 60 103 151
162 40 117 123 141 196
48 48
154 53 110 115 154 197
168 55 109
73 66 73 74 186 191
17 101
70 107 133
174 179
