evdoyagqfp xftptyrlvl uooysjrxsb nfvvjywhsb ztvejhcxjs kijbyyuzhd ztvejhcxjs nfvvjywhsb uooysjrxsb xftptyrlvl evdoyagqfp xftptyrlvl uooysjrxsb nfvvjywhsb ztvejhcxjs kijbyyuzhd unihwwnyqz pbefrggyje unihwwnyqz kijbyyuzhd ztvejhcxjs nfvvjywhsb uooysjrxsb xftptyrlvl evdoyagqfp xftptyrlvl jqtguzxxsl wynbxuuxru oegfbrwyrp ebqxbaqnmm xwrvhrxnqy qydclznxrd xwrvhrxnqy ebqxbaqnmm oegfbrwyrp wynbxuuxru jqtguzxxsl xftptyrlvl evdoyagqfp xftptyrlvl jqtguzxxsl pcilmgdrgc qepegujmaa ixyurvbpvu yiwwdwbzth uddkspyqjc jfccyptuug uddkspyqjc yiwwdwbzth ixyurvbpvu qepegujmaa pcilmgdrgc jqtguzxxsl xftptyrlvl evdoyagqfp xftptyrlvl jqtguzxxsl wynbxuuxru lazlsvgukx ymvlfsdhbu xsjzeyxnpw opmnfgpclg xsjzeyxnpw ymvlfsdhbu lazlsvgukx wynbxuuxru jqtguzxxsl xftptyrlvl evdoyagqfp xftptyrlvl jqtguzxxsl wynbxuuxru lazlsvgukx ymvlfsdhbu lazlsvgukx wynbxuuxru jqtguzxxsl xftptyrlvl evdoyagqfp xftptyrlvl jqtguzxxsl wynbxuuxru lazlsvgukx ymvlfsdhbu nbjyrygtdh yqwistxtxc nbjyrygtdh ymvlfsdhbu lazlsvgukx wynbxuuxru jqtguzxxsl xftptyrlvl evdoyagqfp xftptyrlvl jqtguzxxsl pcilmgdrgc qepegujmaa ixyurvbpvu qfbvncxldf ijbfzrqwct qfbvncxldf ixyurvbpvu qepegujmaa pcilmgdrgc jqtguzxxsl xftptyrlvl evdoyagqfp xftptyrlvl jqtguzxxsl pcilmgdrgc qepegujmaa koawdpgqdx wkwwcqjtxf koawdpgqdx qepegujmaa pcilmgdrgc jqtguzxxsl xftptyrlvl evdoyagqfp xftptyrlvl uooysjrxsb nfvvjywhsb ztvejhcxjs kijbyyuzhd wtyqwjwskq ahqdrcepub byyqgjwsrp ahqdrcepub wtyqwjwskq kijbyyuzhd ztvejhcxjs nfvvjywhsb uooysjrxsb xftptyrlvl evdoyagqfp xftptyrlvl jqtguzxxsl wynbxuuxru lazlsvgukx bbczvyonym kwbnyneokj bbczvyonym lazlsvgukx wynbxuuxru jqtguzxxsl xftptyrlvl evdoyagqfp xftptyrlvl jqtguzxxsl wynbxuuxru epdwcjuvdr eooyfwmxln fczruomdab eooyfwmxln epdwcjuvdr wynbxuuxru jqtguzxxsl xftptyrlvl evdoyagqfp xftptyrlvl jqtguzxxsl wynbxuuxru epdwcjuvdr eqdxeqvtsb lndsfxewdc eqdxeqvtsb epdwcjuvdr wynbxuuxru jqtguzxxsl xftptyrlvl evdoyagqfp
34
eooyfwmxln eooyfwmxln
yqwistxtxc vugkhjygfe oggftsricu xywdziunpr hofbtczdgp xguvjomcdt guuudgvhny
ahqdrcepub zmfuudfatm ahqdrcepub afortwurqt gbdejcnknd
lndsfxewdc vkrlpmybdj lnicnhmajr lndsfxewdc aruwdskzta kyrhqthnvz xychpimpzb afrdrejwtp
koawdpgqdx psiebvskfb pdljcbluhp
yiwwdwbzth yiwwdwbzth
opmnfgpclg tgbmxdmvwe rnpokwoqgt qxuqrfzzob lcrihrmoqu
kwbnyneokj gucdicwxmb xkasbvrrxd rkyixxpcbx qpxtrjvxpe uhalgukdzb fdgcygwgjf qiqnnrlapz
pbefrggyje wtlzrefwav pbefrggyje
xftptyrlvl xawkqmfmmx bnmegnfgii mysadifwma kvxwqiryyu fluzhooehk
wtyqwjwskq ouxenssqdu kvfpaspidv
ijbfzrqwct nwlccbonas bbwcqzwyoz bimtbhwsby itbfnxnauh
nbjyrygtdh seeyrseflx hkempoemlv nbjyrygtdh cpwyxulkjm
jqtguzxxsl smwxdupkdv optviwhmbr vfdsalrajq ivugtsvtqb
xsjzeyxnpw bswhowadhl qgfchcatzi
evdoyagqfp evdoyagqfp
qfbvncxldf qfbvncxldf
ymvlfsdhbu aokbiptbzc ymvlfsdhbu ldnozwuuuq
wkwwcqjtxf jrmlkfexfk wkwwcqjtxf bulywvvpni osdeymjeil lkvtxfwozs
oegfbrwyrp tvcolajnao oegfbrwyrp xqwyvbvueh
qepegujmaa qepegujmaa etdxtwotzh
bbczvyonym mdyuzxshey hsjqtjkukk bbczvyonym
byyqgjwsrp jrusiskazm euqbrkzdsw qxfgqgbbdn zivwgfcxqi byyqgjwsrp tmatbexcil cttlxdtaiw
wynbxuuxru tmrnpjqnxx wynbxuuxru voaumgrcuj
uooysjrxsb uooysjrxsb
pcilmgdrgc pcilmgdrgc wwqchwdmtx ivgbjyugdu
jfccyptuug tgkujfknod
eqdxeqvtsb xnppuesbrr scesbtewjx eqdxeqvtsb
xwrvhrxnqy xwrvhrxnqy xifuopshzj
qydclznxrd oavtmpaqji ichabbvkhm
fczruomdab stdiixwrjc
kijbyyuzhd kijbyyuzhd
epdwcjuvdr kgktiatgjn
unihwwnyqz vnzypgtlkj
