mdyuzxshey vkrlpmybdj jatkaoyfxb zumetrybth ebqxbaqnmm zpjhxyylhb ebqxbaqnmm zumetrybth jatkaoyfxb vkrlpmybdj mdyuzxshey vkrlpmybdj jatkaoyfxb zumetrybth ebqxbaqnmm kdujdjjwot sinegnctim kdujdjjwot ebqxbaqnmm zumetrybth jatkaoyfxb vkrlpmybdj mdyuzxshey vkrlpmybdj jatkaoyfxb zumetrybth ebqxbaqnmm ljhmnbaicr owusjcmdkp oewptytlja owusjcmdkp ljhmnbaicr ebqxbaqnmm zumetrybth jatkaoyfxb vkrlpmybdj mdyuzxshey vkrlpmybdj tvcolajnao ouxenssqdu qydclznxrd cmdqzmgvfi zpybghfdbe lndsfxewdc wtjzgzopuw euqbrkzdsw wtjzgzopuw lndsfxewdc zpybghfdbe cmdqzmgvfi qydclznxrd ouxenssqdu tvcolajnao vkrlpmybdj mdyuzxshey vkrlpmybdj tvcolajnao qcktwemqbm wkwwcqjtxf zjbarjhmau bulywvvpni siatqqydwf ixyurvbpvu gwnccktgki ixyurvbpvu siatqqydwf bulywvvpni zjbarjhmau wkwwcqjtxf qcktwemqbm tvcolajnao vkrlpmybdj mdyuzxshey vkrlpmybdj tvcolajnao qcktwemqbm wkwwcqjtxf zjbarjhmau bulywvvpni siatqqydwf ahqdrcepub siatqqydwf bulywvvpni zjbarjhmau wkwwcqjtxf qcktwemqbm tvcolajnao vkrlpmybdj mdyuzxshey vkrlpmybdj tvcolajnao ouxenssqdu qydclznxrd cmdqzmgvfi tmrnpjqnxx wtlzrefwav jrmlkfexfk gllungmori rkyixxpcbx gllungmori jrmlkfexfk wtlzrefwav tmrnpjqnxx cmdqzmgvfi qydclznxrd ouxenssqdu tvcolajnao vkrlpmybdj mdyuzxshey vkrlpmybdj tvcolajnao ouxenssqdu qydclznxrd cmdqzmgvfi tmrnpjqnxx wtlzrefwav epdwcjuvdr wtlzrefwav tmrnpjqnxx cmdqzmgvfi qydclznxrd ouxenssqdu tvcolajnao vkrlpmybdj mdyuzxshey vkrlpmybdj tvcolajnao ouxenssqdu qydclznxrd cmdqzmgvfi tmrnpjqnxx wtlzrefwav hsjqtjkukk smwxdupkdv aokbiptbzc smwxdupkdv hsjqtjkukk wtlzrefwav tmrnpjqnxx cmdqzmgvfi qydclznxrd ouxenssqdu tvcolajnao vkrlpmybdj mdyuzxshey vkrlpmybdj tvcolajnao ouxenssqdu qydclznxrd cmdqzmgvfi tmrnpjqnxx wtlzrefwav hsjqtjkukk smwxdupkdv koawdpgqdx unihwwnyqz qepegujmaa unihwwnyqz koawdpgqdx smwxdupkdv hsjqtjkukk wtlzrefwav tmrnpjqnxx cmdqzmgvfi qydclznxrd ouxenssqdu tvcolajnao vkrlpmybdj mdyuzxshey vkrlpmybdj tvcolajnao ouxenssqdu qydclznxrd psiebvskfb qydclznxrd ouxenssqdu tvcolajnao vkrlpmybdj mdyuzxshey
29
rkyixxpcbx eooyfwmxln rkyixxpcbx
ixyurvbpvu vugkhjygfe seeyrseflx optviwhmbr fznfvsgjhc
gllungmori gllungmori
vkrlpmybdj zmfuudfatm vkrlpmybdj
zumetrybth zumetrybth
zpybghfdbe wtyqwjwskq lbuiysostx
psiebvskfb psiebvskfb
epdwcjuvdr jqtguzxxsl hadchvmijq wynbxuuxru
koawdpgqdx koawdpgqdx
zpjhxyylhb tgbmxdmvwe
zjbarjhmau zjbarjhmau
euqbrkzdsw lkvobxyfca euqbrkzdsw
wtlzrefwav wtlzrefwav
oewptytlja jedsthbmzo nwlccbonas knfzsnhzvx xftptyrlvl oewptytlja
ahqdrcepub ahqdrcepub lazlsvgukx
kdujdjjwot kdujdjjwot
gwnccktgki gwnccktgki
qepegujmaa xtvbrolacp qepegujmaa
jatkaoyfxb bnmegnfgii jatkaoyfxb
cmdqzmgvfi qfbvncxldf cmdqzmgvfi
aokbiptbzc aokbiptbzc
ljhmnbaicr ljhmnbaicr
qcktwemqbm qcktwemqbm
mdyuzxshey mdyuzxshey mysadifwma
lndsfxewdc mswyvpdrsy lndsfxewdc
ebqxbaqnmm ebqxbaqnmm
owusjcmdkp lnicnhmajr owusjcmdkp
bulywvvpni bulywvvpni
qydclznxrd qydclznxrd
