0 46 0 45 0 21 0 1 0 10 0 26 0 38 0 87 0 47 152 47 0 47 0 78 0 9 0 84 0 83 0 90 0 53 0 49 0 11 0 57 0 54 0
21
46 100 101 104 105 106 107 110 111 170 171 172
0 102 103 116 117 134 135 138 139
87 108 109 126 127 128 129 149 150 151
45 112 113 122 123 173 174 175
10 114 115 197 198 199
53 118 119 176 177 178
38 120 121 146 147 148
49 124 125 194 195 196
11 130 131 179 180 181
84 132 133 143 144 145
57 136 137 188 189 190
21 140 141 142
152 152 153
47 154 164 165 166
1 155 156 157
26 158 159 160
9 161 162 163
83 167 168 169
90 182 183 184
78 185 186 187
54 191 192 193
