0 160 162 161 162 160 0 180 182 181 182 180 0 45 90 92 90 45 0 65 27 65 0 75 30 32 30 75 0 115 35 37 36 37 35 115 0 120 122 151 122 120 0 95 97 95 0 50 52 51 52 50 0 60 62 60 0 10 12 10 0 75 185 75 0 180 124 180 0 115 77 115 0
31
0 2 3 56 57 110 113 133
12 11 12 66
10 13 100
95 15 20 43 87 95 145 148
185 16 17 72 94 104 134 139 149 154 187
90 25 28 54 55
27 27 118
30 30
32 32 58
35 35 38 39
36 36
37 37
77 41 42 101 116 131 132 141 186
115 44 135 138
120 47 102 105 108 114 120 123
52 52
180 64 69 79 82 99 129 144 180 183 192
65 65 67 68 168
160 74 136 160 166
75 78
92 91 92
97 97
122 122
124 124 159 179 184 189
50 125 128
60 142
151 152
161 161
45 172 195 197
181 181
182 182
