loc0 loc193 loc49 loc120 loc180 loc120 loc49 loc193 loc0 loc193 loc49 loc157 loc3 loc183 loc186 loc87 loc168 loc141 loc168 loc87 loc186 loc183 loc3 loc157 loc49 loc193 loc0 loc103 loc166 loc151 loc187 loc151 loc166 loc103 loc0 loc148 loc104 loc176 loc23 loc125 loc197 loc125 loc23 loc176 loc104 loc148 loc0 loc121 loc31 loc112 loc38 loc173 loc128 loc74 loc110 loc74 loc128 loc173 loc38 loc112 loc31 loc121 loc0 loc175 loc154 loc146 loc154 loc175 loc0
27
loc180 loc1 loc9 loc18 loc27 loc36 loc39 loc45 loc48 loc54 loc55 loc57 loc63 loc72 loc81 loc82 loc84 loc90 loc91 loc99
loc173 loc2 loc29 loc56 loc83
loc3 loc3
loc157 loc4 loc21 loc67 loc85
loc38 loc5 loc38 loc41
loc183 loc6
loc187 loc7 loc16 loc61 loc70 loc88 loc97
loc197 loc8 loc17 loc26 loc35 loc44 loc53 loc71 loc80 loc89 loc98
loc175 loc10
loc110 loc11 loc47 loc92
loc120 loc12 loc22 loc66 loc75
loc193 loc13
loc176 loc14 loc32 loc59 loc68 loc77
loc141 loc15 loc24 loc42 loc51 loc52 loc60 loc69 loc78 loc96
loc154 loc19 loc46 loc64
loc146 loc20 loc28 loc37 loc65 loc73 loc100
loc23 loc23
loc151 loc25 loc34 loc43 loc79
loc186 loc30 loc93
loc31 loc31
loc87 loc33 loc87
loc148 loc40
loc49 loc49
loc104 loc50 loc76 loc95
loc103 loc58 loc94
loc125 loc62 loc86
loc74 loc74
