0 1 69 70 122 124 122 70 69 1 0 1 69 70 122 123 138 139 140 141 142 143 142 141 140 139 138 123 122 70 69 1 0 1 69 70 122 123 138 139 140 141 142 143 145 146 152 153 154 155 156 155 154 153 152 146 145 143 142 141 140 139 138 123 122 70 69 1 0 1 69 70 121 163 164 165 166 167 168 169 171 172 177 172 171 169 168 167 166 165 164 163 121 70 69 1 0 1 69 70 121 163 164 165 166 167 168 169 170 183 185 186 187 191 192 191 187 186 185 183 170 169 168 167 166 165 164 163 121 70 69 1 0 1 69 70 121 163 164 165 166 167 166 165 164 163 121 70 69 1 0 1 69 71 73 74 75 76 77 78 79 80 81 80 79 78 77 76 75 74 73 71 69 1 0 1 69 71 72 91 92 91 72 71 69 1 0 1 69 71 72 90 105 106 107 108 109 110 112 113 115 116 115 113 112 110 109 108 107 106 105 90 72 71 69 1 0 1 69 71 72 90 105 106 105 90 72 71 69 1 0 1 69 68 67 66 64 63 57 56 57 63 64 66 67 68 69 1 0 2 3 4 28 29 47 29 28 4 3 2 0 2 3 4 28 30 31 32 33 35 36 35 33 32 31 30 28 4 3 2 0 2 3 5 6 7 8 9 10 20 21 20 10 9 8 7 6 5 3 2 0 2 3 5 6 7 8 9 11 12 11 9 8 7 6 5 3 2 0
60
0 0
1 1
2 2
4 4
5 5
9 9
10 10 19
11 11
12 13 14 15 17 18
21 21 22 24 25 26 27
29 29
31 31
35 35
36 38 39
33 42
47 44 45 50
56 51 52 54 58 59
57 57
63 61 62 63
64 65
66 66
68 68
69 69
73 73
74 74
75 75
76 76
77 77
78 78
79 79
80 80
81 82 83
90 90
91 91 93 94 95 96
92 100 101
107 107
108 108
113 113
116 118 120
121 121
124 128 129 131 132 134 136 137
140 140
141 141
142 142
146 146 150
145 147 148
153 153
154 154
156 158 159
163 163
166 166
167 167
168 168
170 170
172 172
177 175 176 181
183 183
186 188
191 191
192 195 196 198 199
