0 1 2 5 6 9 11 14 11 9 6 5 2 1 0 1 2 5 6 9 11 14 33 38 42 38 33 14 11 9 6 5 2 1 0 1 2 5 6 9 11 14 33 38 42 44 45 44 42 38 33 14 11 9 6 5 2 1 0 1 2 5 6 9 11 14 33 38 42 44 49 51 53 51 49 44 42 38 33 14 11 9 6 5 2 1 0 1 2 5 6 9 11 14 33 38 42 44 49 50 52 54 58 62 64 73 64 62 58 54 52 50 49 44 42 38 33 14 11 9 6 5 2 1 0 1 2 5 6 9 11 14 33 38 42 44 49 50 52 54 58 62 63 75 76 77 78 79 81 82 90 82 81 79 78 77 76 75 63 62 58 54 52 50 49 44 42 38 33 14 11 9 6 5 2 1 0 28 26 24 26 28 0
23
2 3
5 4
6 7
9 8 10
14 13 15
90 18 19 86
24 20 21
26 25
28 27 30
33 35 36
38 37
42 42 43
44 47
45 48
53 53
54 55 56
58 59 60
63 63
62 70 71
73 73
75 74
78 78
81 80
