0 1 2 5 6 9 10 9 6 5 2 1 0 1 2 5 6 9 11 14 92 93 92 14 11 9 6 5 2 1 0 1 2 5 6 9 11 14 92 93 95 97 120 101 102 105 107 ViksNode 112 116 112 ViksNode 107 105 102 101 120 97 95 93 92 14 11 9 6 5 2 1 0 1 2 5 6 9 11 14 92 93 95 97 120 101 102 105 107 ViksNode 112 116 117 33 38 42 44 49 50 52 54 58 62 58 54 52 50 49 44 42 38 33 118 116 112 ViksNode 107 105 102 101 120 97 95 93 92 14 11 9 6 5 2 1 0 1 2 5 6 9 11 14 92 93 95 97 120 101 102 105 107 ViksNode 112 116 117 33 38 42 44 49 50 52 54 58 62 63 75 76 77 78 79 81 82 90 82 81 79 78 77 76 75 63 62 58 54 52 50 49 44 42 38 33 118 116 112 ViksNode 107 105 102 101 120 97 95 93 92 14 11 9 6 5 2 1 0 1 2 5 6 9 11 14 92 93 95 97 120 101 102 105 107 ViksNode 112 116 117 33 38 42 44 49 50 52 54 58 62 63 75 76 77 78 79 81 82 90 17 19 17 90 82 81 79 78 77 76 75 63 62 58 54 52 50 49 44 42 38 33 118 116 112 ViksNode 107 105 102 101 120 97 95 93 92 14 11 9 6 5 2 1 0 28 26 23 26 28 0
29
2 3
5 4
6 7
9 8
10 10
14 13 15
17 18
19 19
23 20 21 25
28 27 30
33 35 36
38 37
42 42 43
44 47 48
49 53
54 55 56
58 59 60
63 63
62 70 71 73
75 74
78 78
81 80
90 86
92 94
101 99 104 121 123
105 106 108
112 113 114
117 117
ViksNode 130
