1 8 66 8 1 9 1 38 1 31 1 44 77 44 1 18 70 18 1 7 74 7 1 28 1 6 1 37 1 19 1 27 63 27 1 17 96 17 1 43 50 43 1 30 1 36 83 36 1 46 1 33 1 20 1 47 93 47 1 11 78 11 1 12 1 15 85 15 1 40 71 40 1 23 55 23 1 14 89 14 1 25 1 13 58 13 1 21 1 32 80 32 1 39 69 39 1 48 88 48 1 42 59 42 1 24 1 10 65 10 1 45 1 35 1 4 67 4 1 26 1 2 57 2 1 29 73 29 1 5 76 5 1 34 1 41 1 3 92 3 1 22 81 22 1 16 49 16 1
48
49 49
50 50
26 51
12 52
24 53
19 54
55 55
6 56
57 57
58 58
59 59
28 60
21 61
34 62
63 63
20 64
65 65
66 66
67 67
37 68
69 69
70 70
71 71
33 72
73 73
74 74
45 75
76 76
77 77
78 78
1 79
80 80
81 81
46 82
83 83
9 84
85 85
25 86
35 87
88 88
89 89
38 90
31 91
92 92
93 93
41 94
30 95
96 96
