1 8 1 9 72 9 1 38 111 38 1 31 70 31 1 44 102 44 1 18 63 18 1 7 107 7 1 28 1 6 126 6 1 37 1 19 1 27 1 17 60 17 1 43 136 43 1 30 101 30 1 36 1 46 1 33 1 20 1 47 1 11 65 11 1 12 116 12 1 15 103 15 1 40 117 40 1 23 55 23 1 14 105 14 1 25 86 25 1 13 79 13 1 21 82 21 1 32 139 32 1 39 52 39 1 48 68 48 1 42 1 24 134 24 1 10 76 10 1 45 1 35 92 35 1 4 118 4 1 26 1 2 81 2 1 29 129 29 1 5 1 34 50 34 1 41 106 41 1 3 97 3 1 22 1 16 133 16 1
80
1 49 128
50 50
4 51
52 52
19 53 98
46 54 144
55 55
8 56 123
39 57
48 58
12 59
60 60
38 61
2 62
63 63
43 64
65 65
17 66
33 67 127
68 68
18 69
70 70
22 71 94
72 72
9 73
45 74 122
14 75
76 76
34 77
27 78 140
79 79
25 80
81 81
82 82
28 83 131
35 84
15 85
86 86
40 87
24 88
42 89 104
5 90 93
16 91
92 92
30 95
29 96
97 97
37 99 125
26 100 121
101 101
102 102
103 103
105 105
106 106
107 107
23 108
13 109
36 110 130
111 111
3 112
47 113 141
44 114
20 115 124
116 116
117 117
118 118
6 119
7 120
126 126
129 129
10 132
133 133
134 134
32 135
136 136
41 137
21 138
139 139
11 142
31 143
