g3ylJsdLuC idQHxtSnxr vnZBjkVngj M2hatQPY96 gTAImjNH8G M2hatQPY96 vnZBjkVngj idQHxtSnxr g3ylJsdLuC idQHxtSnxr 0mnwiU4XrT bserQRNqfz S8BtTu4yH9 bserQRNqfz 0mnwiU4XrT idQHxtSnxr g3ylJsdLuC idQHxtSnxr 0mnwiU4XrT 0SQlBVJ1YY fWIjO8yhE3 EG1t1o8YrR WDULGPTRTU EG1t1o8YrR fWIjO8yhE3 0SQlBVJ1YY 0mnwiU4XrT idQHxtSnxr g3ylJsdLuC idQHxtSnxr 0mnwiU4XrT 9LabQjTqkn QTNhZIciNJ qnkfLCmfDn yU6iUY8YgO qnkfLCmfDn QTNhZIciNJ 9LabQjTqkn 0mnwiU4XrT idQHxtSnxr g3ylJsdLuC idQHxtSnxr 0mnwiU4XrT 9LabQjTqkn dMOAUqH7Z3 9LabQjTqkn 0mnwiU4XrT idQHxtSnxr g3ylJsdLuC idQHxtSnxr 0mnwiU4XrT 9LabQjTqkn vUu8ijgxxf KUJdxKVZFO fXy828RCG4 KUJdxKVZFO vUu8ijgxxf 9LabQjTqkn 0mnwiU4XrT idQHxtSnxr g3ylJsdLuC idQHxtSnxr 0mnwiU4XrT 9LabQjTqkn vUu8ijgxxf ZqWjuL44qr vUu8ijgxxf 9LabQjTqkn 0mnwiU4XrT idQHxtSnxr g3ylJsdLuC idQHxtSnxr 0mnwiU4XrT uqBwmUCwgE 4TTtdOaCTp O6QhQ7e2YE 4TTtdOaCTp uqBwmUCwgE 0mnwiU4XrT idQHxtSnxr g3ylJsdLuC
21
0mnwiU4XrT 0mnwiU4XrT wRn7Oi1bcW XlU2fx0ZPn u4LnQNaaiz
uqBwmUCwgE oCk2Yieytb u4FAx2sHZm g2I4si69gU 1TfvXd6dPZ 2OsmeZV9xh mbSdju1TJK RN0bCAV6rQ
gTAImjNH8G 97ZNlakBoq bWDewy6WbV bhojeHeddF IT4pKw3giW aEo62SfMqH
0SQlBVJ1YY oWmQcQwHPo TyL7NE2puV Pz3egMzKU8 srT70dfQEr gZXiityEnU
vnZBjkVngj oVMPVsMWrZ LeZK9UvMT9 x7iq98BiN3 Pv5LMSkQii
EG1t1o8YrR mwzQG3SxnO 8KtuAXHUy3
fWIjO8yhE3 s3eMpsYH00 IA0Uf143OT JD3uem81Lg uvoepIQg9n 0hs3CNDF4L KHDeTTvJC1
qnkfLCmfDn 723MhcLxt0 Pijq8aHqIR oEdovEhrWM z9nRKYQ1ub 12ECENJIev qnkfLCmfDn lfdanPGo3c
9LabQjTqkn LCKLTNE1vp TBzLS0OAYU emYRLTiyj9
vUu8ijgxxf vUu8ijgxxf t25XjDwQhD r8njDwxc2t bsEkAY2K41 yvMowGbkvn Q1N77BLmyb
QTNhZIciNJ CSjLrGbUz3 1QXjsHNYao QTNhZIciNJ 2S929yZddP h5Si5BAPN0 xtp1B5q0W1
yU6iUY8YgO WcyuqGYOzU pk0Vh75DnH yU6iUY8YgO
idQHxtSnxr QrJxLpX875 dj8JMfo3hX BUMLJo6sc3 jPXsbXPNMq onlLq65Azx idQHxtSnxr fecMfiAuGC
4TTtdOaCTp 4znnlMjVra FvzkpZRSj8 Oiowits7js YpRs8m6oyX biWuM2iRnz
M2hatQPY96 CxfzSa2YOV tubjzjzUpV M2hatQPY96
bserQRNqfz KpxiCfRqh3 2O61j91J3T K05xB79KZo
S8BtTu4yH9 Tk8ERvdKxF oIVQ2qkgnR WAi18jd2vJ S8BtTu4yH9
KUJdxKVZFO KUJdxKVZFO nKHFs5cKTX 03xK87sjTf 0wTk0mYkLH yky49wE4YG WRd4lScvm6 7g0Idy1nzK BNkM7qaRNw
fXy828RCG4 uIf3wnJUdn fXy828RCG4 GQ4F0g3Mdj XW1Wn7EqpN TP2TNyk7wl
ZqWjuL44qr qjDSEKmZMW 5SSy593K31 YAqGe4tKAP jBYJ7v19BQ WvFZJEkTrw
dMOAUqH7Z3 dMOAUqH7Z3 CUEWGmB7Gt
