6Zg7j6t8kt ka4cgDWgq7 GSDEYlNcCM 97dvK2Az7S ViIGFkuCy7 ShiApsZfxN ViIGFkuCy7 97dvK2Az7S GSDEYlNcCM ka4cgDWgq7 6Zg7j6t8kt ka4cgDWgq7 GSDEYlNcCM 97dvK2Az7S eQGeDFyUBy 97dvK2Az7S GSDEYlNcCM ka4cgDWgq7 6Zg7j6t8kt ka4cgDWgq7 HpRVhY9Btb OF1HL5xl4P KpPj50fAfy OND9LnuOus KpPj50fAfy OF1HL5xl4P HpRVhY9Btb ka4cgDWgq7 6Zg7j6t8kt lrFRnKniRv MpRNDD0glq bc4pLp9tiD cqCbnI2bkr bc4pLp9tiD MpRNDD0glq lrFRnKniRv 6Zg7j6t8kt lrFRnKniRv MpRNDD0glq 4ViGHxfdlc 0gqiqztWgj 4ViGHxfdlc MpRNDD0glq lrFRnKniRv 6Zg7j6t8kt wXTrLT9dUx ECFKqOm791 fbxiHLAsv4 rCrtLJTXdv fbxiHLAsv4 ECFKqOm791 wXTrLT9dUx 6Zg7j6t8kt
18
GSDEYlNcCM GSDEYlNcCM H0NdoJawvz ESDdDChkYw s8EkvbOYAX 4JtfcKJvHu
ka4cgDWgq7 ka4cgDWgq7 M9d0z6OccV
wXTrLT9dUx wXTrLT9dUx dojrtYXceT 1aPtXDhYtV 8pgnfE3xKu
KpPj50fAfy KpPj50fAfy 7cteJXIZM1 vCSWEyz4PC EZQ9HUGjRN
OF1HL5xl4P TH1GgoG5GU Octagmmhko
cqCbnI2bkr NgxnYo41LY cqCbnI2bkr b3jUAAPOlA 4lUeyqYb0U
bc4pLp9tiD iyQiEnpG35 uXkvSfF7Kv OGWcs2X8pk
97dvK2Az7S oRs9wR3IGE 97dvK2Az7S Dkc5CxJ6RV
ECFKqOm791 4RZs4XFvF9 G05S6XZiBa YZKJeBb8Pe
eQGeDFyUBy Iroa6leixY YrPP1U1r20 ckEVpwA8CD I1RTFIGWhc YQKcyMibnc
OND9LnuOus N08DpqDewo
fbxiHLAsv4 1koyFI8rlU 79JJ9GZF8c fbxiHLAsv4
4ViGHxfdlc 4ViGHxfdlc OpwMnuSGmp
lrFRnKniRv lrFRnKniRv
HpRVhY9Btb zH4Z0p0Ftj vD4d0BZ03p VWD9Yy5Xrg
rCrtLJTXdv tvKOOMQ7Sv
0gqiqztWgj fhmE7A9rVl UgxUR9jKcJ 0gqiqztWgj
MpRNDD0glq MpRNDD0glq
