153 170 30 93 30 170 153 165 134 143 87 143 134 165 153 24 1 121 1 24 153 24 53 138 53 24 153 137 91 40 91 137 153 114 67 46 67 114 153 20 7 20 153
21
87 50 128
91 81 41 19 163 172 108 26 37
40 83 40 56 23 90 197 160 42 35 2 187 122 98 3 169 147 171 8
24 96 99
30 29 120 36 47 34
114 89 49 152 168 74
7 7 13 196 124 182
46 126 86 16 136 127 194 135
138 180 70 140 60 131 43 0 138 61
121 178 195 21
1 95 119 184
93 188 93 167 12 58 129
53 77 192 5 161 68 145 53 112 118
20 20
153 153
137 137 177 88 52 179
143 79 156
170 15 170 113
67 146 4 28
134 134 150
165 11
