Chattanooga OklahomaCity Lincoln Madison Lincoln OklahomaCity Chattanooga Boise SanBernardino Tucson SanBernardino Boise Chattanooga MorenoValley Henderson MorenoValley Chattanooga Cleveland Chesapeake VirginiaBeach Chesapeake Cleveland Chattanooga ElPaso Dayton Plano Fresno OuterHaven Fresno Plano Dayton ElPaso Chattanooga Cleveland NewOrleans FortLauderdale Savannah SaltLakeCity Savannah FortLauderdale NewOrleans Cleveland Chattanooga ElPaso CorpusChristi NorthLasVegas CorpusChristi ElPaso Chattanooga
21
MorenoValley NewYork Charlotte Anaheim Durham ChulaVista Tallahassee Springfield Pomona
NewOrleans LosAngeles Washington Aurora Lexington Newark Fayetteville Waco
Fresno Chicago Buffalo Lubbock GrandRapids Worcester Corona Paterson Olathe
FortLauderdale Phoenix SanDiego Indianapolis Riverside Anchorage Scottsdale DesMoines Tempe FortLauderdale NewportNews Surprise
Cleveland SanAntonio Cleveland
SanBernardino SanJose Jacksonville Honolulu Fremont Tacoma SanBernardino Oxnard
Plano Austin Plano Orlando Yonkers LittleRock PortStLucie Vancouver Salem
VirginiaBeach FortWorth Cincinnati Glendale
Savannah SanFrancisco Savannah McAllen Murfreesboro
OuterHaven Boston Louisville Spokane GrandPrairie Naperville
ElPaso ElPaso Knoxville
CorpusChristi Memphis Wichita Ontario Berkeley
Boise Baltimore Boise
Henderson KansasCity Henderson Toledo SantaClarita Frisco GardenGrove Hayward Orange
OklahomaCity Raleigh SantaAna SaintPaul Irvine Fontana Syracuse
Dayton Bakersfield BatonRouge Brownsville Oceanside Midland
Lincoln Lincoln
Madison Madison Shreveport Joliet Denton
SaltLakeCity Richmond
Tucson Akron
NorthLasVegas CapeCoral Jackson Alexandria
