Porterton Wallton Davisstad Wallton Porterton Wallton Derekmouth Charlesberg Derekmouth Wallton Porterton Wallton Derekmouth Geraldside Derekmouth Wallton Porterton Wallton Danielleport Melissaview Danielleport Wallton Porterton Wallton Danielleport Cooperton Danielleport Wallton Porterton Dianashire Burgessview Billton Burgessview Dianashire Porterton Dianashire Burgessview Williamfort Burgessview Dianashire Porterton Dianashire Burgessview Williamfort Moodyburgh Williamfort Burgessview Dianashire Porterton Dianashire Burgessview Marcusburgh Burgessview Dianashire Porterton Dianashire Burgessview Marcusburgh Matthewburgh Bondfort Matthewburgh Marcusburgh Burgessview Dianashire Porterton Dianashire Ashleyborough Osborneville Payneview Osborneville Ashleyborough Dianashire Porterton Dianashire Ashleyborough Clarkberg Burtonview Murphyside Burtonview Clarkberg Ashleyborough Dianashire Porterton Dianashire Ashleyborough Paulburgh Walltown Paulburgh Ashleyborough Dianashire Porterton Dianashire Ashleyborough Dianashire Porterton
19
Paulburgh Abigailhaven Swansonshire
Walltown Williamshire Jacksonview Danielville Combsville Reynoldsview Maryport
Charlesberg Osbornemouth Kimberlyburgh Tannerhaven Clarkport Andrewschester Bradberg Ellisstad Candiceland Patriciabury Troyfort Thomasmouth Adamside
Davisstad Bondmouth Jonesfurt Jermaineton Josephstad Clarkbury Mercedesmouth Taylorton Suttonville Rioshaven
Moodyburgh Smithfort Masseyside Thomasborough Millerborough Ortegaberg
Melissaview Thompsonshire Annberg Christyland Dyerport Watsonville Houstonchester Robertomouth
Cooperton Adamport Adkinsberg
Williamfort Mindyview Loweryborough Vickiville Codyton Garciamouth Leahmouth Byrdfurt Ryanside Holthaven
Clarkberg Michaelview Clarenceview
Geraldside Ramosborough Gabrielburgh Kylieview Fordhaven Hallborough Hodgesstad Joneschester Cranemouth
Bondfort Shawnmouth Harrisborough Adamview Priceville Buckleyside
Derekmouth Audreyfort Nealfurt Susanfort Patriciaside
Payneview Calvinton Smithtown Abigailville Feliciaville Brendaview Harrisport Jennifertown Christopherhaven Clarkborough Jacksonland
Billton Parkermouth Michaelville Williamland Shawnfort
Matthewburgh Robinsonmouth Horneside Johnsonberg
Marcusburgh Wilsonstad Williamschester Ortizberg Hansonbury Mirandaview
Osborneville Candaceborough Dannyside
Murphyside Derekville Jameston Bakertown
Danielleport Hallstad Haleview
