Hernandezville Beckyshire Derekton Wagnerton Williamsfort Wagnerton Derekton Beckyshire Hernandezville Beckyshire Ponceville Garymouth Camposstad Williamsville Camposstad Garymouth Ponceville Beckyshire Hernandezville Beckyshire Ponceville Mcculloughchester Jonestown Kellyfort Tinatown Kellyfort Jonestown Mcculloughchester Ponceville Beckyshire Hernandezville Beckyshire Ponceville Bridgesville Esparzaberg Thomasburgh Esparzaberg Bridgesville Ponceville Beckyshire Hernandezville Beckyshire Ponceville Bridgesville Riveramouth Bridgesville Ponceville Beckyshire Hernandezville Joelview Mitchellchester Lopezmouth Dixonton Lopezmouth Mitchellchester Joelview Hernandezville Joelview Downsville Williammouth Downsville Joelview Hernandezville Joelview Farmerside Ralphtown Stricklandbury Tylermouth Deanstad Tylermouth Stricklandbury Ralphtown Farmerside Joelview Hernandezville Joelview Farmerside Gabriellabury Courtneyfurt Gabriellabury Farmerside Joelview Hernandezville
23
Kellyfort Kellyfort Pittsland
Garymouth Johnsontown Crystaltown
Downsville Tammychester Rebeccaton
Thomasburgh Johnsonmouth Thomasburgh Sanchezland
Derekton Johnport Belindamouth Amberfurt
Ralphtown Charlesburgh Angelaview
Jonestown Barbarachester Jonesberg
Esparzaberg Kristinbury Allenberg
Camposstad Donaldstad Thomastown
Courtneyfurt Contrerasland Morrisbury
Tinatown Tinatown
Mcculloughchester Smithmouth Robertborough
Gabriellabury Hendersonchester
Bridgesville Josephton Wilsonburgh Harristown
Riveramouth Martinton Bradshawside Wandaside Brianland Deborahfort
Dixonton Andrewland Aprilstad Keithton Richardville Francesmouth
Lopezmouth Emilymouth Lopezview Robertsfort
Tylermouth Tylermouth
Williammouth Haasville
Farmerside Adkinsfurt Johnstonmouth Mcdonaldmouth
Mitchellchester Huynhton
Williamsville Williamsville
Deanstad Deanstad
