dldkilltnmhfepsteins msddkilllthepsteinfn tldkillhsfnmepsteind depsteinlfnmkilldsht dkillfepsteinnhdmtls sdndhepsteinltkillfm dkillfepsteinnhdmtls depsteinlfnmkilldsht tldkillhsfnmepsteind msddkilllthepsteinfn dldkilltnmhfepsteins msddkilllthepsteinfn dlfdkilltepsteinhnms hsepsteinfkillnmddtl fmtnkilldepsteindhsl hsepsteinfkillnmddtl dlfdkilltepsteinhnms msddkilllthepsteinfn dldkilltnmhfepsteins msddkilllthepsteinfn tldkillhsfnmepsteind nepsteinfthdldmkills tldkillhsfnmepsteind msddkilllthepsteinfn dldkilltnmhfepsteins msddkilllthepsteinfn tldkillhsfnmepsteind mfndlsdepsteinhkillt fdmtdepsteinkilllsnh mfndlsdepsteinhkillt tldkillhsfnmepsteind msddkilllthepsteinfn dldkilltnmhfepsteins msddkilllthepsteinfn tldkillhsfnmepsteind mfndlsdepsteinhkillt tldkillhsfnmepsteind msddkilllthepsteinfn dldkilltnmhfepsteins msddkilllthepsteinfn tldkillhsfnmepsteind nepsteinfthdldmkills killdldepsteinmfsthn smtepsteinkilldfnhdl killdldepsteinmfsthn nepsteinfthdldmkills tldkillhsfnmepsteind msddkilllthepsteinfn dldkilltnmhfepsteins msddkilllthepsteinfn tldkillhsfnmepsteind depsteinlfnmkilldsht tsmdepsteinkillhfdln sepsteindhmnltkillfd tsmdepsteinkillhfdln depsteinlfnmkilldsht tldkillhsfnmepsteind msddkilllthepsteinfn dldkilltnmhfepsteins msddkilllthepsteinfn dlfdkilltepsteinhnms killmdshdtnflepstein fthlkillnepsteindsdm epsteinhnkillsldfdmt mkilldlshdtfepsteinn epsteinhnkillsldfdmt fthlkillnepsteindsdm killmdshdtnflepstein dlfdkilltepsteinhnms msddkilllthepsteinfn dldkilltnmhfepsteins msddkilllthepsteinfn dlfdkilltepsteinhnms fhnmkillepsteinsdltd dftkillhmldnepsteins fhnmkillepsteinsdltd dlfdkilltepsteinhnms msddkilllthepsteinfn dldkilltnmhfepsteins msddkilllthepsteinfn tldkillhsfnmepsteind depsteinftndhmkillsl tldkillhsfnmepsteind msddkilllthepsteinfn dldkilltnmhfepsteins
21
depsteinftndhmkillsl fmltddhnepsteinskill killtdmsdfhnepsteinl depsteinftndhmkillsl fsepsteindkillhmtdln epsteindkilltlmnhsfd hepsteinnfdmlsdtkill
fhnmkillepsteinsdltd tdfkillslepsteinhdmn dkillnmhldstfepstein fhnmkillepsteinsdltd mhkillepsteinddlfsnt
sdndhepsteinltkillfm hnskillepsteintfdmld mdkillntepsteindfhsl tdkillepsteinsmhdfnl lmkillepsteintsndfhd sdndhepsteinltkillfm dfkilllepsteinsnmhtd tndskilldfepsteinmhl lhsntdepsteindkillmf depsteinslkillhdftmn depsteintkilllnmsfdh hepsteinntdkillsdmfl
mkilldlshdtfepsteinn nfltdmkillsdepsteinh dhsepsteintlkillmfnd mkilldlshdtfepsteinn epsteinhdkillltsmfdn
nepsteinfthdldmkills lsmftnepsteinkillhdd fddsmepsteintnkillhl skillthlfndepsteindm mkillthfdlnepsteinds sldhnfmtdkillepstein epsteinsnmflhtdkilld hnsepsteinmkillfddtl dtsmdnlhfepsteinkill skillmfepsteinthddnl
epsteinhnkillsldfdmt epsteinhnkillsldfdmt nmdhepsteinkilltfsld
fmtnkilldepsteindhsl dlshdtepsteinnkillfm fhdmnepsteindkillslt epsteintfhndkilllmsd fmtnkilldepsteindhsl mkillldnhepsteinstfd
tsmdepsteinkillhfdln tsmdepsteinkillhfdln killfthnmsdlepsteind lkilldtnmsepsteindfh dhmkillfdltnsepstein
killdldepsteinmfsthn killtdslhfdepsteinnm killdldepsteinmfsthn epsteinfthkilldnslmd shfnmltepsteindkilld dnldkillhmfstepstein dhtepsteinkillsdflmn
sepsteindhmnltkillfd msepsteintlhnfkilldd ntmdhepsteinsdkillfl sndldftmkillepsteinh killdepsteinmfltdshn killhtdmdlnsfepstein thdlskillnfdmepstein epsteinlmkillfshnddt killtepsteinddhlmnsf tsdnhkilllmepsteindf dmtlsfhnkilldepstein hmdkilllnepsteinfsdt lepsteinkilldhfmstnd
dftkillhmldnepsteins ndshkilldmlepsteinft mndtkillepsteindlfhs ndkillthdepsteinlsmf dtnkillsepsteinmdfhl hmndfkillslepsteintd
killmdshdtnflepstein fdskillndtmepsteinlh dkillnmsfhtlepsteind
dkillfepsteinnhdmtls tepsteinmdfldhnskill ltfnsdhepsteinkilldm
depsteinlfnmkilldsht slepsteinkillfmddhtn lhepsteintndkilldsmf depsteinlfnmkilldsht
mfndlsdepsteinhkillt killmfndshdtepsteinl sdlhfnmdepsteintkill ldepsteindhkilltsmfn dmldfhskillntepstein dfdepsteintlnskillhm tepsteinhsdkillmldfn
msddkilllthepsteinfn msddkilllthepsteinfn killthsepsteindmlfdn
tldkillhsfnmepsteind tldkillhsfnmepsteind
fthlkillnepsteindsdm nftmskilldldepsteinh lepsteindnhstfdmkill thnkillmddsepsteinfl mdkillnlsdtepsteinhf
hsepsteinfkillnmddtl epsteindmshtfldnkill hsepsteinfkillnmddtl ldfsmnepsteinkilltdh
fdmtdepsteinkilllsnh killhdfnsepsteinmltd nepsteindhkillltmsfd epsteinldtnfmshdkill dflstmkillepsteindhn lkillepsteintdshmfnd fdmtdepsteinkilllsnh mdkilllfdnstepsteinh mhdskillldftnepstein
dlfdkilltepsteinhnms dlfdkilltepsteinhnms
