location12 location84 location19 location8 location57 location8 location19 location84 location12 location84 location22 location15 location69 location92 location69 location15 location22 location84 location12 location84 location19 location42 location54 location42 location19 location84 location12 location84 location22 location6 location70 location6 location22 location84 location12 location84 location19 location42 location36 location72 location32 location72 location36 location42 location19 location84 location12 location84 location19 location23 location53 location67 location77 location67 location53 location23 location19 location84 location12 location84 location22 location89 location63 location29 location63 location89 location22 location84 location12
18
location72 location0 location72 location74 location94
location19 location1 location19 location60
location29 location5
location77 location11 location77
location12 location12
location36 location13 location36
location54 location14 location54
location53 location16
location8 location24
location67 location26 location51 location67
location63 location27 location63
location6 location28
location57 location31 location57
location15 location35 location49
location42 location71
location23 location79
location32 location86 location87
location89 location89
