location34 location19 location34 location19 location79 location19 location34 location59 location89 location94 location89 location59 location34 location133 location125 location165 location125 location133 location34 location133 location32 location104 location32 location133 location34 location133 location32 location104 location182 location104 location32 location133 location34 location192 location53 location92 location53 location192 location34 location59 location77 location142 location77 location59 location34 location192 location53 location177 location53 location192 location34
18
location79 location0 location6 location9 location27 location38 location47 location55 location64 location79 location96 location119 location122 location135 location174 location180 location194
location53 location2
location89 location3 location89 location176
location59 location11 location59 location167
location177 location12 location24 location28 location45 location54 location68 location72 location115 location117 location177 location187
location192 location15 location23 location192
location165 location17 location37 location71 location107 location132 location143 location149 location151 location155 location162 location164 location181 location189
location182 location21 location52 location91 location136 location137
location34 location34 location39
location125 location46 location125
location92 location60 location90 location92 location114 location131 location134 location139 location170
location104 location76 location105 location111 location130 location159 location175 location188
location77 location86 location103 location161
location142 location88 location120 location142 location158 location163
location19 location98 location172 location197 location199
location94 location99 location121 location140
location32 location109 location144
location133 location157
