0 64 60 144 60 64 0 15 164 15 0 92 159 2 159 92 0 15 23 196 23 15 0 43 12 43 0 43 100 46 100 43 0 74 33 74 0 160 41 79 11 26 11 79 41 160 0 160 41 160 0
20
100 100 163
43 101 102 105
12 103 115 121 122 154 165 173 174 177 178
60 104 139 140 141 142 143 166 189 190 191 192
33 106 107 108 124 125 126 128 133 135 167 168 179 180 185 186 197
23 109 110 111 118 120 155 156 169 170 175
64 112 113 114 171 172
164 116 164
15 117
2 119 123 136 137 138 148 150 176 187 188
41 127 129 131 132 134 181 182 184
46 130 183
144 144
11 145 146 147 151 152 193 194 198
196 149 195 196
26 153
92 157 158
159 159
160 160 161
0 162
