0 1 3 8 17 36 17 8 3 1 0 1 3 8 17 35 71 35 17 8 3 1 0 1 3 8 17 35 72 35 17 8 3 1 0 1 3 8 18 38 77 38 18 8 3 1 0 1 3 8 18 38 78 38 18 8 3 1 0 1 3 8 18 37 18 8 3 1 0 1 3 7 16 34 16 7 3 1 0 1 3 7 16 33 68 33 16 7 3 1 0 1 3 7 15 32 66 32 15 7 3 1 0 1 3 7 15 32 65 32 15 7 3 1 0 1 3 7 15 31 15 7 3 1 0 1 4 9 20 42 85 42 20 9 4 1 0 1 4 9 20 42 86 42 20 9 4 1 0 1 4 9 20 41 83 41 20 9 4 1 0 1 4 9 20 41 84 41 20 9 4 1 0 1 4 9 19 40 82 40 19 9 4 1 0 1 4 9 19 40 81 40 19 9 4 1 0 1 4 9 19 39 19 9 4 1 0 1 4 10 22 45 92 45 22 10 4 1 0 1 4 10 22 45 91 45 22 10 4 1 0 1 4 10 22 46 93 46 22 10 4 1 0 1 4 10 22 46 94 46 22 10 4 1 0 1 4 10 21 44 21 10 4 1 0 1 4 10 21 43 88 43 21 10 4 1 0 1 4 10 21 43 87 43 21 10 4 1 0 2 5 11 24 49 24 11 5 2 0 2 5 11 24 50 24 11 5 2 0 2 5 11 23 48 97 48 23 11 5 2 0 2 5 11 23 48 98 48 23 11 5 2 0 2 5 11 23 47 23 11 5 2 0 2 5 12 25 12 5 2 0 2 5 12 26 12 5 2 0 2 6 13 28 57 28 13 6 2 0 2 6 13 27 13 6 2 0 2 6 14 29 59 29 14 6 2 0 2 6 14 29 60 29 14 6 2 0 2 6 14 30 61 30 14 6 2 0 2 6 14 30 62 30 14 6 2 0 2 6 14 6 2 0
40
49 100 199
50 101 102
25 103 104 105 106
26 107 108 109 110
27 111 112 113 114
57 115 116
28 117 118
59 119 120
60 121 122
61 123 124
62 125 126
31 127 128 129 130
65 131 132
66 133 134
33 135 136
68 137 138
34 139 140 141 142
71 143 144
72 145 146
36 147 148 149 150
37 151 152 153 154
77 155 156
78 157 158
39 159 160 161 162
81 163 164
82 165 166
83 167 168
84 169 170
85 171 172
86 173 174
87 175 176
88 177 178
44 179 180 181 182
91 183 184
92 185 186
93 187 188
94 189 190
47 191 192 193 194
97 195 196
98 197 198
