0 1 3 7 16 34 16 7 3 1 0 1 3 7 15 32 66 32 15 7 3 1 0 1 3 8 17 8 3 1 0 1 3 8 18 8 3 1 0 1 4 9 19 40 82 40 19 9 4 1 0 1 4 9 20 42 20 9 4 1 0 1 4 10 21 43 87 43 21 10 4 1 0 1 4 10 22 46 94 46 22 10 4 1 0 2 5 11 23 47 23 11 5 2 0 2 5 12 25 52 25 12 5 2 0 2 6 14 30 14 6 2 0 2 6 13 27 13 6 2 0
28
11 50 99
25 51
52 52
12 53 54
27 55 56
13 57 58
14 59 60
30 61 62
15 63 64
32 65
66 66
16 67 68
34 69 70
17 71 72 73 74
18 75 76 77 78
19 79 80
40 81
82 82
20 83 84
42 85 86
87 87
43 88
21 89 90
22 91 92
46 93
94 94
47 95 96
23 97 98
