1 4 2 98 83 87 91 97 0 95 94 72 86 22 45 42 45 22 86 72 94 95 0 97 91 87 83 98 2 4 1 4 2 98 83 87 91 97 0 95 94 72 86 22 45 44 16 80 78 76 89 88 24 67 81 63 81 67 24 88 89 76 78 80 16 44 45 22 86 72 94 95 0 97 91 87 83 98 2 4 1 4 2 98 83 87 91 97 0 95 94 72 86 22 45 44 16 80 78 76 89 88 24 67 81 49 38 57 61 57 38 49 81 67 24 88 89 76 78 80 16 44 45 22 86 72 94 95 0 97 91 87 83 98 2 4 1 4 2 98 83 87 91 97 0 95 94 72 86 22 45 44 16 80 78 80 16 44 45 22 86 72 94 95 0 97 91 87 83 98 2 4 1 4 2 98 83 87 91 97 0 95 94 72 86 22 45 27 29 39 40 18 73 30 23 28 31 50 32 26 41 19 41 26 32 50 31 28 23 30 73 18 40 39 29 27 45 22 86 72 94 95 0 97 91 87 83 98 2 4 1 4 2 98 83 87 91 97 0 95 94 72 86 22 45 27 29 39 40 18 73 30 23 28 31 50 32 26 41 19 36 37 65 12 8 13 14 33 20 11 20 33 14 13 8 12 65 37 36 19 41 26 32 50 31 28 23 30 73 18 40 39 29 27 45 22 86 72 94 95 0 97 91 87 83 98 2 4 1 4 2 98 83 87 91 97 0 95 94 72 86 22 45 27 29 39 40 18 73 30 23 28 31 50 31 28 23 30 73 18 40 39 29 27 45 22 86 72 94 95 0 97 91 87 83 98 2 4 1
22
11 6 7
1 15
16 16 85
20 20
24 24
49 34 49 52 53 55 56 59 70 74
36 36
38 38
42 42
44 44
45 45 46 47 48 51 54 64 99
57 57
81 58 60 62 66 68 69 81 82 90
61 61 77 79
63 63
67 67 75
76 76
78 78
80 80
88 88
89 89
94 94
