5 94 39 92 39 94 5 94 165 7 182 7 165 94 5 94 2 60 2 7 165 94 5 94 109 82 112 180 28 180 112 82 109 94 5 94 109 192 119 71 111 71 119 192 109 94 5 94 165 7 121 34 138 69 153 69 138 34 121 7 165 94 5 35 116 95 23 95 116 35 5 94 165 42 44 86 70 86 44 42 165 94 5
28
82 1 37 48 53 101 146 174
2 2
34 9 11 14 17 34 47 56 64 68 76 80 81 91 123 133 158 194
112 10 77 83 102 103 104 140 143 170 171 189 196 199
192 16 18 96 100 177 192
94 20
35 22 110 135 188
182 25 173
70 26 78 184
28 28
180 31 180
69 32 51 69 183
5 33
39 39
119 41 43 67 156
42 42 137
44 44
165 46 63 154 164 187 193
116 50 116
121 52 157
138 55 61 138
109 58 75 122 151 152 162 168 179
71 71 178
86 85
92 92
23 99
60 105 149 159
153 153
