A29 A5 A55 A42 A55 A5 A29 A5 A55 A61 A7 A2 A96 A9 A96 A2 A7 A61 A55 A5 A29 A5 A79 A65 A54 A3 A54 A65 A79 A5 A29 A5 A57 A11 A21 A11 A57 A5 A29 A5 A57 A11 A38 A15 A44 A15 A38 A11 A57 A5 A29 A5 A72 A81 A24 A78 A24 A81 A72 A5 A29 A5 A72 A19 A95 A19 A72 A5 A29
20
A2 A2
A3 A3 A12 A85 A89
A15 A6 A15 A30 A82 A88
A21 A10 A31 A36 A39 A51 A92
A7 A13 A53 A68 A77 A90 A97
A61 A14
A55 A16 A55 A99
A81 A18 A28 A34 A60 A91
A19 A26 A69 A73
A5 A27
A29 A29 A52 A67
A65 A32 A65
A96 A35 A96
A38 A38
A57 A47 A66
A54 A54
A78 A59
A72 A72
A79 A79
A95 A95
