A42 A100 A184 A60 A184 A100 A42 A100 A184 A60 A156 A165 A72 A165 A156 A60 A184 A100 A42 A100 A183 A43 A163 A13 A167 A9 A167 A13 A163 A43 A183 A100 A42 A100 A183 A87 A1 A77 A1 A87 A183 A100 A42 A100 A183 A43 A163 A43 A183 A100 A42 A71 A153 A158 A11 A122 A160 A122 A11 A158 A153 A71 A42 A100 A78 A107 A186 A67 A186 A107 A78 A100 A42 A100 A78 A107 A186 A107 A78 A100 A42 A100 A78 A107 A101 A95 A195 A32 A195 A95 A101 A107 A78 A100 A42 A147 A132 A98 A63 A30 A63 A98 A132 A147 A42 A71 A61 A180 A40 A73 A53 A73 A40 A180 A61 A71 A42 A147 A132 A98 A132 A147 A42
35
A98 A0 A16 A98 A103 A139 A144 A148 A192
A67 A2 A5 A35 A67 A130 A135 A136
A30 A3 A30 A46 A90 A189 A191 A196
A77 A4 A45 A77 A126 A179
A63 A7 A21 A118 A120 A128 A159 A198
A9 A9 A105
A13 A13 A70 A75 A88 A113 A142
A158 A17
A40 A20 A40 A193
A184 A23 A184
A95 A28 A95 A96 A177
A32 A32 A127 A137
A101 A33 A106
A186 A34 A64 A94 A111 A143
A72 A37 A54 A72 A102 A114 A181 A182
A53 A38 A57 A58 A176
A195 A39 A76
A42 A42
A43 A43 A84
A11 A51
A165 A65 A82 A194
A71 A71
A78 A78
A60 A92
A153 A93 A185
A100 A100
A107 A107
A87 A117
A122 A122
A73 A123 A172
A163 A124 A145
A132 A132
A147 A154
A167 A167 A187
A183 A183
