100 86 102 84 83 84 102 86 100 86 102 65 108 155 112 82 159 161 181 161 159 82 112 155 108 65 102 86 100 58 98 94 95 189 182 189 95 94 98 58 100 86 102 65 108 155 116 113 116 155 108 65 102 86 100 31 15 27 70 36 33 12 11 10 76 121 110 106 77 38 35 38 77 106 110 121 76 10 11 12 33 36 70 27 15 31 100 31 15 27 70 36 33 12 11 10 11 12 33 36 70 27 15 31 100 31 15 27 70 36 33 12 11 12 33 36 70 27 15 31 100 31 15 27 70 36 33 12 69 12 33 36 70 27 15 31 100 31 15 30 16 61 14 34 7 39 151 150 151 39 7 34 14 61 16 30 15 31 100 31 15 30 16 61 14 34 7 34 14 61 16 30 15 31 100 31 15 30 16 61 26 45 43 72 43 45 26 61 16 30 15 31 100 31 15 30 16 61 26 45 44 45 26 61 16 30 15 31 100 31 15 30 16 61 26 45 44 2 46 142 131 130 129 144 42 3 41 145 41 3 42 144 129 130 131 142 46 2 17 1 54 61 16 30 15 31 100 31 15 30 16 61 26 45 44 2 46 142 131 130 129 144 42 3 41 145 146 145 41 3 42 144 129 130 131 142 46 2 17 1 54 61 16 30 15 31 100 31 15 30 16 61 26 45 44 2 46 142 131 130 129 130 131 142 46 2 17 1 54 61 16 30 15 31 100 31 15 30 16 61 26 45 44 2 46 142 131 50 133 134 135 139 200 139 135 134 133 50 131 142 46 2 17 1 54 61 16 30 15 31 100 31 15 30 16 61 26 45 44 2 46 142 131 50 133 50 131 142 46 2 17 1 54 61 16 30 15 31 100 58 98 94 95 189 192 188 192 189 95 94 98 58 100 31 15 30 16 61 54 1 48 1 54 61 16 30 15 31 100 31 15 30 16 59 90 170 168 162 168 170 90 59 16 30 15 31 100 31 15 30 16 30 15 31 100 58 100
40
1 1
2 2
3 3
44 4 5 44
41 6 41
7 7
72 8 9 40
10 10
11 11
12 12
34 13 34
14 14
15 15
16 16
17 17
58 18 23 24 52 53 55 58
50 19 50
133 20
188 21 56 57
59 22 25 59
26 26
27 27
36 28 36
43 29 43
30 30
31 31
100 32
33 33
39 37 39
42 42
45 45
46 46
48 47 48 49 51
54 54
61 60
113 111 153
121 121
86 165
182 182
192 192
