AY AZ AG AK AJ AH AJ AK AG AZ AY AZ AG BC BD BA BT BA BD BC AG AZ AY AZ AG BC BD BW BX BE BX BW BD BC AG AZ AY AZ AG BC BD AI BF AI BD BC AG AZ AY AZ AG AK AJ Q R T R Q AJ AK AG AZ AY AZ AG AK AJ AH L J H N H AE AD AX AY AX AD AE Y AC D AC Y AE AD AX AY AW AU AS AU AW AY AW AU AS AP AQ BL BK BJ BK BL AQ AP AS AU AW AY AW AV BM BS BQ CK CI CK CJ CN CL BS BM AV AW AY AW AV BM BS CL CN CL BS BM AV AW AY AW AV BM BS BM AV AW AY
22
D A B D X
N F G I K M
H H
R O P
AI S
T T
AP V
Y Y
AD AD
AG AG
AJ AJ
BE AM CT
AQ AO AQ
AS AS
AV AV
AX AX
BA BA
BF BF BG CA CB
BJ BI BJ CC
BK BN
CK CK
CN CN CO CP CS
