0 34 67 34 0 35 68 35 0 36 69 36 0 37 70 4 70 37 0 38 71 38 0 39 72 6 72 39 0 40 73 40 0 41 74 8 74 41 0 42 0 43 76 10 76 43 0 44 77 44 0 45 0 46 0 47 80 14 80 47 0 48 0 50 0 51 84 51 0 52 0 54 0 55 88 55 0 56 0 57 90 24 90 57 0 58 91 58 0 59 92 26 92 59 0 60 93 27 93 60 0 61 94 28 94 61 0 62 0 63 0 64 97 31 97 64 0 65 98 65 0 66 0
32
67 1
68 2
69 3
4 4
71 5
6 6
73 7
8 8
42 9
10 10
77 11
45 12
46 13
14 14
48 15
0 16 20
50 17
84 18
52 19
54 21
88 22
56 23
24 24
91 25
26 26
27 27
28 28
62 29
63 30
31 31
98 32
66 33
