139 18 84 18 139 18 15 66 1 58 139 21 4 161 2 85 139 77 133 37 76 115 139 85 2 153 2 85 139 58 159 58 139 115 81 115 139
19
1 1 13 47 89 106 172 178 188
2 2 72 98 147
37 5 23 37 109 144
139 7 8 25 39 48 125 141 157 173 176 198
84 9 22 27 35 41 44 64 82 84 96 105 131 146 165 184 189
18 11 18 57 108 127 134 152
15 14 15 31 69 118 119 128 142
85 16 85 122 158
21 21 30 79 113
153 26 71 101 111 112 153
66 32 78 104
115 33 182 187
133 43 114 191
58 58 74 156
159 60 67 186
81 65 81
4 75 91 145 148
77 77 123 138
161 95 130 161
