0 7 9 10 26 28 26 10 9 7 0 7 9 10 26 28 30 31 14 31 30 28 26 10 9 7 0 7 9 10 26 28 30 31 14 17 18 17 14 31 30 28 26 10 9 7 0 7 9 10 26 28 30 31 14 47 14 31 30 28 26 10 9 7 0 7 9 10 72 10 9 7 0 7 8 74 66 62 58 56 52 55 54 53 54 55 52 56 58 62 66 74 8 7 0 7 8 74 8 7 0 2 3 4 3 2 0
26
0 0 1 21 22 23
2 2
3 3
4 4 5 6
7 7 25
8 8
9 9 24
10 10 11 60 64 68 71
28 12 27 28 29 34 35 37 38 39 61 65 69 70 73 75 77 82 83 84 87 95 96 97 98
14 13 14 15 16 76 78 85 99
17 17
18 18 19 20
26 26
30 30 32 33 36 41 79 81
31 31 40
47 42 43 44 45 46 47 48 49 50 80 86 88 89 90 91 92 93 94
72 51 57 59 63 67 72
52 52
53 53
54 54
55 55
56 56
58 58
62 62
66 66
74 74
