6 11 12 11 6 11 24 25 24 11 6 11 24 30 37 30 24 11 6 11 24 30 42 40 41 40 42 30 24 11 6 11 24 30 42 55 52 55 42 30 24 11 6 11 24 30 42 55 67 66 67 55 42 30 24 11 6 11 24 30 42 55 67 73 74 76 75 73 67 55 42 30 24 11 6 11 24 30 42 55 67 73 80 89 80 73 67 55 42 30 24 11 6 11 24 30 42 55 67 73 80 96 93 97 92 96 80 73 67 55 42 30 24 11 6 11 24 30 42 55 67 73 80 96 103 100 103 96 80 73 67 55 42 30 24 11 6 199 189 172 168 158 143 133 124 111 116 111 124 133 143 158 168 172 189 199 6 199 189 172 168 158 143 133 124 125 124 133 143 158 168 172 189 199 6 199 189 172 168 158 143 133 132 133 143 158 168 172 189 199 6 199 189 172 168 158 143 145 143 158 168 172 189 199 6 199 189 172 168 158 154 158 168 172 189 199 6 199 189 172 168 163 168 172 189 199 6 199 189 172 177 172 189 199 6 199 189 180 189 199 6 199 192 199 6
34
6 0 1 4 7 8
12 10 14 18 19
11 15
24 20 21
25 23 26
30 31 36 38 39
40 40 46 48
41 41
55 50 51 57 59
66 60 63 65
67 62 69
74 74 78
75 75 77 79
80 81 85 87 88
96 90 95
97 97 98
100 101 107 109
103 105 106
111 112 113 114 115 118
125 120 125
124 126 128 129
132 130 132 137
133 134 139
145 144 145 149
143 146 148
158 150 152 157
154 153
163 163 167
168 164 166
172 170 176 178 179
177 177
180 181 182 185 186 187
192 190 191
199 194 196 198
