5 11 8 11 5 11 17 23 29 28 29 23 17 11 5 11 17 23 29 35 31 35 29 23 17 11 5 11 17 23 29 35 41 35 29 23 17 11 5 11 17 23 29 35 41 47 53 59 55 59 53 47 41 35 29 23 17 11 5 11 17 23 29 35 41 47 53 59 65 60 65 59 53 47 41 35 29 23 17 11 5 11 17 23 29 35 41 47 53 59 65 71 68 71 65 59 53 47 41 35 29 23 17 11 5 11 17 23 29 35 41 47 53 59 65 71 77 83 89 83 77 71 65 59 53 47 41 35 29 23 17 11 5 179 173 167 161 155 149 143 137 131 125 119 113 107 101 96 101 107 113 119 125 131 137 143 149 155 161 167 173 179 5 179 173 167 161 155 149 143 137 131 125 119 113 107 105 107 113 119 125 131 137 143 149 155 161 167 173 179 5 179 173 167 161 155 149 143 137 131 125 121 125 131 137 143 149 155 161 167 173 179 5 179 173 167 161 155 149 143 137 131 137 143 149 155 161 167 173 179 5 179 173 167 161 155 149 145 149 155 161 167 173 179 5 179 173 167 161 155 161 167 173 179 5 179 173 167 166 167 173 179 5
25
5 0 1 2 3 4
11 6 7 9 10
8 8
17 12 13 14 15 16
23 18 19 20 21 22
29 24 25 26 27
28 28
35 30 32 33 34
31 31
41 36 37 38 39 40
47 42 43 44 45 46
53 48 49 50 51 52
59 54 56 57 58
55 55
60 60
65 61 62 63 64
71 66 67 69 70
68 68
77 72 73 74 75 76
83 78 79 80 81 82
89 84 85 86 87 88 90 91 92 93 94
96 96
101 97 98 99 100
107 102 103 104 106
105 105
