loc1 loc2 loc7 loc16 loc11 loc12 loc17 loc26 loc21 loc25 loc24 loc29 loc24 loc25 loc21 loc26 loc17 loc12 loc11 loc16 loc7 loc2 loc1 loc2 loc7 loc16 loc11 loc12 loc17 loc26 loc21 loc22 loc27 loc36 loc31 loc32 loc37 loc46 loc41 loc42 loc41 loc46 loc37 loc32 loc31 loc36 loc27 loc22 loc21 loc26 loc17 loc12 loc11 loc16 loc7 loc2 loc1 loc2 loc7 loc16 loc11 loc12 loc17 loc26 loc21 loc22 loc27 loc36 loc31 loc32 loc37 loc46 loc41 loc42 loc47 loc56 loc51 loc52 loc57 loc52 loc51 loc56 loc47 loc42 loc41 loc46 loc37 loc32 loc31 loc36 loc27 loc22 loc21 loc26 loc17 loc12 loc11 loc16 loc7 loc2 loc1 loc2 loc7 loc16 loc11 loc12 loc17 loc26 loc21 loc22 loc27 loc36 loc31 loc32 loc37 loc46 loc41 loc42 loc47 loc56 loc51 loc52 loc57 loc66 loc61 loc62 loc61 loc66 loc57 loc52 loc51 loc56 loc47 loc42 loc41 loc46 loc37 loc32 loc31 loc36 loc27 loc22 loc21 loc26 loc17 loc12 loc11 loc16 loc7 loc2 loc1 loc2 loc7 loc16 loc11 loc12 loc17 loc26 loc21 loc22 loc27 loc36 loc31 loc32 loc37 loc46 loc41 loc42 loc47 loc56 loc51 loc52 loc57 loc66 loc61 loc62 loc67 loc76 loc71 loc75 loc80 loc75 loc71 loc76 loc67 loc62 loc61 loc66 loc57 loc52 loc51 loc56 loc47 loc42 loc41 loc46 loc37 loc32 loc31 loc36 loc27 loc22 loc21 loc26 loc17 loc12 loc11 loc16 loc7 loc2 loc1 loc2 loc7 loc16 loc11 loc12 loc17 loc26 loc21 loc22 loc27 loc36 loc31 loc32 loc37 loc46 loc41 loc42 loc47 loc56 loc51 loc52 loc57 loc66 loc61 loc62 loc67 loc76 loc71 loc72 loc77 loc86 loc81 loc85 loc84 loc85 loc81 loc86 loc77 loc72 loc71 loc76 loc67 loc62 loc61 loc66 loc57 loc52 loc51 loc56 loc47 loc42 loc41 loc46 loc37 loc32 loc31 loc36 loc27 loc22 loc21 loc26 loc17 loc12 loc11 loc16 loc7 loc2 loc1 loc2 loc7 loc16 loc11 loc12 loc17 loc26 loc21 loc22 loc27 loc36 loc31 loc32 loc37 loc46 loc41 loc42 loc47 loc56 loc51 loc52 loc57 loc66 loc61 loc62 loc67 loc76 loc71 loc72 loc77 loc86 loc81 loc82 loc87 loc96 loc91 loc95 loc94 loc99 loc94 loc95 loc91 loc96 loc87 loc82 loc81 loc86 loc77 loc72 loc71 loc76 loc67 loc62 loc61 loc66 loc57 loc52 loc51 loc56 loc47 loc42 loc41 loc46 loc37 loc32 loc31 loc36 loc27 loc22 loc21 loc26 loc17 loc12 loc11 loc16 loc7 loc2 loc1 loc2 loc7 loc16 loc11 loc12 loc17 loc26 loc21 loc22 loc21 loc26 loc17 loc12 loc11 loc16 loc7 loc2 loc1 loc2 loc7 loc16 loc11 loc15 loc20 loc15 loc11 loc16 loc7 loc2 loc1
43
loc1 loc6 loc9 loc10
loc7 loc7
loc2 loc8
loc16 loc16
loc17 loc17
loc12 loc18
loc15 loc19
loc20 loc20
loc26 loc26
loc27 loc27
loc24 loc28
loc29 loc29
loc25 loc30
loc36 loc36
loc37 loc37
loc32 loc38
loc31 loc39 loc40
loc46 loc46
loc47 loc47
loc42 loc48
loc41 loc49 loc50
loc56 loc56
loc57 loc57
loc52 loc58
loc51 loc59 loc60
loc66 loc66
loc67 loc67
loc62 loc68
loc61 loc69 loc70
loc76 loc76
loc77 loc77
loc72 loc78
loc75 loc79
loc80 loc80
loc86 loc86
loc87 loc87
loc84 loc88 loc89
loc85 loc90
loc96 loc96
loc91 loc97
loc94 loc98
loc99 loc99
loc95 loc100
