Liam Jordan Bryson Malachi Bryson Jordan Liam Jordan Jack Joshua Cooper Grant Antonio Carter Antonio Grant Cooper Joshua Jack Jordan Liam Jordan Jack Joshua Cooper Grant Max Lincoln Max Grant Cooper Joshua Jack Jordan Liam Jordan Jack Joshua Cooper Grant Cooper Joshua Jack Jordan Liam Jordan Jack Joshua Cooper Grant King Grant Cooper Joshua Jack Jordan Liam Jordan Jack Harrison Jaxson Harrison Jack Jordan Liam Jordan Leonardo Xander Oscar Dawson Alejandro Dawson Oscar Xander Leonardo Jordan Liam Jordan Leonardo George Ethan Juan Ivan Jonah Ivan Juan Ethan George Leonardo Jordan Liam Jordan Leonardo George Ethan Juan Ivan Juan Ethan George Leonardo Jordan Liam
23
Liam Liam Evan
Joshua Noah Lucas Anthony Joshua Maverick
King William Matthew Samuel John Jaxon Landon
Jaxson James Jacob Luke Nathan Connor Cameron Angel Jaxson
Lincoln Logan Oliver Dylan Andrew Lincoln Aaron Greyson
Ivan Benjamin Hudson
Dawson Mason Alexander David Wyatt Grayson Charles Christian Eli Asher Theodore Nicholas Brayden Austin Parker
Harrison Elijah Adrian Nolan
Cooper Michael Aiden Mateo Easton Cooper
Ethan Ethan Christopher Jonathan Carson
Xander Daniel Jeremiah Ezekiel
Malachi Henry Sebastian Gabriel Colton Adam
Carter Joseph Carter Isaiah Caleb Hunter Jace
Grant Jackson Ezra Dominic Jose
Max Jayden
Antonio Owen Isaac Robert Elias
Jack Jack Julian Josiah
Oscar Levi
Jonah Ryan
George Thomas Xavier
Bryson Leo Bryson
Jordan Jordan
Alejandro Ian
