zero three ten seventeen twentyfour seventeen ten three zero four eleven eighteen twentyfive eighteen eleven four zero five twelve nineteen twentysix nineteen twelve five zero six thirteen twenty twentyseven twenty thirteen six zero seven fourteen twentyone twentyeight twentyone fourteen seven zero one eight fifteen twentytwo fifteen eight one zero
19
three three
five five
six six
seven seven
ten nine
eleven eleven
twelve twelve
thirteen thirteen
fourteen fourteen
fifteen fifteen
seventeen sixteen
eighteen eighteen
nineteen nineteen
twenty twenty
twentyfive twentyfive thirtytwo fortysix
twentyfour thirtyone thirtyseven thirtyeight fortyfive
twentyseven thirtyfour
twentyeight thirtyfive fortytwo
twentysix forty
