zero four eleven eighteen twentyfive thirtytwo thirtynine fortysix thirtynine thirtytwo twentyfive eighteen eleven four zero two nine sixteen twentythree thirty thirtyseven fortyfour fiftyone fiftyeight sixtyfive seventytwo sixtyfive fiftyeight fiftyone fortyfour thirtyseven thirty twentythree sixteen nine two zero seven fourteen twentyone twentyeight thirtyfive fortytwo fortynine fiftysix sixtythree seventy seventyseven eightyfour ninetyone eightyfour seventyseven seventy sixtythree fiftysix fortynine fortytwo thirtyfive twentyeight twentyone fourteen seven zero seven fourteen twentyone twentyeight thirtyfive fortytwo fortynine fiftysix sixtythree fiftysix fortynine fortytwo thirtyfive twentyeight twentyone fourteen seven zero one eight fifteen twentytwo twentynine thirtysix fortythree fifty fortythree thirtysix twentynine twentytwo fifteen eight one zero
30
two two
zero three five six
four four
eleven ten twelve
fourteen fourteen
fifteen fifteen
twentyone twenty
twentytwo twentytwo
twentyfive twentyfour twentyfive
twentynine twentynine
thirty thirty
thirtytwo thirtythree
thirtyfive thirtyfour thirtyfive
thirtysix thirtysix
thirtyseven thirtyseven
thirtynine thirtynine
fortyfour fortyfour
fortysix fortyfive fortyseven
fortynine fortyeight
fifty fifty
fiftyone fiftyone fiftythree
fiftysix fiftyfive
fiftyeight fiftyseven sixty
sixtythree sixtyone sixtytwo
sixtyfive sixtyfive sixtysix sixtyseven
seventy sixtyeight seventy
seventytwo seventyone
seventyseven seventyfive seventyseven
eightyfour seventyeight seventynine eightyone eightytwo eightyfour
ninetyone eightyseven eightyeight eightynine ninetyfive
