zero one eight fifteen twentytwo twentynine thirtysix fortythree fifty fiftyseven fifty fortythree thirtysix twentynine twentytwo fifteen eight one zero one eight fifteen twentytwo twentynine thirtysix fortythree fifty fiftyseven sixtyfour seventyone seventyeight eightyfive ninetytwo ninetynine onehunsix onehunthirteen onehuntwenty onehuntwentyseven onehunthirtyfour onehunfortyone onehunfortyeight onehunfiftyfive onehunfortyeight onehunfortyone onehunthirtyfour onehuntwentyseven onehuntwenty onehunthirteen onehunsix ninetynine ninetytwo eightyfive seventyeight seventyone sixtyfour fiftyseven fifty fortythree thirtysix twentynine twentytwo fifteen eight one zero two nine sixteen twentythree thirty thirtyseven fortyfour fiftyone fiftyeight sixtyfive seventytwo seventynine eightysix ninetythree onehun onehunseven onehunfourteen onehuntwentyone onehuntwentyeight onehunthirtyfive onehunfortytwo onehunfortynine onehunfiftysix onehunfortynine onehunfortytwo onehunthirtyfive onehuntwentyeight onehuntwentyone onehunfourteen onehunseven onehun ninetythree eightysix seventynine seventytwo sixtyfive fiftyeight fiftyone fortyfour thirtyseven thirty twentythree sixteen nine two zero three ten seventeen twentyfour thirtyone thirtyeight fortyfive fiftytwo fiftynine sixtysix seventythree eighty eightyseven ninetyfour onehunone onehuneight onehunfifteen onehuntwentytwo onehuntwentynine onehunthirtysix onehunfortythree onehunfifty onehunfiftyseven onehunfifty onehunfortythree onehunthirtysix onehuntwentynine onehuntwentytwo onehunfifteen onehuneight onehunone ninetyfour eightyseven eighty seventythree sixtysix fiftynine fiftytwo fortyfive thirtyeight thirtyone twentyfour seventeen ten three zero four eleven eighteen twentyfive thirtytwo thirtynine fortysix fiftythree sixty sixtyseven seventyfour eightyone eightyeight ninetyfive onehuntwo onehunnine onehunsixteen onehuntwentythree onehunthirty onehunthirtyseven onehunfortyfour onehunfiftyone onehunfiftyeight onehunfiftyone onehunfortyfour onehunthirtyseven onehunthirty onehuntwentythree onehunsixteen onehunnine onehuntwo ninetyfive eightyeight eightyone seventyfour sixtyseven sixty fiftythree fortysix thirtynine thirtytwo twentyfive eighteen eleven four zero five twelve nineteen twentysix thirtythree forty fortyseven fiftyfour sixtyone sixtyeight seventyfive eightytwo eightynine ninetysix onehunthree onehunten onehunseventeen onehuntwentyfour onehunthirtyone onehunthirtyeight onehunfortyfive onehunfiftytwo onehunfiftynine onehunfiftytwo onehunfortyfive onehunthirtyeight onehunthirtyone onehuntwentyfour onehunseventeen onehunten onehunthree ninetysix eightynine eightytwo seventyfive sixtyeight sixtyone fiftyfour fortyseven forty thirtythree twentysix nineteen twelve five zero six thirteen twenty twentyseven thirtyfour fortyone fortyeight fiftyfive sixtytwo sixtynine seventysix eightythree ninety ninetyseven onehunfour onehuneleven onehuneighteen onehuntwentyfive onehunthirtytwo onehunthirtynine onehunfortysix onehunfiftythree onehunsixty onehunfiftythree onehunfortysix onehunthirtynine onehunthirtytwo onehuntwentyfive onehuneighteen onehuneleven onehunfour ninetyseven ninety eightythree seventysix sixtynine sixtytwo fiftyfive fortyeight fortyone thirtyfour twentyseven twenty thirteen six zero seven fourteen twentyone twentyeight thirtyfive fortytwo fortynine fiftysix sixtythree seventy seventyseven eightyfour ninetyone ninetyeight onehunfive onehuntwelve onehunnineteen onehuntwentysix onehunthirtythree onehunforty onehunfortyseven onehunfiftyfour onehunsixtyone onehunfiftyfour onehunfortyseven onehunforty onehunthirtythree onehuntwentysix onehunnineteen onehuntwelve onehunfive ninetyeight ninetyone eightyfour seventyseven seventy sixtythree fiftysix fortynine fortytwo thirtyfive twentyeight twentyone fourteen seven zero seven fourteen twentyone twentyeight thirtyfive fortytwo fortynine fiftysix sixtythree fiftysix fortynine fortytwo thirtyfive twentyeight twentyone fourteen seven zero six thirteen twenty twentyseven thirtyfour fortyone fortyeight fiftyfive sixtytwo fiftyfive fortyeight fortyone thirtyfour twentyseven twenty thirteen six zero five twelve nineteen twentysix thirtythree forty fortyseven fiftyfour sixtyone fiftyfour fortyseven forty thirtythree twentysix nineteen twelve five zero four eleven eighteen twentyfive thirtytwo thirtynine fortysix fiftythree sixty fiftythree fortysix thirtynine thirtytwo twentyfive eighteen eleven four zero three ten seventeen twentyfour thirtyone thirtyeight fortyfive fiftytwo fiftynine fiftytwo fortyfive thirtyeight thirtyone twentyfour seventeen ten three zero two nine sixteen twentythree thirty thirtyseven fortyfour fiftyone fiftyeight fiftyone fortyfour thirtyseven thirty twentythree sixteen nine two zero
81
one one
two two
three three
six six
seven seven
ten ten
eleven eleven
twelve twelve
fourteen fourteen
fifteen fifteen
sixteen sixteen
seventeen seventeen
twenty twenty
twentythree twentythree
twentyfive twentyfive
twentysix twentysix
twentyseven twentyseven
twentynine twentynine
thirtythree thirtythree
thirtyfour thirtyfour
thirtyseven thirtyseven
thirtyeight thirtyeight
fortythree fortythree
fortyfour fortyfour
fortyfive fortyfive
fortynine fortynine
fiftytwo fiftytwo
fiftythree fiftythree
fiftyfive fiftyfive
fiftyseven fiftyseven
fiftyeight fiftyeight
sixty sixty
sixtyfour sixtyfour
sixtysix sixtysix
sixtyseven sixtyseven
sixtynine sixtynine
seventy seventy
seventyone seventyone
seventytwo seventytwo
seventyfive seventyfive
seventyseven seventyseven
seventyeight seventyeight
seventynine seventynine
eightytwo eightytwo
eightythree eightythree
eightyfour eightyfour
eightyseven eightyseven
ninetyeight ninetyeight
ninetynine ninetynine
onehunone onehunone
onehuneight onehuneight
onehunten onehunten
onehuneleven onehuneleven
onehunthirteen onehunthirteen
onehunsixteen onehunsixteen
onehunseventeen onehunseventeen
onehuneighteen onehuneighteen
onehunnineteen onehunnineteen
onehuntwentyone onehuntwentyone
onehuntwentythree onehuntwentythree
onehuntwentyfour onehuntwentyfour
onehuntwentysix onehuntwentysix
onehuntwentyseven onehuntwentyseven
onehuntwentyeight onehuntwentyeight
onehunthirty onehunthirty
onehunthirtyfive onehunthirtyfive
onehunforty onehunforty
onehunfortythree onehunfortythree
onehunfortyfour onehunfortyfour
onehunfortyfive onehunfortyfive
onehunfortysix onehunfortysix
onehunfortynine onehunfortynine
onehunfifty onehunfifty
onehunfiftyfour onehunfiftyfour
onehunfiftyseven onehunfiftyseven onehunsixtyfour onehunseventyone onehunseventyeight onehunninetytwo
onehunfiftynine onehunfiftynine onehunsixtysix onehunseventythree onehuneighty onehuneightyseven onehunninetyfour
onehunsixty onehunsixty onehunseventyfour onehuneightyone
onehunsixtyone onehunsixtyone onehunseventyfive onehuneightytwo
onehunfiftysix onehunsixtythree onehunseventy onehuneightyfour onehunninetyone
onehunfiftyeight onehunsixtyfive onehunninetythree
onehunfiftyfive onehunsixtynine onehunseventysix onehunninety
