0 3 117 92 55 119 171 90 4 90 171 119 55 92 117 3 0 3 117 92 112 116 103 60 103 116 112 92 117 3 0 3 117 92 112 116 103 21 105 143 105 21 103 116 112 92 117 3 0 3 117 92 112 116 103 21 105 33 68 33 28 48 93 104 140 191 117 3 0 3 117 92 112 172 19 32 71 54 36 125 36 54 71 32 19 172 112 92 117 3 0 3 117 191 140 104 18 109 180 109 18 104 140 191 117 3 0 3 117 191 140 104 18 109 163 109 18 104 140 191 117 3 0 3 117 92 55 96 10 26 9 158 108 51 108 158 9 26 10 96 55 92 117 3 0 3 117 92 55 96 10 26 9 158 108 160 108 158 9 26 10 96 55 92 117 3 0 3 117 92 112 172 19 32 71 54 36 98 31 27 37 20 70 23 83 87 80 42 40 79 25 56 84 88 22 6 30 75 110 78 113 178 138 104 140 191 117 3 0 3 117 191 140 104 138 178 113 78 110 75 110 78 113 178 138 104 140 191 117 3 0 3 117 191 140 104 138 104 140 191 117 3 0
26
109 120 121 122 123 161 162 164 165 166 167
68 124 126 127 128 129 130
125 125
4 131 133 155
113 132 179
103 134 135 136 137
138 138
104 139
140 140
105 141 142 144 145 146 150
143 143
119 147 148 149 151 152 197 198 199
158 153 158
112 154 173 174 175 176 177
108 156 157 159 186 187 194
160 160
163 163
110 168 169 170
171 171
172 172
178 178
180 180 181 182 183 184 185
116 188 189 190
191 191
117 192 193
98 195 196
