0 51 52 53 54 53 52 51 0 4 57 58 10 9 10 58 57 4 0 17 13 19 14 15 14 19 13 17 0 59 0 66 67 68 69 70 69 68 67 66 0 24 25 27 26 28 23 74 30 74 23 28 26 27 25 24 0 33 34 75 76 35 32 77 36 77 32 35 76 75 34 33 0 78 38 79 40 37 40 79 38 78 0 41 42 41 0 49 50 87 47 88 48 89 46 90 46 89 48 88 47 87 50 49 0
33
54 1 2 3
4 4
9 5 6 7 8 9
10 10
15 11 12 15 16 18
13 13
14 14
17 17
19 19
59 20 21
70 22
23 23
24 24
25 25
26 26
27 27
28 28
30 29 30
36 31 36
32 32
33 33
34 34
35 35
37 37 39
38 38
40 40
41 41
42 42 43 44 45
46 46
47 47
48 48
49 49
50 50
