S R18 H18 R18 S R16 I17 R16 S R14 I15 R14 S R12 H12 R12 S T45 S R0 H0 DT39 H0 R0 S R0 H0 DT9 H0 R0 S R8 H9 DT28 H9 R8 S R8 H9 DT18 H9 R8 S R8 H8 DT37 H8 R8 S R6 H7 DT16 H7 R6 S R6 H7 DT26 H7 R6 S R6 H7 DT6 H7 R6 S R6 H6 DT25 H6 R6 S R2 H3 DT12 H3 R2 S R2 H2 DT21 H2 R2 S R2 H2 DT11 H2 R2 S R0 H1 DT0 H1 R0 S R0 H1 DT30 H1 R0 S R20 I21 R20 S R22 I22 R22 S R26 H27 R26 S R28 I29 R28 S R30 I30 R30 S R32 I33 R32 S R36 I36 R36 S R38 H38 R38 S
34
H0 H0
H1 H1
H2 H2
H3 H3
T45 H4 H5
H6 H6
H7 H7
H8 H8
H9 H9
S H10 H11 H24 H25 H34 H35
H12 H12
R12 H13
R14 H14
I15 H15
R16 H16
I17 H17
H18 H18
R18 H19
R20 H20
I21 H21
I22 H22
R22 H23
R26 H26
H27 H27
R28 H28
I29 H29
I30 H30
R30 H31
R32 H32
I33 H33
I36 H36
R36 H37
H38 H38
R38 H39
