a1 a5 a6 a5 a1 a5 a6 a54 a55 a54 a6 a5 a1 a5 a6 a166 a167 a168 a167 a166 a6 a5 a1 a5 a6 a166 a167 a168 a169 a170 a171 a187 a188 a192 a1 a5 a6 a22 a21 a17 a16 a12 a11 a187 a188 a192 a1 a192 a188 a187 a27 a187 a188 a192 a1 a5 a6 a54 a53 a49 a48 a44 a43 a187 a188 a192 a1 a192 a188 a187 a75 a76 a75 a187 a188 a192 a1 a192 a188 a187 a155 a187 a188 a192 a1 a192 a188 a187 a139 a140 a141 a140 a139 a187 a188 a192 a1 a5 a6 a134 a133 a129 a128 a124 a123 a187 a188 a192 a1 a5 a6 a102 a101 a100 a99 a100 a101 a102 a6 a5 a1
39
a1 a1 a3
a5 a4
a6 a6 a33 a35 a36 a38 a65 a67 a68 a70 a83 a84 a86 a113 a115 a116 a118 a147 a148 a150 a177 a179 a180 a182
a12 a9 a12
a11 a11
a16 a14
a17 a17
a21 a19 a20
a22 a22
a27 a25 a27 a28 a30
a44 a41 a44
a43 a43
a48 a46
a49 a49
a53 a51 a52
a54 a54
a55 a57
a171 a59 a60 a62 a89 a91 a92 a94 a107 a108 a110 a171 a172
a75 a73 a75
a76 a76 a78 a81
a101 a97
a99 a99
a100 a100 a105
a102 a102
a124 a121 a124
a123 a123
a128 a126
a129 a129
a133 a131 a132
a134 a134
a141 a137 a142
a139 a139
a140 a140 a145
a155 a153 a155 a156 a158
a166 a161 a166
a168 a163 a164
a169 a169 a174
a187 a185 a187
a188 a188 a190
