a1 a5 a6 a70 a69 a65 a66 a65 a69 a70 a6 a5 a1 a96 a92 a91 a59 a60 a61 a62 a61 a60 a59 a91 a92 a96 a1 a96 a92 a91 a43 a44 a45 a44 a43 a91 a92 a96 a1 a5 a6 a38 a37 a36 a35 a36 a37 a38 a6 a5 a1 a5 a6 a22 a23 a24 a25 a26 a27 a91 a92 a96 a1 a96 a92 a91 a27 a91 a92 a96 a1 a5 a4 a8 a9 a13 a9 a8 a4 a5 a1 a96 a92 a91 a75 a76 a77 a76 a75 a91 a92 a96 a1 a96 a92 a93 a89 a93 a92 a96 a1 a96 a1
31
a1 a1
a4 a3 a4
a6 a6 a51 a52 a54 a86
a9 a9
a91 a11 a91
a13 a12 a14
a22 a17 a22
a24 a19 a20
a25 a25 a30
a27 a27 a28
a37 a33
a35 a35
a36 a36
a38 a38
a45 a41 a46
a43 a43
a44 a44 a49
a61 a57
a59 a59
a60 a60
a62 a62
a65 a65
a66 a67
a69 a68
a70 a70
a77 a73 a78
a75 a75
a76 a76 a81
a89 a83 a84 a89
a92 a92
a93 a94
