Bowles Birge Bechtel Minor Memorial AlphaSigmaPhi Memorial Minor Bechtel Birge Bowles Birge Bechtel Cory Stanley LeConte ALS LeConte Stanley Cory Bechtel Birge Bowles Birge Bechtel Cory Stanley LeConte Campanile LeConte Stanley Cory Bechtel Birge Bowles Birge Bechtel Cory Stanley LeConte Campanile Lewis Campanile LeConte Stanley Cory Bechtel Birge Bowles Birge Bechtel Cory Stanley Moses RareTea Gypsys Chengdu Gypsys RareTea Moses Stanley Cory Bechtel Birge Bowles Birge Bechtel Cory Stanley Moses Greek Unit2 Milano IndianRock FallRush IndianRock Milano Unit2 Greek Moses Stanley Cory Bechtel Birge Bowles Birge Bechtel Cory Stanley Campbell MemorialStadium Hargrove Tan Hoyt Claremont Hoyt Tan Hargrove MemorialStadium Campbell Stanley Cory Bechtel Birge Bowles Birge Bechtel Cory Stanley Campbell MemorialStadium Hargrove Spieker Hargrove MemorialStadium Campbell Stanley Cory Bechtel Birge Bowles Birge Bechtel Cory Jacob TopDog Starbucks DYar Starbucks TopDog Jacob Cory Bechtel Birge Bowles Birge Bechtel Cory Jacob Foothill Dwinelle TastyPot Dwinelle Foothill Jacob Cory Bechtel Birge Bowles Birge Bechtel Cory Jacob Foothill Haviland Morgan LKShing Ippuku LKShing Morgan Haviland Foothill Jacob Cory Bechtel Birge Bowles Birge Bechtel Cory Jacob Hertz CVStarr Unit3 CKerr WayWest CKerr Unit3 CVStarr Hertz Jacob Cory Bechtel Birge Bowles Calvin Etcheverry Sather Target Sather Etcheverry Calvin Bowles
28
Jacob Evan Blackwell Rochdale Cloyne GenPlantBio
Foothill Foothill Unit1 Hildebrand Browns YogurtPark
Campbell Campbell Doe Koshland
Birge Birge
Campanile Campanile Wurster Zellerbach Bongo ShengKee Spats Cheeseboard PiLambda PiAlphaPhi
Moses Moses Wellman Sutardja Stacks Sherman
LeConte VLSB RSF Boalt Kresge PeoplesPark Castro NorthGate
Bowles Mulford LaVals Crescent
Dwinelle HearstAnnex Haas Pavilion Crossroads Lothlorien UCTheatre NCEM
Greek Greek
Memorial Maxwell Barrows TacoBell
Calvin Calvin Graduate
Etcheverry Etcheverry
Morgan Morgan Martinez
Bechtel Baker Simons Strada Edwards Daiso Wilde RoseGarden Easterly
Unit2 Unit2 Wolf StrawberryCreek
Unit3 Unit3
CKerr CKerr Ridge
WayWest WayWest
Tan Safeway
Gypsys Gypsys
Starbucks Chipotle MFoundry
IndianRock IndianRock
Cory Extension
TopDog Barker GammaPhiBeta
Hargrove BearFoodCourt
AlphaSigmaPhi AlphaSigmaPhi
ALS ALS
