Wheeler Dwinelle MLK Dwinelle Wheeler Evans Latimer Etcheverry Soda Sather Soda Etcheverry Latimer Evans Wheeler Evans Latimer Etcheverry Soda Etcheverry Latimer Evans Wheeler Doe Campanile LeConte Campbell Haviland Memorial McLaughlin South Stephens HearstAnnex Stephens South McLaughlin Memorial Haviland Campbell LeConte Campanile Doe Wheeler Evans Latimer Etcheverry Soda Cheit Normandy Kresge Davis Hearst Davis Kresge Normandy Cheit Soda Etcheverry Latimer Evans Wheeler Doe Campanile LeConte Campbell Haviland Memorial Minor Haas Faculty FSM Baker McCone BigC Bongo BigC McCone Baker FSM Faculty Haas Minor Memorial Haviland Campbell LeConte Campanile Doe Wheeler Doe Campanile LeConte Campbell Haviland Memorial Minor Haas Faculty FSM Baker McCone BigC Pavilion Simons Pavilion BigC McCone Baker FSM Faculty Haas Minor Memorial Haviland Campbell LeConte Campanile Doe Wheeler Doe Campanile LeConte Campbell Haviland Memorial Minor Haas Faculty FSM Baker FSM Faculty Haas Minor Memorial Haviland Campbell LeConte Campanile Doe Wheeler Doe Campanile LeConte Campbell Haviland Memorial Minor Memorial Haviland Campbell LeConte Campanile Doe Wheeler Doe Campanile LeConte Campbell Haviland Campbell LeConte Campanile Doe Wheeler
22
Evans Jacobs Bechtel Morrison Boalt Kroeber
Latimer Foothill
Etcheverry Moffitt Etcheverry
LeConte Birge
Stephens Moses
Dwinelle Dwinelle
Haviland RSF
Haas Haas Stonefire
Memorial IHouse
Wheeler Sproul
Minor Hargrove
McLaughlin McLaughlin
HearstAnnex Anthony
Cheit Cheit
Sather Martinez Barker Unit3 OCF
Hearst Warren Cloyne Hearst
Bongo Metropolitan
Davis Davis
Baker Baker Fiji
McCone CKerr
Pavilion PeoplePark
Simons Legends TriDelta Unit2
