0 100 106 146 106 100 0 100 101 113 185 113 101 100 0 100 101 115 197 115 101 100 0 100 101 108 101 100 0 17 45 17 0 86 20 86 0 3 4 87 4 3 0 3 51 3 0 57 0 31 89 26 89 31 0
18
89 1 89
4 4 14 49 63 96
17 5 13 17 22 42 44 65 66 68 70 77
31 7 24 25 31 35 53 59 72
86 10 62 81 82 83 85 86 90 98 99
3 18 28 29 54 55 56 58 75
20 20 43
57 21 57
26 26
51 51
87 87
100 100 102 104 105 118 121 123 124 127 128 130 136 138 151 152 153
101 101 109 112 117 167 168 169 171 172 173 175 177 178 179 180 182 198
106 106 142 144 145 147 149
113 113 188 189
146 146
108 154 156 158 160
115 194 196
