86 150 95 150 86 128 151 37 151 128 86 67 115 130 166 19 49 125 86 67 71 61 107 61 71 67 86 128 63 128 86 67 2 187 2 67 86 67 114 52 114 67 86 133 39 149 39 133 86
24
114 1 8 94 105 121
2 2
128 5 6 22 26 56 76 110 117 199
187 10 35 82
37 11 28 41 73 84 97 126 139
95 13 57 72 148 156 157
49 14 122 123
151 17 27 160 184 192 194
19 19 45 106
61 21 30 44 48 51 69 129 137 189
133 36 92 116 152
130 38 66 132 138 146 179
52 52
115 53 89 90 91 100 101 113 159 173 174
67 54 93 140 198
150 64 87 150 153 158 163 181
71 71
63 74 75 145
107 107 196
86 120 169
125 125
149 149
166 154 175 183
39 177 185
