0 15 14 12 16 12 14 15 0 15 14 12 16 17 13 9 20 18 7 18 20 9 13 17 16 12 14 15 0 15 14 12 16 17 13 9 20 19 32 19 20 9 13 17 16 12 14 15 0 15 14 12 16 17 13 9 20 21 30 29 23 24 23 29 30 21 20 9 13 17 16 12 14 15 0 15 14 12 16 17 13 9 20 21 30 35 37 38 41 38 37 35 30 21 20 9 13 17 16 12 14 15 0 50 65 64 62 66 67 63 59 60 59 63 67 66 62 64 65 50 0 50 65 64 62 66 67 63 59 70 71 70 59 63 67 66 62 64 65 50 0 50 65 64 62 66 67 63 59 70 71 80 79 73 79 80 71 70 59 63 67 66 62 64 65 50 0 50 65 64 62 66 67 63 59 70 71 80 85 87 88 86 92 86 88 87 85 80 71 70 59 63 67 66 62 64 65 50 0 50 65 64 62 66 67 63 59 70 69 82 84 95 84 80 71 70 59 63 67 66 62 64 65 50 0
22
0 1
14 2 3
13 4
7 5 6
9 10
30 22
24 24 25 26
23 27
32 33 44 47 48 49
38 36 42 46
41 40 41
50 51
64 52 53
63 54
70 55 56
60 60
80 72
73 74 75 76 77
84 83 94 97 98 99
86 86
88 90 91
92 92 96
