0 15 14 3 14 15 0 15 14 12 16 17 13 9 20 19 20 9 13 17 16 12 14 15 0 15 14 12 16 17 13 9 20 21 30 29 23 24 26 24 23 29 30 21 20 9 13 17 16 12 14 15 0 15 14 12 16 17 13 9 20 21 30 35 37 38 39 38 37 35 30 21 20 9 13 17 16 12 14 15 0 50 65 64 62 66 67 63 59 63 67 66 62 64 65 50 0 50 65 64 62 66 67 63 59 70 68 57 68 70 59 63 67 66 62 64 65 50 0 50 65 64 62 66 67 63 59 70 71 80 85 87 85 80 71 70 59 63 67 66 62 64 65 50 0 50 100 115 114 112 116 112 114 115 100 50 0 50 100 115 114 112 116 117 113 109 120 118 107 108 105 108 107 118 120 109 113 117 116 112 114 115 100 50 0 50 100 115 114 112 116 117 113 109 120 121 130 135 137 135 130 121 120 109 113 117 116 112 114 115 100 50 0 50 100 115 114 112 116 117 113 109 120 121 130 135 137 138 141 138 137 135 130 121 120 109 113 117 116 112 114 115 100 50 0 50 100 150 165 164 153 152 153 164 165 150 100 50 0 50 100 150 165 164 162 166 167 163 159 170 168 157 158 156 158 157 168 170 159 163 167 166 162 164 165 150 100 50 0 50 100 150 199 198 194 197 183 184 180 185 187 188 191 188 187 185 180 184 183 197 194 198 199 150 100 50 0
41
0 1
3 2 3
13 4
20 5 6
9 10
30 22 33 44 47 48 49
24 24
26 25 26
23 27
38 36 40 41 42 46
50 51
64 52 53
63 54
57 55 56
59 60
80 72 74 75 76 77 83 94 97 98 99
87 86 90 91 92 96
100 101
114 102 103
113 104
105 105
108 106
109 110
130 122 124 125 126 127 133 144 147 148 149
138 136 142 146
141 140 141
150 151
152 152
153 153
163 154
158 155
156 156
159 160
180 172 174 175 176 177
183 183
188 186 192 196
191 190 191
194 194
197 197
198 198
199 199
