142 121 137 135 56 135 137 121 142 121 137 135 56 156 33 133 33 156 56 135 137 121 142 121 137 107 62 47 20 47 62 107 137 121 142 121 137 135 171 140 116 40 116 140 171 135 137 121 142 167 151 181 153 165 73 13 10 13 73 165 153 181 151 167 142 121 137 135 171 140 30 139 154 1 100 163 100 1 154 139 30 140 171 135 137 121 142 132 187 51 3 174 4 174 3 51 187 132 142 121 58 130 65 141 99 54 114 54 99 141 65 130 58 121 142 121 137 135 171 63 149 26 149 63 171 135 137 121 142 121 137 135 171 140 129 140 171 135 137 121 142 121 137 135 171 17 6 128 122 64 69 64 122 128 6 17 171 135 137 121 142 121 137 66 106 111 90 111 106 66 137 121 142 121 137 66 44 66 137 121 142
40
3 3
4 4 46 108
47 7
54 14 178
130 16 60 124
56 21 157
149 22
153 23
30 30
163 31
33 33
100 34
63 35 63
156 38
132 39 115
128 41
44 44
137 48 76 137
17 55 186
58 58
64 64
69 69 158 195
181 70 91 181
90 77 90
187 89
151 93 144 151
135 97
106 106 127
121 121
129 129
133 133
140 140 177
141 141
139 145
99 150
154 159
167 167
174 174
26 183
116 197
