lQCi69J0eWVlNqqKnSXq E91XnzjC8fk7WmI2LnAz TULA7h1TJjCcU7b7ewMK E91XnzjC8fk7WmI2LnAz lQCi69J0eWVlNqqKnSXq 24jW8KIc1KJpj5ibhLpV wlKpBtU5YVdE9Uq6V4z5 24jW8KIc1KJpj5ibhLpV lQCi69J0eWVlNqqKnSXq fMvZCv2axIFhKiMGKmK5 5j3nVbxEAEFTUe3GDbN0 fMvZCv2axIFhKiMGKmK5 lQCi69J0eWVlNqqKnSXq 24jW8KIc1KJpj5ibhLpV yytanXsBcYsWB0S4zr6x TDEVUkFlcjUpqrP6Bynx yytanXsBcYsWB0S4zr6x 24jW8KIc1KJpj5ibhLpV lQCi69J0eWVlNqqKnSXq E91XnzjC8fk7WmI2LnAz EP0h2hGKZhLlRDvb1dHn Q6Q14vRaFSx82FDA8F9j EP0h2hGKZhLlRDvb1dHn E91XnzjC8fk7WmI2LnAz lQCi69J0eWVlNqqKnSXq E91XnzjC8fk7WmI2LnAz r3dhOjzNOGrPmQjmHU4D E91XnzjC8fk7WmI2LnAz lQCi69J0eWVlNqqKnSXq 24jW8KIc1KJpj5ibhLpV sNxtKpoSG9BFpERxjNr1 NdzV8TNRFhnjMNZlaGI4 sNxtKpoSG9BFpERxjNr1 24jW8KIc1KJpj5ibhLpV lQCi69J0eWVlNqqKnSXq fMvZCv2axIFhKiMGKmK5 Ov5tQy1KeHsti8dfTOIQ sAR5WnnNshpkwOniAudb Ov5tQy1KeHsti8dfTOIQ fMvZCv2axIFhKiMGKmK5 lQCi69J0eWVlNqqKnSXq 6WjkeAWWKDbY507hYxDN GzTC6SyDfi06snBYRanw sX8C3CP6kza3VNKEcdNn GzTC6SyDfi06snBYRanw 6WjkeAWWKDbY507hYxDN lQCi69J0eWVlNqqKnSXq 6WjkeAWWKDbY507hYxDN 2fRxkCAZVyHGHkq3Bl9E zdGOEur0Se3VWD6mlq5H 2fRxkCAZVyHGHkq3Bl9E 6WjkeAWWKDbY507hYxDN lQCi69J0eWVlNqqKnSXq 6WjkeAWWKDbY507hYxDN ivkDNojPLqpGb4cpDTON aAHnKpmemgrMwy9POpn9 ivkDNojPLqpGb4cpDTON 6WjkeAWWKDbY507hYxDN lQCi69J0eWVlNqqKnSXq fMvZCv2axIFhKiMGKmK5 HdqcKlipoTYMzJchffld IR7mOQhWXsCDKM4Cc4wS HdqcKlipoTYMzJchffld fMvZCv2axIFhKiMGKmK5 lQCi69J0eWVlNqqKnSXq
20
2fRxkCAZVyHGHkq3Bl9E CR5QbErmAVyIHQJyDFi9 AeT8ezBVfSNgGpCCNvM1
sAR5WnnNshpkwOniAudb sAR5WnnNshpkwOniAudb
wlKpBtU5YVdE9Uq6V4z5 vnCWjVmMdmciaoCYnqW8 Ts2UPoejx7dwuInV9kms kdGczSrviM1C416w1kdh
TULA7h1TJjCcU7b7ewMK XeZKiAoyYZL9P7yBThlM pStp5oJ3mwz5HNV7VA81 u4CAydwAhszp7tM3ILy0
GzTC6SyDfi06snBYRanw sC8YSc2m8uVyLGRtJAJm tqCzeJHrHXSMuAlQdk95
r3dhOjzNOGrPmQjmHU4D zbjpBk6LD1KcRmfqCimG 5RtoZI2od7I5NUCXiQ20 ji2Hl3ZRuTNdz55QI9iS
EP0h2hGKZhLlRDvb1dHn m3HnuJcMZr0UjXE6y0Yj lfvGd547iXhkHQ8AjYpO
HdqcKlipoTYMzJchffld G1Ecvcz8fZufY9CV0J2K h4lv4AWoIyOY4fsmP5xB
yytanXsBcYsWB0S4zr6x 0LTuG9BRd9b62kO39lM2 0jsnTC6pUdifVPvCGLLe
5j3nVbxEAEFTUe3GDbN0 76IyG9JBAhW2KiBt5QKY z8GF8LystXVXiuprVyTh 9ZAwlDiWc0OkYVLdPP18
IR7mOQhWXsCDKM4Cc4wS IR7mOQhWXsCDKM4Cc4wS
ivkDNojPLqpGb4cpDTON yXTGXN4mJmD1MMnwU5DV V6XJoCUDWAqZklsSLeM6
zdGOEur0Se3VWD6mlq5H zdGOEur0Se3VWD6mlq5H
NdzV8TNRFhnjMNZlaGI4 NdzV8TNRFhnjMNZlaGI4
sX8C3CP6kza3VNKEcdNn sX8C3CP6kza3VNKEcdNn
sNxtKpoSG9BFpERxjNr1 dSR37cF2irO0NLfFwZy0 55xYloQMeVs9kVzx8cN5
Ov5tQy1KeHsti8dfTOIQ jsvSfTN8RLw8M7n8jb8D Rl9sd4PENsPVd55C9qNS
TDEVUkFlcjUpqrP6Bynx TDEVUkFlcjUpqrP6Bynx
aAHnKpmemgrMwy9POpn9 aAHnKpmemgrMwy9POpn9
Q6Q14vRaFSx82FDA8F9j Q6Q14vRaFSx82FDA8F9j
