zMnoKpsz12d1Y6CixoCL hdXOmxRAbu0HN40emwgb RLriJ3z2V3NV2Vo1oURR dakEfF8eF1B4IYsSGGLe 9XhdonQsTDmLQknJ4xeP dakEfF8eF1B4IYsSGGLe RLriJ3z2V3NV2Vo1oURR hdXOmxRAbu0HN40emwgb zMnoKpsz12d1Y6CixoCL WErCaTW8MMgw3ZAta1gT tXtX3vcLWOYDJBh3QgZt 1Tm2BSSz9mj8o3m9o0TB 5VNO6t8qAcR3d5jJgfi4 1Tm2BSSz9mj8o3m9o0TB tXtX3vcLWOYDJBh3QgZt WErCaTW8MMgw3ZAta1gT zMnoKpsz12d1Y6CixoCL vPVOeWczn8eJlf3Gviol BKvWsgveG3lQHgeNBv62 ybqDdUoaPknlNwzZFeto FHGlzd4VlMUVjTba9Qjm ybqDdUoaPknlNwzZFeto BKvWsgveG3lQHgeNBv62 vPVOeWczn8eJlf3Gviol zMnoKpsz12d1Y6CixoCL hdXOmxRAbu0HN40emwgb LdDKuyalK5FXEd1h8XJt YqOJXOtRcgzFFRGKRutM Ryx97mzVLWHytqmLAKlJ YqOJXOtRcgzFFRGKRutM LdDKuyalK5FXEd1h8XJt hdXOmxRAbu0HN40emwgb zMnoKpsz12d1Y6CixoCL vPVOeWczn8eJlf3Gviol BKvWsgveG3lQHgeNBv62 ybqDdUoaPknlNwzZFeto fat0ktgmwPXvqLhmWfJ0 mUERvxQcAO2XlgBTPRGA fat0ktgmwPXvqLhmWfJ0 ybqDdUoaPknlNwzZFeto BKvWsgveG3lQHgeNBv62 vPVOeWczn8eJlf3Gviol zMnoKpsz12d1Y6CixoCL vPVOeWczn8eJlf3Gviol LBRpsuMfPp9LEzGTlw5t BVbv363irLjfCXrWQjqn MDHuBmBbeFOGqzpuNmVz BVbv363irLjfCXrWQjqn LBRpsuMfPp9LEzGTlw5t vPVOeWczn8eJlf3Gviol zMnoKpsz12d1Y6CixoCL hdXOmxRAbu0HN40emwgb dgvhUwh5BJRBJnc00LMu WCUwzDEkBlRrgSeSv9vv 5cjkSqVe5mFfFhCgwe8r WCUwzDEkBlRrgSeSv9vv dgvhUwh5BJRBJnc00LMu hdXOmxRAbu0HN40emwgb zMnoKpsz12d1Y6CixoCL WErCaTW8MMgw3ZAta1gT PVcbdr9b4cXQbbu8InjK QHym2s92VJ8ycxMeFawz pkPHvGrHHriGlmiL3mRW QHym2s92VJ8ycxMeFawz PVcbdr9b4cXQbbu8InjK WErCaTW8MMgw3ZAta1gT zMnoKpsz12d1Y6CixoCL vPVOeWczn8eJlf3Gviol LBRpsuMfPp9LEzGTlw5t B56U06r3nz3RZaXVmiK2 xBNbU9Yu51mQvClxjQdr B56U06r3nz3RZaXVmiK2 LBRpsuMfPp9LEzGTlw5t vPVOeWczn8eJlf3Gviol zMnoKpsz12d1Y6CixoCL hdXOmxRAbu0HN40emwgb LdDKuyalK5FXEd1h8XJt kHWDWFJURX8TBbDnLSlR LdDKuyalK5FXEd1h8XJt hdXOmxRAbu0HN40emwgb zMnoKpsz12d1Y6CixoCL vPVOeWczn8eJlf3Gviol BKvWsgveG3lQHgeNBv62 hzqXRQPGO5tnMpQYDdxn BKvWsgveG3lQHgeNBv62 vPVOeWczn8eJlf3Gviol zMnoKpsz12d1Y6CixoCL vPVOeWczn8eJlf3Gviol 73GclC6XOTCjqTwHSUFH g6l3PryZJRSAXJGUyq22 2DqN6NYyebkVczAnrbNI g6l3PryZJRSAXJGUyq22 73GclC6XOTCjqTwHSUFH vPVOeWczn8eJlf3Gviol zMnoKpsz12d1Y6CixoCL WErCaTW8MMgw3ZAta1gT PVcbdr9b4cXQbbu8InjK jS5XJP3bXemMgWyvfsmt CcIlGrru613gqyngyuYo jS5XJP3bXemMgWyvfsmt PVcbdr9b4cXQbbu8InjK WErCaTW8MMgw3ZAta1gT zMnoKpsz12d1Y6CixoCL vPVOeWczn8eJlf3Gviol 73GclC6XOTCjqTwHSUFH 5jE3DcSbPJWRITx0u2Kf 9q9h29089dBsNERnjXsd 5jE3DcSbPJWRITx0u2Kf 73GclC6XOTCjqTwHSUFH vPVOeWczn8eJlf3Gviol zMnoKpsz12d1Y6CixoCL vPVOeWczn8eJlf3Gviol BKvWsgveG3lQHgeNBv62 RIRtIJewArUY7i7A6OEl szEChRtMF49nUq5i634G RIRtIJewArUY7i7A6OEl BKvWsgveG3lQHgeNBv62 vPVOeWczn8eJlf3Gviol zMnoKpsz12d1Y6CixoCL WErCaTW8MMgw3ZAta1gT EFVi1RMWM28DYYdOxVze FwLnZPETaUkrkp7dE0hH EFVi1RMWM28DYYdOxVze WErCaTW8MMgw3ZAta1gT zMnoKpsz12d1Y6CixoCL hdXOmxRAbu0HN40emwgb dgvhUwh5BJRBJnc00LMu TuA4wNSOMjTMUxZ5fZWx WdpiLe9uZpnuS9WMphYw TuA4wNSOMjTMUxZ5fZWx dgvhUwh5BJRBJnc00LMu hdXOmxRAbu0HN40emwgb zMnoKpsz12d1Y6CixoCL hdXOmxRAbu0HN40emwgb RLriJ3z2V3NV2Vo1oURR GhNWfyijkz8OKJbptIGO EvdCmEq3CXPDtnZYkiVu GhNWfyijkz8OKJbptIGO RLriJ3z2V3NV2Vo1oURR hdXOmxRAbu0HN40emwgb zMnoKpsz12d1Y6CixoCL vPVOeWczn8eJlf3Gviol 73GclC6XOTCjqTwHSUFH JOo21iuZtHvP9sSModQZ QmCq2RCVgnssPOgSwAr8 JOo21iuZtHvP9sSModQZ 73GclC6XOTCjqTwHSUFH vPVOeWczn8eJlf3Gviol zMnoKpsz12d1Y6CixoCL WErCaTW8MMgw3ZAta1gT tXtX3vcLWOYDJBh3QgZt e7oVwvEXzQVG9DeK8uQS olgHJpCT79b6HED7FUWa e7oVwvEXzQVG9DeK8uQS tXtX3vcLWOYDJBh3QgZt WErCaTW8MMgw3ZAta1gT zMnoKpsz12d1Y6CixoCL hdXOmxRAbu0HN40emwgb RLriJ3z2V3NV2Vo1oURR oJor9EUgXhaXPDmChml7 RLriJ3z2V3NV2Vo1oURR hdXOmxRAbu0HN40emwgb zMnoKpsz12d1Y6CixoCL WErCaTW8MMgw3ZAta1gT EFVi1RMWM28DYYdOxVze UkKARQyd3ZxfrQwOeW0R u91JdIwHTd2zumpXCvmK UkKARQyd3ZxfrQwOeW0R EFVi1RMWM28DYYdOxVze WErCaTW8MMgw3ZAta1gT zMnoKpsz12d1Y6CixoCL hdXOmxRAbu0HN40emwgb LdDKuyalK5FXEd1h8XJt OcyqfDTyG7wfT1rvpitz uqAmYQiu3O0THeAaPzKH OcyqfDTyG7wfT1rvpitz LdDKuyalK5FXEd1h8XJt hdXOmxRAbu0HN40emwgb zMnoKpsz12d1Y6CixoCL vPVOeWczn8eJlf3Gviol LBRpsuMfPp9LEzGTlw5t hH5yU5IgxmmStVnXEBJ1 3mTCmcCkVhhFn533BM03 hH5yU5IgxmmStVnXEBJ1 LBRpsuMfPp9LEzGTlw5t vPVOeWczn8eJlf3Gviol zMnoKpsz12d1Y6CixoCL WErCaTW8MMgw3ZAta1gT PVcbdr9b4cXQbbu8InjK IcoYVabhkC8yNYJgy44V PVcbdr9b4cXQbbu8InjK WErCaTW8MMgw3ZAta1gT zMnoKpsz12d1Y6CixoCL hdXOmxRAbu0HN40emwgb dgvhUwh5BJRBJnc00LMu 50qWynRev5CSErzk8Yih 3fQHkf8pseCy7Ys4Kez5 50qWynRev5CSErzk8Yih dgvhUwh5BJRBJnc00LMu hdXOmxRAbu0HN40emwgb zMnoKpsz12d1Y6CixoCL WErCaTW8MMgw3ZAta1gT EFVi1RMWM28DYYdOxVze M3MAG2lM6nUmTjQ3nD4D PrzulPuk0tqiNKmdjp0X M3MAG2lM6nUmTjQ3nD4D EFVi1RMWM28DYYdOxVze WErCaTW8MMgw3ZAta1gT zMnoKpsz12d1Y6CixoCL
49
FwLnZPETaUkrkp7dE0hH ZvocIzADG7dBR58wmnu8 KBGTLYOWLSviflcWwd9y 9c21VhIQJbtu6kG4NZT4
IcoYVabhkC8yNYJgy44V dBvruVRsFq4ihmzPj7nf GaG5DAqLVuTD09GfUl6l U8fsnzMIN4aMdzToihTq
QHym2s92VJ8ycxMeFawz KP4zLIZ5LMWJ6mkRn6BX QFT8yfDPa0xDNdRMchX3
JOo21iuZtHvP9sSModQZ oDA5VKbLZuTPP2ZEB14d T7hLF9jTtc4htoAH0PWD
1Tm2BSSz9mj8o3m9o0TB ZcpnIKUrL8i4GzxAolZX 07iKiKtYzy9bLoKUo0ve
szEChRtMF49nUq5i634G szEChRtMF49nUq5i634G
9XhdonQsTDmLQknJ4xeP 9XhdonQsTDmLQknJ4xeP
kHWDWFJURX8TBbDnLSlR dUDrtIP8WIldh2FT7uba W8ft2Hcg1VXPVNTpprS3 mTYxpEwVJTp369cmBN7S
dakEfF8eF1B4IYsSGGLe yE3wNgUIJB0oZwUjLCMo YIAlamFOfZeHd5qDll32
hzqXRQPGO5tnMpQYDdxn XKYNaFpYuIx7Zx7vNANa bclRgmmOqfg3PHQz06qB 8s4ukhLgGBoor0D87KUr
GhNWfyijkz8OKJbptIGO lcq8BXTLE4WDnj4JF3yo VxRxz5foWagBafuSz1m4
5jE3DcSbPJWRITx0u2Kf NieXnWTTyXxCRp5CSl0i gM8AHyLc0ZjUxmDMuXzJ
pkPHvGrHHriGlmiL3mRW pkPHvGrHHriGlmiL3mRW
xBNbU9Yu51mQvClxjQdr xBNbU9Yu51mQvClxjQdr
WdpiLe9uZpnuS9WMphYw WdpiLe9uZpnuS9WMphYw
hH5yU5IgxmmStVnXEBJ1 oougNPfNRCSRCWJrOUlb Y2BEa9hp0T63SlTWXenG
OcyqfDTyG7wfT1rvpitz G6KTAOxQU8MNiSLazU1t sNJuS4R6b6KAUX5QI4md
jS5XJP3bXemMgWyvfsmt ZSg6FSZaRCTLmeHoLgMI Vv2apUMOUSvB9J5u8yJr
g6l3PryZJRSAXJGUyq22 RvFA5khunRjN3Z7dmUKr Armxs904ujfdAYn9LtOF
oJor9EUgXhaXPDmChml7 FDT7h4JKMRWa9fcDNmXs TzlCRBgA0Q2cCjETm7Vx C3qGKxHtliSTI7oOnHoB
TuA4wNSOMjTMUxZ5fZWx jdgXkfbupFQ0XUNJEyvU JzMVZjOikutQZg00S8wX
Ryx97mzVLWHytqmLAKlJ Ryx97mzVLWHytqmLAKlJ
BVbv363irLjfCXrWQjqn nfdt04yvrwrpPVPzIy2c 34ScKN0pHkNmnxdkoIOC
3fQHkf8pseCy7Ys4Kez5 3fQHkf8pseCy7Ys4Kez5
5VNO6t8qAcR3d5jJgfi4 5VNO6t8qAcR3d5jJgfi4
RIRtIJewArUY7i7A6OEl FqxzURcIHYyg2FOpiXCN cthtNVKVABeolrPabegT
e7oVwvEXzQVG9DeK8uQS ARorC1kPdEun4czh3dmX bUGtOHLCdzsNiRxcLtaT
M3MAG2lM6nUmTjQ3nD4D GfpGWz1SaDeisCQVEJrI z2nBS9pweVYpDmW0fMRS
FHGlzd4VlMUVjTba9Qjm FHGlzd4VlMUVjTba9Qjm
CcIlGrru613gqyngyuYo CcIlGrru613gqyngyuYo
u91JdIwHTd2zumpXCvmK u91JdIwHTd2zumpXCvmK
olgHJpCT79b6HED7FUWa olgHJpCT79b6HED7FUWa
3mTCmcCkVhhFn533BM03 3mTCmcCkVhhFn533BM03
B56U06r3nz3RZaXVmiK2 MyPRIiIVlLarPoP5nZfy Y0dqIYSR4P9Br1Cq3f9U
uqAmYQiu3O0THeAaPzKH uqAmYQiu3O0THeAaPzKH
5cjkSqVe5mFfFhCgwe8r 5cjkSqVe5mFfFhCgwe8r
ybqDdUoaPknlNwzZFeto WELPo1XEQnG4JejlB13A z6gtkXCB2ntSiYsjrque
PrzulPuk0tqiNKmdjp0X PrzulPuk0tqiNKmdjp0X
WCUwzDEkBlRrgSeSv9vv ofmz95sRAyIS0ShQndvb 15e7umNMnawEegsOhkYh
fat0ktgmwPXvqLhmWfJ0 qSLkk45Evo68Y4JhMUq7 mNuLv0WHsIRpWEdSUREd
UkKARQyd3ZxfrQwOeW0R JKKWZrMfMDLTYQt6t5Ap OMLAPgVr1RosMrpENk9K
mUERvxQcAO2XlgBTPRGA mUERvxQcAO2XlgBTPRGA
YqOJXOtRcgzFFRGKRutM HAc1Ylu9mrUmnheKISnK JPD2uBroiElzO4z72vhQ
50qWynRev5CSErzk8Yih Vkpfkc0JUDpakJkZipKD QTgsp1BfPDsixeeH6QUT
2DqN6NYyebkVczAnrbNI 2DqN6NYyebkVczAnrbNI
MDHuBmBbeFOGqzpuNmVz MDHuBmBbeFOGqzpuNmVz
EvdCmEq3CXPDtnZYkiVu EvdCmEq3CXPDtnZYkiVu
QmCq2RCVgnssPOgSwAr8 QmCq2RCVgnssPOgSwAr8
9q9h29089dBsNERnjXsd 9q9h29089dBsNERnjXsd
