1 2 3 14 3 2 1 5 6 27 28 32 28 27 6 5 1 5 6 35 36 40 36 35 6 5 1 5 6 43 44 48 44 43 6 5 1 5 6 43 44 48 49 55 56 57 58 59 60 61 62 61 60 59 58 57 56 55 49 48 44 43 6 5 1 98 97 96 95 94 93 92 91 90 89 88 87 86 85 84 83 77 76 75 74 73 74 75 76 77 83 84 85 86 87 88 89 90 91 92 93 94 95 96 97 98 1 98 97 96 95 94 93 92 91 90 89 88 87 86 85 84 83 77 80 77 83 84 85 86 87 88 89 90 91 92 93 94 95 96 97 98 1 98 97 96 95 94 93 92 91 90 91 92 93 94 95 96 97 98 1
23
2 2
3 4
5 5
6 7
14 10 12 13 15 18 20
27 21 23 26
28 28 29
32 31
35 34
36 36 37
40 39
43 42
44 44 45
48 47
49 50 51 52 53 54
62 64 65 66 67 68
77 78 79 81 82
80 80
92 92
93 93
94 94
95 95
96 96
