1 200 196 195 150 149 150 195 196 200 1 5 6 139 138 139 6 5 1 200 196 195 182 195 196 200 1 5 6 115 6 5 1 200 196 195 62 195 196 200 1 5 6 67 68 72 68 67 6 5 1 5 6 75 76 80 76 75 6 5 1 200 196 195 94 93 89 93 94 195 196 200 1 200 196 195 166 167 166 195 196 200 1 200 196 195 166 165 166 195 196 200 1 5 6 123 6 5 1 200 196 195 46 47 46 195 196 200 1 200 196 195 38 37 33 37 38 195 196 200 1
31
1 2
5 4 5 13
6 7 10 12
195 15 21 23 55 103 175 189 191 194
150 18 20 106 108 130 151
38 26 39
33 28 29 31 34
37 36 37
46 42 45
47 44 47 53
62 50 52 58 60 61 63
67 66
68 68 69
72 71
75 74
76 76 77
80 79 82 85
89 84 87 90
93 92 93 101
94 95 98 100
115 109 111 114 116 117 119 127
123 122 124 125 133 135
138 132 138 141
139 140
149 143 146 148 149 157
166 154
165 156 159 162 164 165
167 167 173
182 170 172 178 180 181 183 186
196 188 196 197
200 199
