Ippudo Platano Soda HildebrandHall NatApartment Cory NatApartment HildebrandHall Soda Platano Ippudo Platano Soda HildebrandHall NatApartment Rachas Gadani Marugame Etcheverry Marugame Gadani Rachas NatApartment HildebrandHall Soda Platano Ippudo Platano Soda HildebrandHall NatApartment Rachas SutardjaDai ThaiBasil Milkbomb BotanicalGardens SteamTrains BotanicalGardens Milkbomb ThaiBasil SutardjaDai Rachas NatApartment HildebrandHall Soda Platano Ippudo Platano Soda HildebrandHall TPTea Campanile LeConte AmoebaMusic SnackShack AmoebaMusic LeConte Campanile TPTea HildebrandHall Soda Platano Ippudo Platano Gypsys EastAsianLibrary Campbell HearstMining Chipotle HAAS Mezzo BerkeleyArtStudio Quicklys BerkeleyArtStudio Mezzo HAAS Chipotle HearstMining Campbell EastAsianLibrary Gypsys Platano Ippudo Platano Gypsys EastAsianLibrary Campbell HearstMining Chipotle HAAS Mezzo Moffit Mezzo HAAS Chipotle HearstMining Campbell EastAsianLibrary Gypsys Platano Ippudo Platano Gypsys EastAsianLibrary Campbell Eureka Ikes DurantHall ZellerbachHall McDonalds Morrisonhall McDonalds ZellerbachHall DurantHall Ikes Eureka Campbell EastAsianLibrary Gypsys Platano Ippudo Platano Gypsys EastAsianLibrary Campbell Eureka Ikes Fengcha HavilandHall Bonchon HavilandHall Fengcha Ikes Eureka Campbell EastAsianLibrary Gypsys Platano Ippudo Platano Gypsys EastAsianLibrary Campbell Eureka Ikes SweetheartCafe Ikes Eureka Campbell EastAsianLibrary Gypsys Platano Ippudo Platano Gypsys EastAsianLibrary Campbell HearstMining Chipotle HearstMining Campbell EastAsianLibrary Gypsys Platano Ippudo
32
Chipotle Wheeler NorthHall OptometryBuilding Yifang SatherGate Chipotle GreatChina Target LaBurrita
SteamTrains HortonHall KroeberHall ClarkKerr Underhill Shengkee Plentea PokeBar BSC JambaJuice Homeroom
Cory LatimerHall SproulHall Jupiter
LeConte LewisHall AshaTeaHouse TacoBell Cafe3 ThaiNoodle ExtremePizza Wikiwiki LaNote
Milkbomb Morganhall Milkbomb SuperDuperBurgers
Morrisonhall Morrisonhall
ThaiBasil MulfordHall Kips ThaiBasil EastBaySpiceCompany TheHabit Muraccis
McDonalds McDonalds Pappys
Bonchon Bonchon TripleRock Slivers Gather
Quicklys Firewings Quicklys TopDog
SnackShack HappyLemon Artichokes BigC LowerSproul SnackShack TenderGreens
Fengcha Ucha Fengcha UCafe Crossroads SmokesPoutinerie BobaNinja AndrewsApartment TheDwight
Ikes Gongcha Ikes Teazone
TPTea TPTea StrawberryCreek Cheeseboard
Marugame Raretea Marugame ImmThai
Etcheverry TraderJoes
SutardjaDai Safeway
NatApartment BetaLounge
HavilandHall Spats TukTukThai GrizzlyPeak
Campanile Cornerstone ChezPanisse UrbanOutfitters
Gadani WursterHall HalalGuys Gadani
Campbell MemorialGlade Namaste
EastAsianLibrary EastAsianLibrary LittleCampanile
Mezzo Mezzo
Gypsys Gypsys
Eureka Eureka
Platano Platano
SweetheartCafe PeoplesCafe SweetheartCafe
Rachas Rachas BanshoRamen
HAAS Venus
BerkeleyArtStudio SaturnCafe BerkeleyArtStudio
AmoebaMusic AmoebaMusic
