Evans WursterHall Plentea StrawberryCreek MemorialGlade Milkbomb BigC Milkbomb MemorialGlade StrawberryCreek Plentea WursterHall Evans WursterHall Plentea StrawberryCreek GreekTheatre CanyonPool GreekTheatre StrawberryCreek Plentea WursterHall Evans WursterHall Cornerstone Firewings CaliforniaHall InternationalHouse CaliforniaHall Firewings Cornerstone WursterHall Evans WursterHall Campbell Eshelman Marugame McDonalds Marugame Eshelman Campbell WursterHall Evans WursterHall KroeberHall Barrows HortonHall UniversityVillage HortonHall Barrows KroeberHall WursterHall Evans WursterHall KroeberHall Bowles HilgardHall AshaTeaHouse ImmThai AshaTeaHouse HilgardHall Bowles KroeberHall WursterHall Evans WursterHall Cornerstone Firewings RSF Underhill LewisHall Underhill RSF Firewings Cornerstone WursterHall Evans Artichokes Foothill Artichokes Evans
26
Plentea Doe MLK Soda SutardjaDai HildebrandHall
StrawberryCreek HearstMining VLSB
UniversityVillage Wheeler BerkeleyWayWest UniversityVillage
Marugame Campanile Dwinelle Gilman ThaiNoodle
HortonHall LeConte MemorialStadium
WursterHall Moffit
Milkbomb SouthHall HesseHall
CaliforniaHall CaliforniaHall
Bowles Bowles Unit3 Boalt
Cornerstone BancroftLibrary ZellerbachHall HavilandHall
Campbell DurantHall Campbell
Barrows Stern Unit2 Barrows
GreekTheatre GreekTheatre GiauqueHall
Foothill BAMPFA Unit1 Foothill HAAS
BigC LawrenceHall
InternationalHouse InternationalHouse
RSF RSF
Underhill Blackwell
Eshelman Eshelman
Evans Cory
ImmThai AlumniHouse
LewisHall BotanicalGardens DavisHall
CanyonPool CanyonPool
MemorialGlade Kresge
KroeberHall Etcheverry
HilgardHall HilgardHall
