S F K 2 X 3 X 2 K F S F K 2 X 3 L 13 18 22 50 131 F3 K3 70 K3 F3 131 50 22 18 13 L 3 X 2 K F S F K 2 X 3 L 13 18 22 50 131 F3 K3 70 76 91 L3 91 76 70 K3 F3 131 50 22 18 13 L 3 X 2 K F S F K 2 X 3 L 13 18 22 50 131 F3 K3 70 76 91 L3 113 114 115 116 106 105 107 C3 W3 80 66 60 55 Z3 Z2 R2 M2 H2 C2 B2 I 1 V N U D C B S F K 2 X 3 L 13 18 22 50 131 F3 K3 70 71 78 V3 79 80 66 60 55 Z3 Z2 R2 M2 H2 C2 B2 I 1 V N U D C B S F K 2 X 3 L 13 18 22 50 131 128 129 130 73 X2 R 16 11 I 1 V N U D C B S F K 2 X 3 L 13 18 22 23 W2 X2 R 16 11 I 1 V N U D C B S F K 2 X 3 L 9 Y 11 G2 H2 C2 B2 I 1 V N U D C B S F K 2 T 6 V 38 39 34 30 25 24 D C B S
45
S A
B B P
C C
D D
F E F
U U
K J K
6 M Z
N N
2 O
T T
V V
X W X
3 G
9 H
I I
B2 B2
C2 C2 D2 E2 F2
L L
Y Y
G2 G2 L2
H2 H2 I2 J2 K2
M2 M2 N2 O2 P2
R R
R2 Q2 R2 T2 U2 V2
22 Q
W2 W2
X2 X2
Z2 Y2 Z2 A3
50 Q3
Z3 Z3 B3
55 A2
F3 E3 F3
128 P3
130 U3
K3 J3 K3
78 M3
V3 N3 V3
70 O3
W3 W3 X3 Y3
91 G3 H3
C3 C3 D3
L3 L3
107 I3
105 R3 T3
