0 27 0 125 0 161 162 163 164 165 166 167 168 169 170 169 168 167 166 165 164 163 162 161 0 29 69 188 189 190 191 192 193 194 195 196 197 198 197 196 195 194 193 192 191 190 189 188 69 29 0 153 0
27
125 2 56 62 95 101 129 145 155
69 3 5 19 59 69 94 112 148
153 7 44 53 67 72 153
27 12 28 31 35 60 86 107 118 120 122 140 142 159 160
0 13 22 24 36 43 47 51 54 61 66 68 77 80 83 102 121 124 133 135 143 146 151 157
161 34 65
29 73
162 162
163 163
164 164
165 165
166 166
167 167
168 168
169 169
170 170 171 172 173 174 175 176 177 178 179 180 181 182 183 184 185 186 187
188 188
189 189
190 190
191 191
192 192
193 193
194 194
195 195
196 196
197 197
198 198 199
