AndyandZeyu c AndyandZeyu f0 AndyandZeyu b1 AndyandZeyu j2 AndyandZeyu b4 AndyandZeyu e5 AndyandZeyu AndyandZeyu6 AndyandZeyu i7 AndyandZeyu f8 AndyandZeyu b9 AndyandZeyu e10 AndyandZeyu AndyandZeyu11 AndyandZeyu i12 AndyandZeyu f13 AndyandZeyu b14 AndyandZeyu e15 AndyandZeyu AndyandZeyu16 AndyandZeyu i17 AndyandZeyu f18 AndyandZeyu
20
c f i j
AndyandZeyu g h g1 h1 j1 g2 f3 g3 h3 i3 j3 f4 g4 f6 g6 i6 f7 i8 f9 g9 f11 g11 i11 f12 i13 f14 g14 f16 g16 i16 f17 i18
f0 f0 g0 h0 i0 j0
b1 f1 i1
j2 f2 h2 i2 j2
b4 h4 i4
e5 j4 f5 g5 h5 i5
AndyandZeyu6 j5 h6
i7 j6 g7 h7 i7
f8 j7 f8 g8 h8 j8
b9 h9 i9
e10 j9 f10 g10 h10 i10
AndyandZeyu11 j10 h11
i12 j11 g12 h12 i12
f13 j12 f13 g13 h13 j13
b14 h14 i14
e15 j14 f15 g15 h15 i15
AndyandZeyu16 j15 h16
i17 j16 g17 h17 i17
f18 j17 f18 g18 h18 j18
