0 1 19 20 32 20 19 1 0 1 19 20 32 42 43 51 52 51 43 42 32 20 19 1 0 1 19 20 32 42 43 51 52 62 52 51 43 42 32 20 19 1 0 1 19 20 32 42 43 51 52 62 70 71 72 73 75 73 72 71 70 62 52 51 43 42 32 20 19 1 0 1 19 20 32 42 43 51 52 62 70 71 72 73 75 88 90 88 75 73 72 71 70 62 52 51 43 42 32 20 19 1 0 1 19 20 32 42 43 51 52 62 70 71 72 73 75 88 90 104 108 109 110 111 112 111 110 109 108 104 90 88 75 73 72 71 70 62 52 51 43 42 32 20 19 1 0 199 190 189 174 173 157 156 155 154 153 152 151 147 138 137 130 129 128 129 130 137 138 147 151 152 153 154 155 156 157 173 174 189 190 199 0 199 190 189 174 173 157 156 155 154 153 152 151 147 138 147 151 152 153 154 155 156 157 173 174 189 190 199 0 199 190 189 174 173 157 173 174 189 190 199 0 199 190 189 174 189 190 199 0 199 191 199 0
25
1 2 4 7 15 17
20 23 25
32 30 33 44
51 40 48
42 42
52 53 54 56
62 64 67
72 72
73 76
75 83 86 87
88 91 94 101
90 99
104 105
108 108
112 114 120
128 124 127
130 130
137 136
138 142 146
147 148
154 154
157 158 163 168 172
174 176 178 182 186
190 192 194
191 198
