Soda C9 D5 D7 D5 C9 Soda A5 Soda A D R D A Soda A G A Soda A E P V P E A Soda A F M W M F A Soda a Soda a b k ac aw ac k b a Soda a i w ap w i a Soda a i j aa z as z aa j i a Soda a0 c5 b2 e5 e6 e5 b2 c5 a0 Soda a0 c9 a7 d2 a7 c9 a0 Soda a0 a5 a9 a4 a3 a4 a9 a5 a0 Soda
33
D5 A1 D5
A5 A3 A5 A9 B5 B7 C1 D3
C9 A7 B9 C9 D1 D9
Soda B1 B3 C5 C7 E3 E5 E7
D7 C3 D7 E1
A H J AB AF
G N AP
P P
E Q
D T AS AU AW
W AC AO
V AG
b b ad
a d f h n p r t af ah aj al
j j
k l ab
i v x an
z z
ap ap
as ar
aa at
ac av ax
a7 a1 a7
a3 a3 b5 c1
a5 a5 d3
a9 a9 b7
e5 b1 e5
e6 b3 e7
d2 b9 d1 d9
a0 c3 e1
c5 c5 e3
b2 c7
c9 c9 d5 d7
