ssp200 13 10 2 181 107 113 111 110 111 113 107 181 2 10 13 ssp200 13 10 2 181 182 192 182 181 2 10 13 ssp200 13 10 2 181 167 173 171 170 171 173 167 181 2 10 13 ssp200 13 10 2 181 152 164 152 181 2 10 13 ssp200 13 10 2 181 137 145 148 145 137 181 2 10 13 ssp200 13 10 2 181 122 128 122 181 2 10 13 ssp200 13 10 2 181 92 104 105 104 92 181 2 10 13 ssp200 13 10 2 181 77 85 77 181 2 10 13 ssp200 13 10 2 181 62 74 62 181 2 10 13 ssp200 13 10 2 181 47 53 47 181 2 10 13 ssp200 13 10 2 181 32 38 32 181 2 10 13 ssp200 13 10 2 181 17 24 17 181 2 10 13 ssp200
25
182 183 184 185 186 194 195
192 191
167 168 176 179 180
170 169 170
171 171
152 153 154 155 156 161
164 164 165
137 138 139 140 141 146 149 150
122 123 124 131 134 135
128 125 126
107 108 116 119 120
110 109 110
111 111
92 93 94 95 96 101
104 104
105 105
77 78 79 80 81 86 89 90
62 63 64 65 66 71
74 74 75
47 48 49 56 59 60
53 50 51
32 33 41 44 45
38 34 35 36
17 18 19 20 21 26 29 30
2 3 4 5 6 11 14 15
