Granbull Rufflet Arbok Whismur Arbok Rufflet Granbull Electrode Purrloin Milotic Purrloin Electrode Granbull Rufflet Quilava Spiritomb Quilava Rufflet Granbull Rufflet Arbok Manaphy Arbok Rufflet Granbull Bulbasaur Ursaring Lycanroc Amoonguss Golbat Amoonguss Lycanroc Ursaring Bulbasaur Granbull Kyurem Ampharos Carbink Ampharos Kyurem Granbull Rockruff Pidgeot Dwebble Pidgeot Rockruff Granbull Rufflet Quilava Whiscash Quilava Rufflet Granbull
20
Whiscash Tsareena Greninja Whiscash Torkoal
Rockruff Absol Rockruff Jolteon Magmar Ninjask Nuzleaf
Ursaring Unown Budew Relicanth
Carbink Roserade Mimikyu Metagross Mightyena Reshiram Serperior Infernape Bronzor Bergmite Carbink Lileep
Bulbasaur Dustox Chinchou Slakoth Reuniclus Typhlosion
Golbat Heatran Golbat
Purrloin Butterfree Beedrill Cubone TypeNull Floette Luvdisc
Ampharos Ampharos Happiny Binacle Charmander Exeggcute
Spiritomb Spiritomb Spinda Deoxys Blissey
Whismur Torchic Torracat Crawdaunt Lapras Chespin
Arbok Cosmog Arbok Malamar Diggersby Metapod Carnivine
Amoonguss Cascoon Cinccino Buizel Charizard Jirachi Darkrai Floatzel Chatot
Quilava Quilava Heatmor Crabominable Magmortar Feraligatr Skitty
Milotic Kangaskhan Krookodile Corphish Electrike
Electrode Bonsly Grumpig Electrode Flygon Goomy PorygonZ
Rufflet Sylveon Lampent Rufflet Probopass
Lycanroc Mawile Mantine Raichu Whimsicott Lycanroc Hitmontop
Manaphy Gliscor Trumbeak Glalie
Kyurem Swanna
Pidgeot Mudsdale Remoraid Machamp Pidgeot Vivillon
