21 156 93 142 93 156 21 152 153 48 47 116 47 48 153 152 21 152 111 188 113 171 194 101 198 199 198 101 194 171 113 188 111 152 21 20 154 29 154 20 21 152 111 188 135 170 108 170 135 188 111 152 21 152 111 188 113 171 113 188 111 152 21 152 111 188 111 152 21 156 127 156 21
22
142 1 3 33 55 57 87 99 103 131 139 143 149 155 169 185
127 5 127 197
101 7 9 27 43 49 51 59 63 71 83 91 95 97 101 147 195
113 11 31 81 113
108 13 167
171 15 67 69 145 171 177 183
111 17 41 75 77 111
48 19 23 61 65 79 151 163 175 191
21 21 129
93 25 89 93 141 161 165 179
29 29 37
154 35
116 39 115 119 133 159
156 45 157
47 47 73 85 105 107
188 53 181
153 109 153 173
170 117 121 123
198 125 137 189
135 135
20 187
194 193
