74 72 77 75 63 66 63 75 77 72 74 72 77 75 58 60 58 75 77 72 74 72 77 75 46 44 43 44 46 75 77 72 74 72 77 75 46 2 8 2 46 75 77 72 74 72 77 75 151 159 151 75 77 72 74 72 77 75 141 146 141 75 77 72 74 72 77 75 132 139 132 75 77 72 74 72 77 75 121 130 121 75 77 72 74 72 77 75 169 170 169 75 77 72 74 72 77 75 21 24 21 75 77 72 74 72 77 75 102 101 102 75 77 72 74 72 77 75 118 116 118 75 77 72 74 72 77 75 172 171 177 171 172 75 77 72 74 72 77 75 182 184 182 75 77 72 74 72 77 75 192 193 192 75 77 72 74 72 77 75 98 93 98 75 77 72 74 72 77 75 18 17 18 75 77 72 74 72 77 75 38 75 77 72 74 72 77 75 38 31 37 31 38 75 77 72 74 72 77 75 87 81 87 75 77 72 74
41
2 2
8 6 8
18 11 13
17 14 16 19
24 23 25 30
21 26 28 29
31 31 39
37 32 35 36 37
38 38
44 41 50
46 46
43 47
60 52 54 57
58 53 55 58 59
66 61 62 66 68
63 69 70
75 73 75 76
74 74
77 77 80
81 81 82 83 85 86 88
87 89
98 96 99
101 104
116 111 113 114 116 119
118 118
130 122 126
121 128
139 131 135 137 139 140
132 136
141 141 145 148
146 142 146
151 151 157
159 153 156 160
170 161 163 164 166 167 168
169 165 169
172 172 174
177 175 178 179 180
184 185
182 189
193 191 197 198 199
192 192
