0 179 178 150 70 69 70 150 178 179 0 1 175 111 112 113 78 15 47 127 147 13 12 13 147 127 47 15 78 113 112 111 175 1 0 1 175 111 112 113 78 15 47 127 147 54 24 23 22 154 153 154 22 23 24 54 147 127 47 15 78 113 112 111 175 1 0 1 175 111 112 113 78 79 165 125 124 123 124 125 165 79 78 113 112 111 175 1 0 1 175 111 112 113 78 79 165 164 163 120 4 14 152 14 4 120 163 164 165 79 78 113 112 111 175 1 0 1 175 111 112 113 78 79 165 164 163 164 165 79 78 113 112 111 175 1 0 1 175 111 110 21 20 142 141 140 139 138 95 137 136 135 92 91 118 89 132 30 29 46 32 63 32 46 29 30 132 89 118 91 92 135 136 137 95 138 139 140 141 142 20 21 110 111 175 1 0 1 175 111 110 21 20 142 141 140 139 138 95 137 136 135 92 91 118 89 132 30 29 30 132 89 118 91 92 135 136 137 95 138 139 140 141 142 20 21 110 111 175 1 0 1 175 111 110 21 20 142 141 140 139 138 95 137 136 135 92 91 118 39 100 39 118 91 92 135 136 137 95 138 139 140 141 142 20 21 110 111 175 1 0 1 175 111 110 21 20 142 141 140 139 138 95 137 136 135 136 137 95 138 139 140 141 142 20 21 110 111 175 1 0 1 175 111 110 21 20 142 141 140 58 140 141 142 20 21 110 111 175 1 0 1 175 111 110 21 110 111 175 1 0
38
163 2 158
4 4
141 7 172
12 9 103 105 106
15 15
123 16 17 80 81 83 122 123
22 22
24 24
29 25 26 27 29 96
32 32
152 34 152
113 35 87 102 113
178 44 178
47 47
39 49
54 53 54
127 55 126 173
58 58
63 61 62 63 84 170
69 69
70 70
135 72 90
164 73
78 77
165 86
138 93 94
95 95
46 98 99
110 109
111 111
112 112
1 114 115 116
132 131
147 147
150 150
153 153
154 154
175 175
