0 7 2 7 0 8 0 8 4 10 6 10 4 8 0 8 4 8 0 80 119 118 117 118 119 80 0 80 119 118 117 116 115 114 113 112 111 110 109 108 107 108 109 110 111 112 113 114 115 116 117 118 119 80 0 80 81 82 83 84 85 86 87 88 89 90 91 92 93 94 95 96 95 94 93 92 91 90 89 88 87 86 85 84 83 82 81 80 0 80 81 82 83 84 85 86 87 86 85 84 83 82 81 80 0 1 12 26 120 121 122 123 124 125 126 127 128 129 130 129 128 127 126 125 124 123 122 121 120 26 12 1 0 1 12 26 120 121 122 123 122 121 120 26 12 1 0 1 19 3 19 1 0 1 18 62 139 62 18 1 0
31
1 1 21 28 45 58
2 2 5 23 37 39 42 50 55 56 67 70 72 77 78
3 3 9 13 17 27 32 35 41 48 49 54 68
4 4 15 16 24 38 43 47 61 69
6 6 20 31 34 53 73
7 7 25 59
8 8 11 22 46 51 57 64 65 75 76
10 10 36 40 74
12 12 63
0 14 29 30 33 44 52 60 66 71 79
18 18
19 19
26 26
62 62
80 80
82 82
84 84
86 86
88 88
90 90
92 92
94 94
96 96 98 100
107 102 104 106
108 108
110 110
112 112
114 114
116 116
118 118
129 129
