Building99 Building98 Building19 Building98 Building99 Building98 Building19 Building4 Building8 Building6 Building8 Building4 Building19 Building98 Building99 Building98 Building19 Building22 Building21 Building27 Building23 Building32 Building38 Building29 Building31 Building37 Building42 Building37 Building31 Building29 Building38 Building32 Building23 Building27 Building21 Building22 Building19 Building98 Building99 Building98 Building19 Building22 Building21 Building27 Building26 Building27 Building21 Building22 Building19 Building98 Building99 Building98 Building51 Building61 Building43 Building52 Building55 Building76 Building55 Building52 Building43 Building61 Building51 Building98 Building99 Building98 Building51 Building50 Building48 Building67 Building71 Building62 Building74 Building60 Building59 Building57 Building59 Building60 Building74 Building62 Building71 Building67 Building48 Building50 Building51 Building98 Building99 Building98 Building51 Building61 Building54 Building61 Building51 Building98 Building99 Building98 Building89 Building87 Building89 Building98 Building99 Building98 Building89 Building90 Building91 Building90 Building89 Building98 Building99
26
Building8 Building0 Building5 Building7 Building8
Building6 Building6
Building4 Building9
Building22 Building12 Building20
Building21 Building16 Building18 Building21
Building23 Building23 Building25
Building26 Building26
Building27 Building28
Building29 Building33 Building41
Building37 Building39
Building42 Building42
Building43 Building43
Building71 Building44 Building53 Building69 Building71
Building67 Building47 Building67
Building61 Building49 Building61 Building63
Building50 Building50
Building51 Building51
Building52 Building52 Building66
Building55 Building55
Building57 Building57 Building68
Building62 Building62
Building74 Building74
Building76 Building76 Building81
Building89 Building82 Building83 Building85 Building92 Building93 Building94 Building96
Building91 Building88 Building91
Building87 Building97
