Building65 Building66 Building99 Building18 Building24 Building28 Building24 Building18 Building99 Building66 Building65 Building66 Building99 Building18 Building24 Building28 Building25 Building28 Building24 Building18 Building99 Building66 Building65 Building66 Building99 Building12 Building88 Building87 Building88 Building12 Building99 Building66 Building65 Building66 Building99 Building14 Building10 Building14 Building99 Building66 Building65 Building66 Building67 Building70 Building94 Building97 Building96 Building97 Building94 Building70 Building67 Building66 Building65 Building66 Building67 Building70 Building77 Building73 Building82 Building73 Building77 Building70 Building67 Building66 Building65 Building66 Building99 Building34 Building38 Building37 Building38 Building34 Building99 Building66 Building65 Building66 Building64 Building57 Building61 Building57 Building64 Building66 Building65
21
Building61 Building1 Building3 Building4 Building8 Building58 Building59 Building61
Building10 Building10
Building14 Building11 Building13 Building15 Building16
Building18 Building20 Building27 Building30
Building24 Building22 Building24 Building32 Building51 Building54 Building55
Building25 Building25 Building31
Building38 Building33 Building35 Building36 Building41 Building42 Building44 Building45 Building46
Building37 Building37
Building57 Building57
Building64 Building64
Building82 Building71 Building82
Building73 Building73
Building70 Building76
Building77 Building79 Building81
Building67 Building80
Building66 Building83
Building88 Building84 Building88 Building91
Building94 Building92 Building94
Building96 Building96
Building97 Building97
Building99 Building99
