140 94 86 126 86 94 140 151 24 144 83 142 83 144 24 151 140 153 128 26 128 153 140 139 89 82 89 139 140 64 194 181 81 181 194 64 140 143 16 107 50 157 50 107 16 143 140 151 93 151 140
22
194 4 36 49 62 80 103 115 130 167
81 5 45 114 127 133
157 6 13 65 117
83 7 22 41 55 57 83 84 112 176
50 8 42 44 50 61 134 150
94 9 94 146 159 170 197
142 10 59 142
139 11 19 21 53 56 79 101 139 166 169 182
107 12 102 196
144 14 25 77 85 104 108 132 186 193
16 18 47 96 160
82 27 73 82 125
151 29 151
140 32 135
89 35 89 175 177
93 39 93 97 173 190
26 40 51
64 76
128 95 128 168 179 185
153 123 153
24 154 158
181 178
