TA0 TA99 TA98 TA97 TA96 TA97 TA98 TA99 TA0 TA10 TA9 TA8 TA7 TA18 TA7 TA8 TA9 TA10 TA0 TA10 TA11 TA12 TA11 TA10 TA0 TA10 TA11 TA12 TA29 TA30 TA23 TA24 TA25 TA36 TA0 TA36 TA37 TA49 TA48 TA49 TA37 TA36 TA0 TA36 TA35 TA71 TA35 TA36 TA0 TA10 TA67 TA79 TA78 TA77 TA35 TA36 TA0
25
TA0 TA1
TA7 TA6 TA7 TA73
TA8 TA8 TA92
TA9 TA9 TA61 TA62 TA63 TA64
TA10 TA10 TA54 TA58 TA59
TA12 TA12 TA32 TA33 TA38
TA18 TA18 TA19 TA89 TA90
TA67 TA21
TA23 TA23
TA24 TA24
TA25 TA25 TA26
TA79 TA27 TA80 TA81
TA29 TA28
TA35 TA35
TA36 TA36
TA37 TA39
TA96 TA40 TA94
TA30 TA42
TA98 TA46 TA56
TA48 TA47 TA48 TA84
TA49 TA49 TA50
TA71 TA71
TA77 TA76
TA11 TA85 TA86
TA99 TA99
