TA0 TA1 TA2 TA3 TA51 TA50 TA49 TA48 TA47 TA46 TA45 TA44 TA43 TA44 TA45 TA46 TA47 TA48 TA49 TA50 TA51 TA3 TA2 TA1 TA0 TA1 TA2 TA3 TA51 TA50 TA49 TA48 TA47 TA46 TA45 TA44 TA43 TA42 TA41 TA40 TA39 TA38 TA37 TA36 TA37 TA38 TA39 TA40 TA41 TA42 TA43 TA44 TA45 TA46 TA47 TA48 TA49 TA50 TA51 TA3 TA2 TA1 TA0 TA199 TA198 TA197 TA64 TA63 TA62 TA61 TA121 TA120 TA105 TA18 TA19 TA20 TA21 TA22 TA23 TA24 TA25 TA24 TA23 TA22 TA21 TA20 TA19 TA18 TA105 TA120 TA121 TA61 TA62 TA63 TA64 TA197 TA198 TA199 TA0 TA199 TA198 TA197 TA196 TA195 TA194 TA70 TA71 TA72 TA73 TA166 TA165 TA164 TA163 TA164 TA165 TA166 TA73 TA72 TA71 TA70 TA194 TA195 TA196 TA197 TA198 TA199 TA0 TA199 TA198 TA197 TA64 TA63 TA62 TA61 TA121 TA122 TA123 TA124 TA125 TA170 TA169 TA170 TA125 TA124 TA123 TA122 TA121 TA61 TA62 TA63 TA64 TA197 TA198 TA199 TA0 TA199 TA198 TA197 TA64 TA63 TA62 TA61 TA60 TA59 TA58 TA144 TA145 TA146 TA147 TA148 TA149 TA148 TA147 TA146 TA145 TA144 TA58 TA59 TA60 TA61 TA62 TA63 TA64 TA197 TA198 TA199 TA0 TA199 TA198 TA197 TA64 TA63 TA62 TA61 TA60 TA59 TA75 TA74 TA151 TA152 TA153 TA154 TA153 TA152 TA151 TA74 TA75 TA59 TA60 TA61 TA62 TA63 TA64 TA197 TA198 TA199 TA0 TA199 TA198 TA197 TA64 TA63 TA62 TA184 TA183 TA182 TA181 TA180 TA179 TA180 TA181 TA182 TA183 TA184 TA62 TA63 TA64 TA197 TA198 TA199 TA0 TA199 TA198 TA197 TA196 TA195 TA194 TA70 TA71 TA72 TA71 TA70 TA194 TA195 TA196 TA197 TA198 TA199 TA0 TA199 TA198 TA197 TA64 TA63 TA62 TA61 TA60 TA59 TA75 TA59 TA60 TA61 TA62 TA63 TA64 TA197 TA198 TA199 TA0 TA199 TA198 TA197 TA64 TA63 TA62 TA61 TA121 TA120 TA119 TA118 TA119 TA120 TA121 TA61 TA62 TA63 TA64 TA197 TA198 TA199 TA0 TA199 TA198 TA197 TA64 TA63 TA62 TA184 TA183 TA92 TA183 TA184 TA62 TA63 TA64 TA197 TA198 TA199 TA0 TA199 TA198 TA197 TA64 TA63 TA62 TA184 TA11 TA12 TA13 TA12 TA11 TA184 TA62 TA63 TA64 TA197 TA198 TA199 TA0 TA199 TA198 TA197 TA64 TA63 TA62 TA184 TA11 TA184 TA62 TA63 TA64 TA197 TA198 TA199 TA0
56
TA2 TA2
TA3 TA3 TA5 TA7
TA11 TA8 TA9
TA13 TA15
TA18 TA16 TA17
TA19 TA19
TA20 TA20
TA22 TA22
TA23 TA23
TA24 TA24
TA25 TA25 TA26
TA163 TA31
TA36 TA32 TA33 TA34 TA35
TA37 TA37
TA39 TA39
TA41 TA41
TA43 TA43
TA44 TA44
TA46 TA46
TA47 TA47
TA49 TA49
TA50 TA50
TA51 TA51 TA54
TA63 TA63
TA64 TA64 TA65 TA66 TA67
TA70 TA68 TA70
TA73 TA73
TA74 TA74
TA75 TA75 TA80
TA194 TA83 TA189 TA190 TA191 TA192
TA92 TA84 TA85 TA86 TA88 TA90 TA92 TA94 TA95 TA98
TA105 TA99 TA103 TA106 TA107 TA108 TA109
TA118 TA114 TA116
TA119 TA119
TA122 TA122
TA124 TA124
TA125 TA126 TA127
TA62 TA131 TA133 TA134 TA135
TA71 TA136 TA137
TA144 TA139 TA141
TA147 TA147
TA148 TA148
TA149 TA149
TA151 TA151
TA154 TA154 TA155 TA158
TA165 TA165
TA166 TA167
TA169 TA169
TA170 TA171
TA12 TA175
TA179 TA178 TA179
TA180 TA180
TA181 TA181
TA182 TA182
TA184 TA184 TA185 TA187 TA188
TA195 TA195
