AAA ABA ACA ADA BAA BAB BAC BBC BAC BAB BAA ADA ACA ABA AAA ABA ACA ADA BAA BBA BCA BDA CAA BDA BCA BBA BAA ADA ACA ABA AAA ABA ACA ADA BAA BBA BCA BDA CAA CBA CCA CDA DAA DAB DAC DAD DBD DCD DBD DAD DAC DAB DAA CDA CCA CBA CAA BDA BCA BBA BAA ADA ACA ABA AAA ABA ACA ADA BAA BBA BCA BDA CAA CBA CCA CDA DAA DBA DCA DDA EAA EAB EAC EAB EAA DDA DCA DBA DAA CDA CCA CBA CAA BDA BCA BBA BAA ADA ACA ABA AAA ABA ACA ADA BAA BBA BCA BDA CAA CBA CCA CDA DAA DBA DCA DDA EAA EBA ECA EDA FAA FAB FBB FCB FBB FAB FAA EDA ECA EBA EAA DDA DCA DBA DAA CDA CCA CBA CAA BDA BCA BBA BAA ADA ACA ABA AAA ABA ACA ADA BAA BBA BCA BDA CAA CBA CCA CDA DAA DBA DCA DDA EAA EBA ECA EDA FAA FBA FCA FDA GAA FDA FCA FBA FAA EDA ECA EBA EAA DDA DCA DBA DAA CDA CCA CBA CAA BDA BCA BBA BAA ADA ACA ABA AAA ABA ACA ADA BAA BBA BCA BDA CAA CBA CCA CDA DAA DBA DCA DDA EAA EBA ECA EDA FAA FBA FCA FDA GAA GBA GCA GDA HAA HAB HAC HBC HAC HAB HAA GDA GCA GBA GAA FDA FCA FBA FAA EDA ECA EBA EAA DDA DCA DBA DAA CDA CCA CBA CAA BDA BCA BBA BAA ADA ACA ABA AAA ABA ACA ADA BAA BBA BCA BDA CAA CBA CCA CDA DAA DBA DCA DDA EAA EBA ECA EDA FAA FBA FCA FDA GAA GBA GCA GDA HAA HBA HCA HDA IAA IAB IBB ICB IBB IAB IAA HDA HCA HBA HAA GDA GCA GBA GAA FDA FCA FBA FAA EDA ECA EBA EAA DDA DCA DBA DAA CDA CCA CBA CAA BDA BCA BBA BAA ADA ACA ABA AAA ABA ACA ADA BAA BBA BCA BDA CAA CBA CCA CDA DAA DBA DCA DDA EAA EBA ECA EDA FAA FBA FCA FDA GAA GBA GCA GDA HAA HBA HCA HDA IAA IBA ICA IDA JAA JAB JAC JAD JAC JAB JAA IDA ICA IBA IAA HDA HCA HBA HAA GDA GCA GBA GAA FDA FCA FBA FAA EDA ECA EBA EAA DDA DCA DBA DAA CDA CCA CBA CAA BDA BCA BBA BAA ADA ACA ABA AAA ABA ACA ADA BAA BBA BCA BDA CAA CBA CCA CDA DAA DBA DCA DDA EAA EBA ECA EDA FAA FBA FCA FDA GAA GBA GCA GDA HAA HBA HCA HDA IAA IBA ICA IDA JAA JBA JCA JDA KAA KAB KAA JDA JCA JBA JAA IDA ICA IBA IAA HDA HCA HBA HAA GDA GCA GBA GAA FDA FCA FBA FAA EDA ECA EBA EAA DDA DCA DBA DAA CDA CCA CBA CAA BDA BCA BBA BAA ADA ACA ABA AAA ABA ACA ADA BAA BBA BCA BDA CAA CBA CCA CDA DAA DBA DCA DDA EAA EBA ECA EDA FAA FBA FCA FDA GAA GBA GCA GDA HAA HBA HCA HDA IAA IBA ICA IDA JAA JBA JCA JDA KAA KBA KCA KDA LAA LAB LBB LAB LAA KDA KCA KBA KAA JDA JCA JBA JAA IDA ICA IBA IAA HDA HCA HBA HAA GDA GCA GBA GAA FDA FCA FBA FAA EDA ECA EBA EAA DDA DCA DBA DAA CDA CCA CBA CAA BDA BCA BBA BAA ADA ACA ABA AAA
44
AAA AAD
ABA ABB ABC
ACA ACB ACD
ADA ADD
BAC BAD
BAB BBB
BBC BBC BCD BDD
BCA BCB
CAA CAD
CBA CBB CBC
CCA CCB CCD
CDA CDD
DAD DAD
DAB DBB
DAC DBC
DCA DCB
DCD DCD DDD
EAC EAD EBC ECD
EAB EBB
ECA ECB
EDA EDD
FAB FAD
FBB FBB FBC
FCB FCB FCD FDD
GAA GAD
GBA GBB GBC
GCA GCB GCD
GDA GDD
HAC HAD
HAB HBB
HBC HBC HCD HDD
HCA HCB
IAB IAD
IBB IBB IBC
ICB ICB ICD IDD
JAD JAD JCD JDD
JAB JBB
JAC JBC
JCA JCB
KAB KAD KBB KBC
KCA KCB KCD
KDA KDD
LAB LAD
LBB LBB LBC LCB LCD LDD
