AAA ABA ACA ADA BAA BAB BBB BCB BBB BAB BAA ADA ACA ABA AAA ABA ACA ADA BAA BBA BCA BDA CAA CAB CAC CBC CCC CBC CAC CAB CAA BDA BCA BBA BAA ADA ACA ABA AAA ABA ACA ADA BAA BBA BCA BDA CAA CBA CCA CDA DAA DAB DBB DAB DAA CDA CCA CBA CAA BDA BCA BBA BAA ADA ACA ABA AAA ABA ACA ADA BAA BBA BCA BDA CAA CBA CCA CDA DAA DBA DCA DDA EAA EAB EBB EAB EAA DDA DCA DBA DAA CDA CCA CBA CAA BDA BCA BBA BAA ADA ACA ABA AAA ABA ACA ADA BAA BBA BCA BDA CAA CBA CCA CDA DAA DBA DCA DDA EAA EBA ECA EDA FAA FAB FBB FAB FAA EDA ECA EBA EAA DDA DCA DBA DAA CDA CCA CBA CAA BDA BCA BBA BAA ADA ACA ABA AAA
19
AAA AAD
ABA ABB ABC
ACA ACB ACD
ADA ADD
BAB BAD
BBB BBB BBC
BCB BCB BCD BDD
CAC CAD
CAB CBB
CBC CBC
CCC CCB CCD CDD
DAB DAD
DBB DBB DBC DCB DCD
DDA DDD
EAB EAD
EBB EBB EBC ECB ECD
EDA EDD
FAB FAD
FBB FBB FBC FCB FCD FDD
