Soda Location50 Location58 Location63 Location64 Location63 Location58 Location50 Soda Location15 Location18 Location160 Location146 Location23 Location45 Location133 Location13 Location159 Soda Location159 Location13 Location187 Location141 Location187 Location13 Location159 Soda Location15 Location20 Location37 Location130 Location37 Location20 Location15 Soda Location50 Location58 Location125 Location26 Location117 Location161 Location159 Soda Location50 Location58 Location125 Location11 Location191 Location11 Location125 Location58 Location50 Soda Location50 Location58 Location152 Location55 Location39 Location169 Location159 Soda Location50 Location22 Location156 Location60 Location153 Location60 Location156 Location22 Location50 Soda Location50 Location22 Location109 Location61 Location109 Location22 Location50 Soda Location50 Location22 Location156 Location101 Location134 Location190 Location50 Soda
30
Location190 Location0 Location8 Location176 Location190
Location58 Location1 Location132
Location109 Location3
Location130 Location9 Location135 Location162
Location11 Location10 Location11 Location89
Location60 Location12 Location27 Location60 Location88
Location125 Location16 Location125
Location45 Location19 Location36 Location70 Location123 Location142 Location163 Location172 Location184 Location189
Location63 Location25 Location41 Location112 Location127 Location158
Location160 Location28 Location40 Location90 Location151 Location164
Location191 Location29 Location104 Location145 Location149 Location180 Location181 Location191
Location187 Location30 Location75 Location187
Location18 Location32 Location34 Location116 Location118
Location13 Location33 Location48 Location49 Location179 Location188
Location159 Location38
Location39 Location39 Location102 Location119 Location131
Location153 Location42
Location133 Location43 Location129
Location26 Location46 Location74 Location87
Location50 Location50
Location146 Location56 Location72 Location99
Location117 Location57 Location154
Location64 Location62 Location64 Location120 Location144 Location147 Location168
Location101 Location101 Location128
Location55 Location105 Location173
Location20 Location113
Location141 Location115 Location143
Location134 Location134
Location61 Location182
Soda Soda
