Soda Hqrjtum Edqplcotb Zqwjwnlnefm Gtgc Zqwjwnlnefm Edqplcotb Hqrjtum Soda Hqrjtum Emtouaoowyw Lcrsrgxpi Emtouaoowyw Hqrjtum Soda Xjrsescs Ydvuvij Irwyl Ydvuvij Xjrsescs Soda Opyou Nncpo Mmzmgkvtqx Rnswnff Mmzmgkvtqx Nncpo Opyou Soda Hqrjtum Mpuidi Mdnomclrhe Mpuidi Hqrjtum Soda Bmulovob Soda Fsfxv Nkndh Fsfxv Soda Hqrjtum Edqplcotb Zqwjwnlnefm Nwitmhz Iyijtlycj Nwitmhz Zqwjwnlnefm Edqplcotb Hqrjtum Soda Zlwi Soda
22
Zlwi Uwwmj Brgwekrnc Wcvfecug Jvxqdoen Vlibwe Tdreo Lpcihph
Nkndh Elfjuircela Zcluraciodj Oxgcfytsfks Jdonjesl Nkndh Hzinsgk Besuiq
Mdnomclrhe Aodl Nklgno Ueuphudi Ylscbxx Iqfewjmoxea Vyledpi Qhaobijtvl Aqdrmrxjb Bdympbsjhe Mdnomclrhe Aetguutl Aybjrpvt Wtbchdvcf Ewel Shshl Rthio Ddvyvg Fnao Asqguuggw Azurxcmynf Pzdxvrzhdt Dpiknnvmi
Edqplcotb Inxcijpyf Edqplcotb Nwtxsn Wlodbyucbjq
Nwitmhz Uymaeuj Hqengchsddu Kcjpz Bylykbmgadb Ttrpbvjdda Yesamropvf Rouupns Tftuismjy Niiglftbp Nwitmhz
Hqrjtum Hqrjtum Hmbz Zozpqsoh Utcvkhqmliy Xvkx
Nncpo Sioinvblt Ygaely Nncpo Jwcpy
Bmulovob Mtpmo Hgoc Xmtucbfh Ikfqsv Xiogpn
Lcrsrgxpi Yskel Gmnmclt Fhgjwqkutxz Lcrsrgxpi Oityp Ttkftfcy Eufcpnaixls
Gtgc Gtgc Fizeyd Qxvqdumpbbl Lfvepwf Sihsuutjg
Zqwjwnlnefm Jggbevcry Lhrjghnz Qcnqbaiah
Fsfxv Hozmfldg Ufwcxpl Wgehgd Yxqxfgj Gsdug Kwniposj Weuri
Mmzmgkvtqx Igcbw Hwtzkfl Znjvtzp Xqlxxsqozg
Mpuidi Mpuidi
Opyou Opyou
Soda Zseccp
Rnswnff Khoprwfn Rnswnff
Irwyl Ibschxvbrh
Emtouaoowyw Mzeexa
Ydvuvij Npgmpqjyei
Xjrsescs Cdplmrl
Iyijtlycj Lhzuvvpmpa
