4 14 78 57 48 13 3 59 3 13 48 57 78 14 4 14 78 57 48 33 48 57 78 14 4 14 78 79 24 29 15 77 32 77 15 29 24 79 78 14 4 14 78 79 24 29 15 77 32 20 23 49 31 49 23 20 32 77 15 29 24 79 78 14 4 14 78 79 24 29 15 77 32 20 23 49 72 67 22 67 72 49 23 20 32 77 15 29 24 79 78 14 4 14 78 79 24 29 15 77 32 20 23 49 72 12 28 6 16 65 16 6 28 12 72 49 23 20 32 77 15 29 24 79 78 14 4 14 78 79 24 29 15 5 42 5 15 29 24 79 78 14 4
18
59 1
3 3 8
6 6
49 9 49
13 13
14 14
20 20
23 23
33 25 33 34
29 29
31 31 36 55
32 32 61
65 43
48 48
57 57
22 60
24 70
78 78
