0 155 137 172 137 155 0 55 57 108 57 55 0 55 178 20 178 55 0 86 169 21 169 86 0 55 92 59 135 59 92 55 0 198 83 69 142 30 142 69 83 198 0 86 1 15 1 86 0 55 144 55 0 60 128 3 146 3 128 60 0 60 128 3 128 60 0
25
1 1 39 103
57 2 14 23 27 57 67 68 112 138 188 195
3 3 170
69 9 12 45 50 69 139 161 182
20 10 20 89 107 176
142 11 38 46 51 90 100 102 142 143 197
0 13
108 16 108
59 19 59 74 152
21 21 56 73 77 148
55 24 55
135 26 41 49 85 106 124 196
128 29 52 82 99 119 123 160
144 35 185
178 43 132
83 64 83 101
169 66 95 125 141 169
15 71 157 166 167 189
30 72 105 147 150
86 86 164 175
92 92 94 129
146 97 186
198 104 198
137 137
172 172
