71 37 60 4 89 86 18 86 89 4 60 37 71 37 60 4 89 86 52 39 3 14 54 14 3 39 52 86 89 4 60 37 71 37 60 35 11 16 24 16 11 35 60 37 71 37 91 64 38 48 43 99 6 32 55 93 77 93 55 32 6 99 43 48 38 64 91 37 71 37 60 4 89 86 52 39 61 75 15 75 61 39 52 86 89 4 60 37 71 37 60 4 89 86 52 39 61 75 19 75 61 39 52 86 89 4 60 37 71 37 60 35 5 83 88 41 88 83 5 35 60 37 71 37 91 64 38 96 72 96 38 64 91 37 71
26
96 0 42 65 70 96
39 2 33 36 39
5 5
6 6
99 7
86 10 47 78
11 11
54 13 49 54
15 15 45 94
18 18 26
19 19 74
43 21 30 50 84 95
24 24 69
3 28
16 29
35 35
38 38
41 41 79
60 53 60
55 55
89 59
61 61 87
64 64
77 66 77
52 85
88 88
