2 41 85 9 60 35 199 195 148 195 199 35 60 9 85 41 2 41 85 9 60 35 199 97 144 97 199 35 60 9 85 41 2 41 85 9 60 35 199 121 196 155 178 155 196 121 199 35 60 9 85 41 2 41 85 9 60 35 188 163 158 112 190 112 158 163 188 35 60 9 85 41 2 41 85 9 60 70 100 198 128 131 128 198 100 70 60 9 85 41 2 41 85 9 60 70 100 114 107 43 80 43 107 114 100 70 60 9 85 41 2 41 85 9 60 70 185 77 3 149 3 77 185 70 60 9 85 41 2 41 85 9 60 142 24 103 116 28 174 28 116 103 24 142 60 9 85 41 2 41 85 9 60 142 24 103 172 103 24 142 60 9 85 41 2 41 85 9 60 142 24 103 24 142 60 9 85 41 2 41 85 9 60 142 24 103 116 67 134 69 134 67 116 103 24 142 60 9 85 41 2 41 85 9 60 70 177 90 62 90 177 70 60 9 85 41 2 41 85 9 60 70 185 70 60 9 85 41 2 157 53 68 119 136 186 136 119 68 53 157 2 41 85 9 60 35 188 163 5 125 31 10 31 125 5 163 188 35 60 9 85 41 2 41 85 9 60 70 60 9 85 41 2
44
186 0 38 46 58 73 187 192
2 2
3 3
112 4 112 161
43 6
121 7 36 79 121
69 8 13 138
185 12 141
149 14 133 149 171 179
134 15 94
131 23 26 63 131 156
178 25 82 178
172 27 30 61 98
28 28
198 32 44 115
148 34 164 181
35 35
103 42 50 145
114 48 114 126
157 49 157
174 51 76 113 165 174
195 52 56
53 53 193
80 54 80 118
62 55 96 130 139
5 59 173
67 67 122 182 189
85 85
128 86 128
90 90 95
190 92
10 93 194
97 97
100 100
144 106
158 110 158
116 116
119 119
125 125
136 136
142 142
177 177
188 188
196 196
