199 24 35 159 194 159 35 24 199 24 35 159 68 63 68 159 35 24 199 24 10 151 197 103 177 7 160 185 160 7 177 103 197 151 10 24 199 24 10 151 197 147 123 50 178 93 178 50 123 147 197 151 10 24 199 24 10 151 197 147 94 55 164 96 189 176 189 96 164 55 94 147 197 151 10 24 199 24 10 151 197 147 94 55 164 96 164 55 94 147 197 151 10 24 199 24 10 151 197 147 94 147 197 151 10 24 199 24 10 151 197 147 94 55 83 55 94 147 197 151 10 24 199 24 10 151 197 103 177 41 157 115 167 173 74 192 58 186 144 186 58 192 74 173 167 115 157 41 177 103 197 151 10 24 199 24 10 151 197 103 177 41 157 115 167 78 119 78 167 115 157 41 177 103 197 151 10 24 199 24 10 151 197 103 67 34 98 8 98 34 67 103 197 151 10 24 199 24 10 151 197 103 67 34 98 8 65 76 106 76 65 8 98 34 67 103 197 151 10 24 199 82 196 190 25 127 25 190 196 82 199 24 35 159 194 64 102 113 102 64 194 159 35 24 199 24 10 151 197 103 67 13 67 103 197 151 10 24 199 24 10 151 197 103 177 103 197 151 10 24 199 24 10 151 197 151 10 24 199
43
119 0 4 17 49 53 75
113 1
25 2 25 71
55 3 18 55
65 5 14 44 65 86
176 6 26 46 54 72 88
7 7 29 39 90
8 8 19 27 70
96 9 33 40 96
10 10
189 11 57 61 95
103 12 43 81 91 92
13 13
94 15 62 94
194 16 30 89
164 20 60
83 21 37 38 59 73 79 83
63 22 63
177 23
24 24
197 28 87
157 31
185 32 84
34 34
35 35
93 36 47 56 66 93
41 41
106 42
159 45 80 85 99
151 48
50 50
160 51 77
102 52 97
58 58
64 64
67 67
68 68
190 69
74 74
76 76
78 78
82 82
98 98
