node0 node7 node14 node15 node17 node15 node14 node7 node0 node7 node14 node21 node28 node29 node34 node29 node28 node21 node14 node7 node0 node7 node14 node21 node28 node35 node42 node43 node47 node43 node42 node35 node28 node21 node14 node7 node0 node7 node14 node21 node28 node35 node42 node49 node42 node35 node28 node21 node14 node7 node0 node7 node14 node21 node28 node35 node42 node49 node56 node58 node56 node49 node42 node35 node28 node21 node14 node7 node0 node7 node14 node21 node28 node35 node42 node49 node56 node63 node70 node71 node76 node71 node70 node63 node56 node49 node42 node35 node28 node21 node14 node7 node0 node7 node14 node21 node28 node35 node42 node49 node56 node63 node70 node77 node70 node63 node56 node49 node42 node35 node28 node21 node14 node7 node0 node7 node14 node21 node28 node35 node42 node49 node56 node63 node70 node77 node84 node91 node92 node94 node92 node91 node84 node77 node70 node63 node56 node49 node42 node35 node28 node21 node14 node7 node0 node189 node182 node175 node168 node161 node154 node147 node140 node133 node126 node119 node112 node105 node107 node105 node112 node119 node126 node133 node140 node147 node154 node161 node168 node175 node182 node189 node0 node189 node182 node175 node168 node161 node154 node147 node140 node133 node126 node119 node121 node119 node126 node133 node140 node147 node154 node161 node168 node175 node182 node189 node0 node189 node182 node175 node168 node161 node154 node147 node140 node133 node126 node127 node132 node127 node126 node133 node140 node147 node154 node161 node168 node175 node182 node189 node0 node189 node182 node175 node168 node161 node154 node147 node140 node141 node146 node141 node140 node147 node154 node161 node168 node175 node182 node189 node0 node189 node182 node175 node168 node161 node154 node155 node157 node155 node154 node161 node168 node175 node182 node189 node0 node189 node182 node175 node168 node169 node171 node169 node168 node175 node182 node189 node0 node189 node182 node183 node182 node189 node0
37
node0 node3 node5 node6
node7 node10 node12 node13
node17 node17
node15 node19 node20
node21 node24 node26 node27
node29 node31 node33
node34 node34
node35 node38 node40 node41
node43 node45 node48
node47 node47
node49 node52 node54 node55
node58 node59 node61 node62
node63 node66 node68 node69
node71 node73 node75
node76 node76
node77 node80 node82 node83
node84 node87 node89 node90
node94 node94
node92 node96 node97
node91 node101 node103 node104
node107 node108 node110 node111
node112 node115 node117 node118
node121 node122 node124 node125
node127 node129 node131
node132 node132
node133 node136 node138 node139
node141 node143 node145
node146 node146
node147 node150 node152 node153
node157 node157
node155 node159 node160
node161 node164 node166 node167
node171 node171
node169 node173 node174
node175 node178 node180 node181
node183 node185 node187 node188
node189 node192 node194 node195
