node0 node7 node9 node11 node9 node7 node0 node7 node14 node15 node19 node15 node14 node7 node0 node7 node14 node21 node23 node21 node14 node7 node0 node7 node14 node21 node28 node30 node28 node21 node14 node7 node0 node7 node14 node21 node28 node35 node37 node35 node28 node21 node14 node7 node0 node7 node14 node21 node28 node35 node42 node43 node48 node43 node42 node35 node28 node21 node14 node7 node0 node7 node14 node21 node28 node35 node42 node49 node50 node55 node50 node49 node42 node35 node28 node21 node14 node7 node0 node91 node84 node77 node70 node63 node56 node58 node56 node63 node70 node77 node84 node91 node0 node91 node84 node77 node70 node63 node65 node63 node70 node77 node84 node91 node0 node91 node84 node77 node70 node71 node75 node71 node70 node77 node84 node91 node0 node91 node84 node85 node87 node85 node84 node91 node0 node91 node93 node91 node0
19
node0 node3 node5 node6
node11 node10 node12 node13
node15 node17 node20
node19 node19
node23 node24 node26 node27
node30 node31 node33 node34
node37 node38 node40 node41
node43 node45 node47
node48 node48
node50 node52 node54
node55 node55
node58 node59 node61 node62
node65 node66 node68 node69
node71 node73 node76
node75 node75
node77 node80 node82 node83
node87 node87
node85 node89 node90
node93 node94 node96 node97
