Whitgrove Worberney Egwick Staplow Waltham Staplow Egwick Worberney Whitgrove Worberney Egwick Pemnell Rothingcombe Pemnell Egwick Worberney Whitgrove Ribberrenston Farnditch Abglewold Farnditch Ribberrenston Whitgrove Sodberling Ellerbridge Boothingchester Stainbrough Ribglesstanworth Stainbrough Boothingchester Ellerbridge Sodberling Whitgrove Worberney Alfmere Worberney Whitgrove Worberney Durbrook Wychchester Waltbeck Wychchester Durbrook Worberney Whitgrove Sodberling Fullencester Sodberling Whitgrove Sodberling Ellerbridge Rothead Chilsmith Rothead Ellerbridge Sodberling Whitgrove
19
Sodberling Hampingworth Bromstanham Enderbeck Clereennell Bursmith Sodberling Bothenton
Staplow Staplow
Waltbeck Wetsmith Sirenshall Eley Abcester Elside Hampingcastle Cannerthorne Horstleover Waltbeck Staincombe
Wychchester Horsnell Prestwick Sifield Falworth Dartden Egmerhampton Candleswick Suddenmoor Wychchester Skellingover Siey Melwood Marlbrook
Ellerbridge Boothingmanstree Worrenberwang Watchlake Ketchester Ellerbridge Suddingover Farndlesover Tippingbage
Chilsmith Bastlebury Emmerley Rothendcombe Wetwick Blansbrook Hamwold Casbrook Hampingbascombe
Durbrook Sodport Falderseythorne Durbrook Endleberey Penby Ketnell Abgleham Toddenmoor
Alfmere Alfmere Leatherport
Rothead Skellenshot Bothenhall Siavon Cihead
Boothingchester Worhall Chedworth Wycastle Reddendeney Botbeck Bootwick Sundendford Wychcompwold Todhampton
Ribberrenston Nortwell Shaftborough Southmere Ribberrenston
Worberney Tippenbrook
Whitgrove Dribblecombe Whitgrove
Stainbrough Stapbrough Tippendham Basditch Dribberham Sundlethorne Worford Wendleringdown Skelberden Rotherlow
Pemnell Tipstoke Egsted Marlcester
Rothingcombe Rothingcombe Milthorne Wethampton Faldenhall
Egwick Whitringlake Wolley Redcombe
Farnditch Farnditch
Abglewold Abglewold Southbury Endingnell
