0 15 30 45 60 75 60 45 30 15 0 15 30 45 60 75 91 92 91 75 60 45 30 15 0 16 17 33 48 62 64 65 80 65 64 62 48 33 17 16 0 16 17 33 48 62 64 65 80 81 82 83 84 83 82 81 80 65 64 62 48 33 17 16 0 16 17 33 48 62 64 65 66 67 69 70 71 70 69 67 66 65 64 62 48 33 17 16 0 16 17 33 48 62 64 65 80 81 82 83 84 85 86 87 103 87 86 85 84 83 82 81 80 65 64 62 48 33 17 16 0 1 2 3 4 5 6 7 8 9 10 11 12 28 12 11 10 9 8 7 6 5 4 3 2 1 0 1 2 3 4 5 6 7 8 9 10 9 8 7 6 5 4 3 2 1 0 1 2 3 4 5 6 7 23 7 6 5 4 3 2 1 0 1 2 3 4 5 4 3 2 1 0 16 17 16 0
27
0 0
3 3 18
5 5 20 35
7 7
8 8
10 10 25 40
12 13
15 15
23 23 68
28 28 73
30 30
45 31 45 46
4 34
65 36 50 52
71 41 55 56 57 71
48 47 63
66 51
70 70
75 75 76 78 90 105 106 120 121
80 80 95 110 111
83 83
85 85 100 115 116
87 88
92 93 108 109 124
84 98
103 103 119
91 122
