0 66 139 66 0 188 22 74 38 74 22 188 0 1 163 8 135 8 163 1 0 66 57 111 57 66 0 156 184 156 0 156 180 156 0 156 175 5 175 156 0 30 0
19
0 0
1 1 133
184 2 72 78 158 184
5 3 5 15 16 17 31 42 50 114 129 137 151 160 177
180 4 9 39 67 130 134 172 183
8 8 20 33 71
163 11 21 43 65 83 138 141 146 154 159 166 174 190 193
175 13 14 28 70 81 96 98 115 125 128 143 152 173
135 18 24 27 56 80 93 100 101 103 182
22 22
156 23 47 89 107 153 157
38 26 38 84 167
30 35 59 94 102 197 199
111 51 111 164
57 52 68 187
66 66 116
188 69
74 74 86
139 120
