wNqlpYNsRbJEgiGpKxrU lbWonvEbeplndKguSTkk shaRjZRSPDzVXmetmolj scpUkbcaYSAsHhSktebT shaRjZRSPDzVXmetmolj lbWonvEbeplndKguSTkk wNqlpYNsRbJEgiGpKxrU lbWonvEbeplndKguSTkk oZXYedlbtBLmkfoVmgta NJZlnWyeJFrkOwoqHKtT oZXYedlbtBLmkfoVmgta lbWonvEbeplndKguSTkk wNqlpYNsRbJEgiGpKxrU UOwONVGkKwtTLGkUNCyS ctcTzPUVbQQoQGGIDEim cinQsEbBpQAHgGdjBxaK ctcTzPUVbQQoQGGIDEim UOwONVGkKwtTLGkUNCyS wNqlpYNsRbJEgiGpKxrU cmmlyhRSZpCVODfRPvaA CvZkdIYtdeDHtwufupie UIlSMnVKIdNiXZNSiHsI fgzJCwocQniGlXAZHJId UIlSMnVKIdNiXZNSiHsI CvZkdIYtdeDHtwufupie cmmlyhRSZpCVODfRPvaA wNqlpYNsRbJEgiGpKxrU lbWonvEbeplndKguSTkk lIpVoDPUIfHCPpjswogJ twwHXGyTBfZUDOGVnCzA IamFpWICdyBhLFRVaylm twwHXGyTBfZUDOGVnCzA lIpVoDPUIfHCPpjswogJ lbWonvEbeplndKguSTkk wNqlpYNsRbJEgiGpKxrU WoTuprXYItmuBoyNwAcV RlHeRhvUOhGhZVGGJuED gFUGYXSirCYiFTivWNah RlHeRhvUOhGhZVGGJuED WoTuprXYItmuBoyNwAcV wNqlpYNsRbJEgiGpKxrU cmmlyhRSZpCVODfRPvaA CvZkdIYtdeDHtwufupie UIlSMnVKIdNiXZNSiHsI oDgfEuAVpeOlkkTIMDLw UIlSMnVKIdNiXZNSiHsI CvZkdIYtdeDHtwufupie cmmlyhRSZpCVODfRPvaA wNqlpYNsRbJEgiGpKxrU cmmlyhRSZpCVODfRPvaA CvZkdIYtdeDHtwufupie QyXpliHSeQOPIsurIcpa CvZkdIYtdeDHtwufupie cmmlyhRSZpCVODfRPvaA wNqlpYNsRbJEgiGpKxrU cmmlyhRSZpCVODfRPvaA wNqlpYNsRbJEgiGpKxrU
19
oDgfEuAVpeOlkkTIMDLw mgNeYYUOPKpLeiVEFIXd QePOUWiXcAUCoHETxuGS SitzoubgYFeTjmkLjVPz wlySPverjehsBxldyigf ADVVlRLpnspleRTgeTdu VIPPawblKbhOVWrmrWBx TEPaiCedHTXapLxoBXMp ZwvojvRdUOYNJXIwAqgC gDYKDrbERUXTnCayjBrC
RlHeRhvUOhGhZVGGJuED RlHeRhvUOhGhZVGGJuED jznspKyqlmxZtgfQUJVB eiLPqIroFfCGzqSAlzAp
IamFpWICdyBhLFRVaylm QeYNNLpZMBxyiFbZMPFY kqcEdfKLaRzxOhAIzchh xlbpuxAjoVPJWPCWBEkJ ZauPfhkpsGmhbvkhkltR imEmCMbYEtZJJkwxkSDD
NJZlnWyeJFrkOwoqHKtT bFmSeBrfNuxjYPUDCLYq cMYyKTXGNKnFzrpwnXUl wvSJDoqoPGAkYgSuPFPw xgBrJmdXVwtxgRuCBhMe edlAtPQdNXJQPCIzpkyX shugRMnaHVqQSmKaNBgu IvXQutSorlqOgnSVAIUd NJZlnWyeJFrkOwoqHKtT vTbNxpVTEoFlSjvvVvfG
scpUkbcaYSAsHhSktebT PZwTcKCPsEmpxetNZvef jUSlIFtitQxyvVLJjiCc scpUkbcaYSAsHhSktebT JVONrXhhmtFWhFfDiOXW lSJjEsqamUCgRZdCmdyI MBJqOYmxhUYbldNVEdRy JvFxbsySBAiFiOUrzrBi XPPBMlNyfVVeZGIzTCEW EEeDJaHeajXXlwYcHTeJ oLMkSrYLQRLHmPiuLCTC efZntVbfQTvIUOiRNPSH kyApsCeFkLoLFCdkazaE
lbWonvEbeplndKguSTkk eOfnBeTgmYCNEnRUhlEK oKAKfpUUuLItChLyByFh UdSbtwxTqTJxOiUoxEqw KcrnMnFDTrBKaUaGpdLY lbWonvEbeplndKguSTkk igyeOiSdezmmXGTwMzLw qfRRtdRbhYJBARMfPlZM NYdfLxXxFVvLEbDKzXWn
oZXYedlbtBLmkfoVmgta oZXYedlbtBLmkfoVmgta NzDQJknJPDEkcwCHzzbF pzrGQEObzJGPnfATEYDc joWAhkfNqIEECnBeulGl svUOWvTJLneAqJGnExpc
lIpVoDPUIfHCPpjswogJ WMWBpOSnHGywZjCgaYyY cwgJAHVpCCTmuckJkncL wfEFdNDcColoskjTjcLm nCedHqGgdWAicwyuYWpg yscsUFTNNyaVMKBztBdV QjbdwbUnopENkiNyqirZ
CvZkdIYtdeDHtwufupie aIuYyryCOUGVeCAqbqkg syonLisTOSczosCwoILE CvZkdIYtdeDHtwufupie NPSPGRTNRcKKVpsBRSwh ZXihCBEQBTdisqSlEMsj szyiMlKhtyOynWjcoMsm VRpSthoDcomqMDsGoVql oHoxoLeyDYnKZDzgMtxI
fgzJCwocQniGlXAZHJId hLaNXBYgTzgUhvjmqUTu wuSVWJYvpiWaQAHXocSG fgzJCwocQniGlXAZHJId vIbIQYXZnmYrooTLYNtu CbGuHgZfQMmSOfHDFJnK
cmmlyhRSZpCVODfRPvaA EhDFVLWZueLOrdjEOzEQ
UIlSMnVKIdNiXZNSiHsI GMxGouyyndiUBMqMdOoc eobSFtKBbBdcVrTOREdK bEfUXCTlwRBndElSbPGf UIlSMnVKIdNiXZNSiHsI
UOwONVGkKwtTLGkUNCyS ihxEqMQIIvyQmtrtMjeO aGPbLNWYAMujnfHCTCMo zHPSSEtFTQIbLYMdHqgP
gFUGYXSirCYiFTivWNah DZEpVGVXkxHljziwItaS zNRhhVdMWUgTnnqmAfeY gcXUxTVUZWsOwtRNeDDa EmbDgEECbkHbfAfHCgwB juzxSpUVuccJUMBOcJjO nreoVgWrBhNXFZgTBlXO ayQgUwyRuQVKeyFLPNbQ ccdJRKiTXwIErdhSIxfh erZKLqpCZsYKDnOCaBGq
ctcTzPUVbQQoQGGIDEim YTwycpmzEWCqqTELtzXc
QyXpliHSeQOPIsurIcpa ANDviqMIuFwdcboQDprt QyXpliHSeQOPIsurIcpa XvUPApTFkqaSSizYsCIr DpztIuGTRpGuLsdlODJw
twwHXGyTBfZUDOGVnCzA fpoTaBKmVdlDCxFwCFoz pMOSpTzPTPLXHLOQMjnt NIJaJxCurulNUdZZMxFk FWnudSYFvYQJHehOpEKf
cinQsEbBpQAHgGdjBxaK XtZHoAxqEyzvMChzPHpN kwPuYZgJgVVJfdBGUtPw HeWrJOKsDjgdrcamgZLN
WoTuprXYItmuBoyNwAcV NtyLZDOaSczVvOGdocUp
