A0 A4 A5 A10 A15 A14 A13 A1 A16 A17 A16 A1 A13 A14 A15 A10 A5 A4 A0 A4 A5 A10 A15 A24 A21 A24 A15 A10 A5 A4 A0 A4 A5 A10 A15 A24 A25 A29 A25 A24 A15 A10 A5 A4 A0 A4 A5 A10 A15 A24 A25 A29 A30 A35 A40 A39 A38 A26 A38 A39 A40 A35 A30 A29 A25 A24 A15 A10 A5 A4 A0 A4 A5 A10 A15 A24 A25 A29 A30 A35 A40 A49 A45 A49 A40 A35 A30 A29 A25 A24 A15 A10 A5 A4 A0 A4 A5 A10 A15 A24 A25 A29 A30 A35 A40 A49 A50 A54 A56 A57 A56 A54 A50 A49 A40 A35 A30 A29 A25 A24 A15 A10 A5 A4 A0 A4 A5 A10 A15 A24 A25 A29 A30 A35 A40 A49 A50 A54 A55 A60 A62 A60 A55 A54 A50 A49 A40 A35 A30 A29 A25 A24 A15 A10 A5 A4 A0 A99 A90 A85 A80 A79 A75 A74 A69 A74 A75 A79 A80 A85 A90 A99 A0 A99 A90 A85 A80 A79 A80 A85 A90 A99 A0 A99 A90 A89 A88 A76 A91 A76 A88 A89 A90 A99 A0 A99 A94 A99 A0
29
A0 A2 A3
A4 A4 A6
A5 A8
A10 A11 A12
A17 A18
A24 A19 A20 A22
A21 A21
A25 A27 A28
A29 A29 A31
A30 A33
A35 A36 A37
A26 A43
A49 A44 A47
A45 A45 A46
A50 A52 A53
A54 A54
A56 A56
A55 A58
A62 A61 A62
A60 A68
A69 A69
A74 A70 A71 A72
A75 A77 A78
A79 A79 A81
A80 A83
A85 A86 A87
A91 A93
A94 A94
A99 A95 A96 A97
