S 1M 1Bf 1Bi 1Bf 1M S 1M 1Ea 1Ec 1Ef 1Ec 1Ea 1M S 2M 2Fa 2Fe 2Fa 2M S 2M 2Ba 2M S 2M 2Ea 2Ed 2Ek 2Ed 2Ea 2M S 3M S 3M 3Ba 3Bd 3Ba 3M S 3M 3Ea 3Ed 3Ej 3Ed 3Ea 3M S 4M S 4M 4Ba 4M S 4M 4Ea 4Ed 4Em 4Ed 4Ea 4M S
18
1M 1Aa 1Ab 1Ac 1Ad 1Ae 1Ag 1Ah 1Ai 1Aj 1Bb 1Ca 1Cb 1Cc 1Cd 1Dd 1De 1Fe
1Bf 1Bf 1Bj
1Bi 1Bi
1Ea 1Ee 1Ek
1Ec 1Eh 1Ei
2M 2Aa 2Ab 2Ac 2Ad 2Ae 2Ag 2Ah 2Ai 2Aj 2Bf 2Bi 2Bj 2Ca 2Cb 2Cc 2Cd 2Dd 2De
2Ba 2Bb
2Ea 2Ee 2Eh 2Ei
2Ek 2Ek
2Fe 2Fe
3M 3Aa 3Ab 3Ac 3Ad 3Ae 3Ag 3Ah 3Ai 3Aj 3Bf 3Bi 3Bj 3Ca 3Cb 3Cc 3Cd 3Dd 3De 3Fe
3Ba 3Bb
3Ea 3Ee 3Eh 3Ei
3Ed 3Ek
4M 4Aa 4Ab 4Ac 4Ad 4Ae 4Ag 4Ah 4Ai 4Aj 4Bf 4Bi 4Bj 4Ca 4Cb 4Cc 4Cd 4Dd 4De 4Fe
4Ba 4Bb
4Ea 4Ee 4Eh 4Ei
4Ed 4Ek
