0 1 6 1 0 1 6 11 6 1 0 1 6 11 16 11 6 1 0 1 6 11 16 22 21 22 16 11 6 1 0 1 6 11 16 22 21 26 21 22 16 11 6 1 0 49 46 41 36 31 36 41 46 49 0 49 46 41 36 41 46 49 0 49 46 41 46 49 0 49 46 49 0 49 46 52 51 52 46 49 0 49 46 52 51 57 56 57 51 52 46 49 0 49 46 52 51 57 56 61 56 57 51 52 46 49 0 49 46 52 51 57 56 61 67 66 67 61 56 57 51 52 46 49 0 49 46 52 51 57 56 61 67 66 72 71 72 66 67 61 56 57 51 52 46 49 0 49 46 52 51 57 56 61 67 66 72 71 76 71 72 66 67 61 56 57 51 52 46 49 0 49 46 52 51 57 56 61 67 66 72 71 76 81 76 71 72 66 67 61 56 57 51 52 46 49 0 49 46 52 51 57 56 61 67 66 72 71 76 81 86 81 76 71 72 66 67 61 56 57 51 52 46 49 0 49 46 52 51 57 56 61 67 66 72 71 76 81 86 91 86 81 76 71 72 66 67 61 56 57 51 52 46 49 0
23
1 3 4
6 9
11 15
16 17 18 19 20
21 23 25
26 27 28
31 33 34
36 38 39 40
41 42 43 44 45
46 47 48 50
49 49
52 53
51 54
57 57
56 58
61 62 63 64 65
67 67
66 68 70
72 72 73
76 78 79 80
81 82 83 84
86 88 89
91 92 93 94 95
