ZtfcEeD9 6MPulFAv nFqouQp3 rbWYBihd NBKhkccj oqraQ3aF yWlzbESz CIF8DWXL BkhTgoaJ W7b2i2pG PMzcqvQL IdGLl1to WvzZeqnS O5yBujnu v654W2Kr xI4hMIxA w0QWGw2L n0riP8Jl 0MyIUMFM KcGXxWyr 0MyIUMFM n0riP8Jl w0QWGw2L xI4hMIxA v654W2Kr O5yBujnu WvzZeqnS IdGLl1to PMzcqvQL W7b2i2pG BkhTgoaJ CIF8DWXL yWlzbESz oqraQ3aF NBKhkccj rbWYBihd nFqouQp3 6MPulFAv ZtfcEeD9 6MPulFAv nFqouQp3 rbWYBihd NBKhkccj oqraQ3aF yWlzbESz CIF8DWXL BkhTgoaJ W7b2i2pG PMzcqvQL IdGLl1to WvzZeqnS O5yBujnu v654W2Kr xI4hMIxA w0QWGw2L n0riP8Jl 0MyIUMFM KcGXxWyr u2ZI4Bp6 b850DFfF u2ZI4Bp6 KcGXxWyr 0MyIUMFM n0riP8Jl w0QWGw2L xI4hMIxA v654W2Kr O5yBujnu WvzZeqnS IdGLl1to PMzcqvQL W7b2i2pG BkhTgoaJ CIF8DWXL yWlzbESz oqraQ3aF NBKhkccj rbWYBihd nFqouQp3 6MPulFAv ZtfcEeD9 6MPulFAv nFqouQp3 rbWYBihd NBKhkccj oqraQ3aF yWlzbESz CIF8DWXL BkhTgoaJ W7b2i2pG PMzcqvQL IdGLl1to yRH0nOtz bJ22zvWV yRH0nOtz IdGLl1to PMzcqvQL W7b2i2pG BkhTgoaJ CIF8DWXL yWlzbESz oqraQ3aF NBKhkccj rbWYBihd nFqouQp3 6MPulFAv ZtfcEeD9 6MPulFAv 4pgwpiHi miUcr0K7 P0hOEoLv svPb07cv y7NjqOqM CBKWpDQv y7NjqOqM svPb07cv P0hOEoLv miUcr0K7 4pgwpiHi 6MPulFAv ZtfcEeD9 6MPulFAv 4pgwpiHi miUcr0K7 P0hOEoLv miUcr0K7 4pgwpiHi 6MPulFAv ZtfcEeD9 6MPulFAv 4pgwpiHi miUcr0K7 P0hOEoLv SdpsKJEm P0hOEoLv miUcr0K7 4pgwpiHi 6MPulFAv ZtfcEeD9 6MPulFAv nFqouQp3 rbWYBihd NBKhkccj oqraQ3aF yWlzbESz CIF8DWXL FgxkC8N1 MeetuZNx Q6NMHx0B 04vrMVdi c6ZWTltk L5pBwvut Zy3im4wi U7cZo0h2 wusYsf5E 6hjWynHN wusYsf5E U7cZo0h2 Zy3im4wi L5pBwvut c6ZWTltk 04vrMVdi Q6NMHx0B MeetuZNx FgxkC8N1 CIF8DWXL yWlzbESz oqraQ3aF NBKhkccj rbWYBihd nFqouQp3 6MPulFAv ZtfcEeD9 6MPulFAv nFqouQp3 rbWYBihd NBKhkccj oqraQ3aF yWlzbESz CIF8DWXL FgxkC8N1 MeetuZNx Q6NMHx0B 04vrMVdi c6ZWTltk L5pBwvut Zy3im4wi U7cZo0h2 wusYsf5E U7cZo0h2 Zy3im4wi L5pBwvut c6ZWTltk 04vrMVdi Q6NMHx0B MeetuZNx FgxkC8N1 CIF8DWXL yWlzbESz oqraQ3aF NBKhkccj rbWYBihd nFqouQp3 6MPulFAv ZtfcEeD9 6MPulFAv nFqouQp3 rbWYBihd NBKhkccj oqraQ3aF yWlzbESz CIF8DWXL FgxkC8N1 MeetuZNx Q6NMHx0B 04vrMVdi c6ZWTltk L5pBwvut Zy3im4wi U7cZo0h2 Zy3im4wi L5pBwvut c6ZWTltk 04vrMVdi Q6NMHx0B MeetuZNx FgxkC8N1 CIF8DWXL yWlzbESz oqraQ3aF NBKhkccj rbWYBihd nFqouQp3 6MPulFAv ZtfcEeD9 6MPulFAv nFqouQp3 rbWYBihd NBKhkccj oqraQ3aF yWlzbESz CIF8DWXL FgxkC8N1 MeetuZNx Q6NMHx0B 04vrMVdi c6ZWTltk L5pBwvut Zy3im4wi L5pBwvut c6ZWTltk 04vrMVdi Q6NMHx0B MeetuZNx FgxkC8N1 CIF8DWXL yWlzbESz oqraQ3aF NBKhkccj rbWYBihd nFqouQp3 6MPulFAv ZtfcEeD9 6MPulFAv nFqouQp3 m9MRh7a0 JfDq1Cs2 m9MRh7a0 nFqouQp3 6MPulFAv ZtfcEeD9 6MPulFAv nFqouQp3 rbWYBihd NBKhkccj aACN5TTZ EB4WBsTV aACN5TTZ NBKhkccj rbWYBihd nFqouQp3 6MPulFAv ZtfcEeD9
30
CBKWpDQv fa3ra0T7 CBKWpDQv FdbcCrtB LvdUl8D5 gX4kBNm4 d5gzYuse PLFYaVF6
4pgwpiHi zvH4AKmS CxnbNU8s BOlNhFGU 43ehQX6O wZJN4OBT mlHu9OVg EAWv9kfQ YWqBlkAs kMauNR5Y aWGQETjI gKOyNQPh o4xf7nVd
yRH0nOtz Tb8W969R OJgw7XgR CGddIqkC 7P5zi9hu aSd01nMZ ijk5cHsH zpLQ0R0G 8LVjFaQv 1gtWVzKV RleTQaHw yRH0nOtz
wusYsf5E wusYsf5E
ZtfcEeD9 yptfWPBC FqE4GP0Y VgwgAKMz lWuh5cH8 KZzTlcqA HTyyntxa TNblhkGK ZtfcEeD9 Fj27Gybu Wznv2rRv aDGqWHym
6hjWynHN Rd2M5nw8 2KepLMXB poaWnZDO SG64DwCC 3MYamZSb X4DALK1Z kTn5Wdms NSdaWdL7 FGbFUcoj xRPgtW5C
CIF8DWXL CIF8DWXL
EB4WBsTV mrK2EXuk EB4WBsTV WOCLylig ca785uLx
bJ22zvWV jKNn1ZQ1 AmaYXBsi 1dr1nBQ7 NpH6Hpsr bJ22zvWV eF0ueRyu
w0QWGw2L w0QWGw2L
b850DFfF mSd4Nw6v ciNFdHxl 7Xy44hse
0MyIUMFM 0MyIUMFM
PMzcqvQL PMzcqvQL
SdpsKJEm hBRDGWam Pz0LLMil uMuBYvMK
O5yBujnu O5yBujnu
xI4hMIxA J2tz5Jy2 eFJgi8X6 sFR9mcaG 8Rfeklr1
aACN5TTZ ZS8CQaI7 lqKnzPvP RjDUex61 B65DnegI xzWL2Pp8 ntaFp6yn
W7b2i2pG W7b2i2pG
m9MRh7a0 91Uq51QB qnVestAH Q7hUKAHQ
rbWYBihd rbWYBihd
MeetuZNx 62Mn9lau
y7NjqOqM y7NjqOqM
miUcr0K7 miUcr0K7
FgxkC8N1 8avKqSxh
svPb07cv svPb07cv
JfDq1Cs2 JfDq1Cs2 tCAdUY4B
nFqouQp3 nFqouQp3
04vrMVdi 04vrMVdi
U7cZo0h2 U7cZo0h2 dzvtjag1
IdGLl1to IdGLl1to
