Dannemora Hamburg Hillburn Hamburg Dannemora Fabius Fonda Freeport Fonda Fabius Dannemora Fabius Fonda Hempstead Fonda Fabius Dannemora Hamburg Wantagh Delmar Germantown Deferiet Germantown Delmar Wantagh Hamburg Dannemora Hamburg Flower Herricks Flower Hamburg Dannemora Hamburg Flower Herricks Nunda Herricks Flower Hamburg Dannemora Hamburg Franklin Norwood Fairport Norwood Franklin Hamburg Dannemora Fire Goshen Highland Goshen Fire Dannemora Fire Goshen Fire Dannemora
18
Freeport Davis Depauville Fair Fayetteville Forestville Freeport Gasport Ghent
Deferiet Dansville Deferiet Dunkirk Fishers Forest
Nunda Deer Delanson Fairmount
Germantown Delevan Dexter Galeville Germantown
Franklin Delhi Franklin
Delmar Delmar
Herricks Depew Deposit Friendship
Hamburg DeRuyter
Fire Earlville Fire
Fabius Fabius Fishkill Franklinville
Fairport Fairport Fulton Geneva
Hempstead Fairview Fredonia
Wantagh Falconer Gardiner
Highland Farmingville Farnham Firthcliffe Freeville Frewsburg
Goshen Flanders Frankfort
Fonda Fleischmanns Fonda
Norwood Florida
Flower Flower
