Acton Carlsbad Alpaugh Escalon Clyde Escalon Alpaugh Carlsbad Acton Carlsbad Bellflower Georgetown Adelanto Georgetown Bellflower Carlsbad Acton Carlsbad Alpaugh Bell Corning Bell Alpaugh Carlsbad Acton Compton Bowles Buttonwillow Delleker Capitola Barstow Capitola Delleker Buttonwillow Bowles Compton Acton Carlsbad Encinitas Friant Bloomington Cupertino Citrus Cupertino Bloomington Friant Encinitas Carlsbad Acton Carlsbad Encinitas Friant Bloomington Ceres Bloomington Friant Encinitas Carlsbad Acton Carlsbad Alpaugh Bell Cerritos Anderson Cerritos Bell Alpaugh Carlsbad Acton
20
Adelanto Adelanto August Bakersfield Banning Boron Bradbury Brentwood Byron Castroville
Carlsbad Alameda Bonita Carlsbad Carrick
Ceres Alamo Auburn Avalon Ceres
Cerritos Albany Altadena Amesti Antioch Aptos Arbuckle Bayview Biola Bluewater Bodfish Broadmoor Burlingame Calabasas Cartago Cerritos
Corning Alhambra Almanor Arcadia Arcata Arvin Belden Belmont Belvedere Biggs Brawley Brisbane Burbank Camarillo Cambria Cayucos
Alpaugh Alpaugh Beaumont Benicia
Cupertino Alpine Auberry Burney Carmichael Carpinteria
Friant Alturas
Buttonwillow Anaheim Beckwourth Boronda Buttonwillow Bystrom Calistoga
Anderson Anderson Atherton Atwater Blairsden Calexico Caribou
Bellflower Angwin Bellflower Bolinas
Encinitas Armona Berkeley Canyondam
Bowles Arnold Bowles Campbell
Barstow Aromas Barstow Blythe Bootjack Cabazon Calimesa
Bell Artesia Bell
Clyde Ashland Atascadero Bonsall
Georgetown Avenal Avery Brea
Capitola Azusa Bradley Capitola Caruthers
Bloomington Bishop Bloomington Calwa Carson
Escalon Calipatria
