h0 h67 h21 h58 h2 h65 h2 h58 h21 h67 h0 h67 h26 h66 h85 h66 h26 h67 h0 h42 h68 h44 h23 h69 h71 h32 h72 h38 h72 h32 h71 h69 h23 h44 h68 h42 h0 h67 h26 h66 h84 h45 h74 h87 h75 h87 h74 h45 h84 h66 h26 h67 h0 h67 h21 h58 h2 h65 h82 h64 h35 h47 h46 h98 h37 h98 h46 h45 h84 h66 h26 h67 h0 h67 h21 h58 h2 h65 h82 h41 h63 h81 h18 h20 h18 h81 h63 h41 h82 h65 h2 h58 h21 h67 h0 h67 h21 h58 h2 h65 h82 h41 h63 h80 h92 h80 h63 h41 h82 h65 h2 h58 h21 h67 h0 h1 h51 h55 h9 h10 h54 h13 h79 h13 h54 h10 h9 h55 h51 h1 h0 h1 h51 h55 h9 h55 h51 h1 h0 h42 h68 h44 h23 h44 h68 h42 h0
31
h1 h1 h3 h4 h5 h6 h7 h8
h2 h2
h9 h9
h10 h10 h11
h79 h12 h15
h13 h13
h55 h14
h92 h16 h49
h80 h17
h18 h18 h50
h98 h19
h20 h20
h21 h21
h64 h22
h23 h23 h33
h85 h24 h29
h45 h25 h45
h26 h26
h37 h27 h28 h37 h40
h72 h30 h31
h32 h32 h34
h35 h35
h46 h36 h46
h38 h38
h75 h39
h41 h41
h42 h42
h68 h43
h44 h44
h47 h47
h81 h48
