6 13 12 13 6 13 20 13 6 13 20 27 25 27 20 13 6 13 20 27 26 27 20 13 6 13 20 27 34 27 20 13 6 13 20 27 34 41 34 27 20 13 6 13 20 27 34 41 48 41 34 27 20 13 6 13 20 27 34 41 48 55 48 41 34 27 20 13 6 13 20 27 34 41 48 55 62 55 48 41 34 27 20 13 6 97 90 83 76 69 67 69 76 83 90 97 6 97 90 83 76 75 76 83 90 97 6 97 90 83 90 97 6 97 95 97 6 97 96 97 6
19
6 2 4 6
13 8 11
12 9
20 14 15 18
25 21 25
26 24
34 29 31 34
41 35 39 41
48 44 46 48
55 49 52 54
62 56 59 60
67 63 67
69 65
76 71
75 73 75
83 78 79 82
90 84 88 90
95 92 95
96 94
