6 13 20 27 26 24 26 27 20 13 6 13 20 27 34 32 29 32 34 27 20 13 6 13 20 27 34 41 48 47 45 47 48 41 34 27 20 13 6 13 20 27 34 41 48 55 62 69 67 64 67 69 62 55 48 41 34 27 20 13 6 13 20 27 34 41 48 55 62 69 76 74 70 74 76 69 62 55 48 41 34 27 20 13 6 195 188 181 174 167 160 153 146 139 132 125 118 111 104 97 90 89 86 89 90 97 104 111 118 125 132 139 146 153 160 167 174 181 188 195 6 195 188 181 174 167 160 153 146 139 132 125 118 111 104 102 104 111 118 125 132 139 146 153 160 167 174 181 188 195 6 195 188 181 174 167 160 153 146 139 132 125 118 116 112 116 118 125 132 139 146 153 160 167 174 181 188 195 6 195 188 181 174 167 160 153 146 139 138 136 138 139 146 153 160 167 174 181 188 195 6 195 188 181 174 167 160 153 151 148 151 153 160 167 174 181 188 195 6 195 188 181 174 167 160 167 174 181 188 195 6 195 188 181 188 195 6
36
6 1 2 6
13 10 11 12
20 17 18 19
27 22 25 27
34 30 31
32 32
41 38 39 41
48 43
47 44 47
55 50 51 53
62 60 61 62
64 64
69 65 69
74 74
76 75 76 77 80 83
89 87
90 88 90
97 91 94 96
104 100 101 103
111 105 106 110
112 112
118 115
116 116
125 120 122 124
132 126 128 129
139 133 134
136 136
146 140 142 145
148 148
153 149 150
160 154 155 160
167 161 165 166
174 169 172 174
181 177 179 181
188 182 184 186
195 189 190 194
