pace mixture mercy embarrassment mercy mixture pace market vegetarian linger vegetarian market pace speaker electronics swop nationalist brake nationalist swop electronics speaker pace mixture mercy native development native mercy mixture pace mixture mercy native mercy mixture pace mixture mercy native blonde native mercy mixture pace other quadruple ask enemy ask quadruple other pace speaker sign bleed pier approval pier bleed sign speaker pace speaker sign bleed pier bleed sign speaker pace
21
pace pace respect
other likely other comfortable viable
swop excuse guarantee rage attraction liver swop coffin
development feature skeleton exempt forge buffet dip election development confrontation
bleed environment headline rob smile knot curriculum drawer interface offset
linger injury physics tablet thumb dough swear coast decisive note greeting lifestyle deter flag
mixture output chair
speaker due audience
nationalist page acceptance railcar
brake profound dive scheme bowel
market throne market country driver
enemy injection tool stress spoil teacher control enemy illusion
vegetarian exclusive pardon exile
blonde assignment shiver boom structure ignore virgin begin pipe
native autonomy mature widen cotton native
pier pig interactive straighten coincide error identity
mercy financial mercy
quadruple imposter quadruple
approval rent atmosphere
ask ask home candle triple
electronics electronics
