0 67 1 3 1 67 0 67 1 70 5 69 71 72 71 69 5 70 1 67 0 67 1 70 5 69 71 8 71 69 5 70 1 67 0 67 1 70 5 69 71 8 75 14 16 17 16 14 75 8 71 69 5 70 1 67 0 67 1 70 5 69 71 8 75 14 16 76 18 77 25 78 28 29 28 78 25 77 18 76 16 14 75 8 71 69 5 70 1 67 0 90 65 89 59 88 54 87 52 86 48 85 41 84 38 82 38 84 41 85 48 86 52 87 54 88 59 89 65 90 0 90 65 89 59 88 54 87 52 86 48 85 41 84 38 84 41 85 48 86 52 87 54 88 59 89 65 90 0 90 65 89 59 88 54 87 52 86 48 86 52 87 54 88 59 89 65 90 0 90 65 89 59 62 59 89 65 90 0
18
1 2 4
3 3
5 6 7
8 9 10 11 12 13
14 15
17 17
18 19 20 21 22 23 24
25 26 27
29 29
28 30 31 32 34 35 36 37
38 39 40
41 42 43 44 45 46 47
48 49 50 51
52 53
54 55 56 57 58
59 60 61 63 64
62 62
65 66
