HAZtD F7CZj RN9nS 3NU9e aWuHk mJExt cC0Rg u60s4 cC0Rg p3gJd aWuHk 3NU9e RN9nS F7CZj HAZtD F7CZj RN9nS 3NU9e aWuHk mJExt cC0Rg u60s4 jyRQW Xqwfz SxklZ Xqwfz jyRQW Tp7uZ cC0Rg p3gJd aWuHk 3NU9e RN9nS F7CZj HAZtD F7CZj RN9nS 3NU9e aWuHk mJExt cC0Rg u60s4 jyRQW Xqwfz 7kY28 qz2Of 6sv9O ejBhY 6sv9O HAKlt 0moVI SxklZ Xqwfz jyRQW Tp7uZ cC0Rg p3gJd aWuHk 3NU9e RN9nS F7CZj HAZtD F7CZj RN9nS 3NU9e aWuHk p3gJd 9cp56 sU69u RWE9G 0FMEI tgL8p DmTRc GfIsc bMhFI GfIsc DmTRc tgL8p 0FMEI RWE9G sU69u 9cp56 p3gJd aWuHk 3NU9e RN9nS F7CZj HAZtD F7CZj RN9nS 3NU9e aWuHk p3gJd 9cp56 sU69u RWE9G 0FMEI tgL8p DmTRc v9joy DmTRc tgL8p 0FMEI RWE9G sU69u 9cp56 p3gJd aWuHk 3NU9e RN9nS F7CZj HAZtD F7CZj RN9nS 3NU9e aWuHk p3gJd 15wtn 69WZh Q5zY0 7WH0C Q5zY0 69WZh 15wtn p3gJd aWuHk 3NU9e RN9nS F7CZj HAZtD F7CZj RN9nS 3NU9e aWuHk p3gJd 15wtn b9v0q 15wtn p3gJd aWuHk 3NU9e RN9nS F7CZj HAZtD F7CZj RN9nS 3NU9e aWuHk p3gJd aWuHk 3NU9e RN9nS F7CZj HAZtD
28
69WZh cu5FB wedr3 zrVPv 4AhmX aegld jesVt mdIe6 69WZh
jyRQW zcuSA
7kY28 fiXIW URrao 7kY28 IOpdQ BaYb3 1VA1I Zok18
ejBhY H1xt8 E6pda BIY9X DuU0x Q8lcd 2LhKB
Xqwfz pLg86
b9v0q SEkfX eVDVP Agb0E WVEjT VG4na
9cp56 0F8yg
sU69u 5EAEu
v9joy p4kTx UbqWX v9joy gNinx iaaYU iIQll Vg6Sz
3NU9e GxQg8 ED9em Lusir 5h4rt
qz2Of 8Qx0C
SxklZ VESmp OWqP4 SxklZ
HAZtD wnnBN 4Tt2a 4PXv9
bMhFI CHx6u bMhFI lF8gH HOuAL xKTIz 9tf0w
aWuHk lJnz7 1gvq4 aWuHk
0FMEI TzGS5 R6NzB iHR3J EgumV fWz4T
15wtn ox9Gx v7hOX
Q5zY0 Ia6ul
p3gJd rH3nx p3gJd cpzS8 DaieK acHTt fExZu uPUO1 AwFdf kNG2j
u60s4 u60s4 gpbSj Zxvdf
RN9nS RN9nS bW6Ms vfAR8
mJExt O8CwF iqOI4 X2hjX TlJnt UqGfS Ssao4 NqBQW
F7CZj Cg1yP J0OP0 iKwe0 z82fM
cC0Rg cC0Rg
0moVI 6owsT iimZq 0moVI
DmTRc DmTRc 4jcrD
RWE9G 2GCiD
HAKlt HAKlt Pk19A
