location46 location41 location36 location34 location20 location34 location36 location41 location46 location47 location21 location15 location9 location1 location9 location15 location21 location47 location46 location47 location48 location49 location50 location28 location24 location25 location24 location28 location50 location49 location48 location47 location46 location47 location48 location49 location50 location49 location48 location47 location46 location47 location48 location49 location50 location58 location66 location67 location66 location58 location50 location49 location48 location47 location46 location47 location48 location49 location50 location58 location66 location86 location66 location58 location50 location49 location48 location47 location46 location47 location48 location49 location50 location58 location66 location67 location68 location69 location70 location73 location75 location76 location81 location82 location83 location84 location85 location87 location86 location66 location58 location50 location49 location48 location47 location46 location47 location48 location49 location50 location51 location52 location53 location54 location53 location52 location51 location50 location49 location48 location47 location46
20
location1 location3 location4
location24 location5 location10 location11 location17 location22 location24
location25 location6 location7 location13 location18 location25 location26
location20 location14
location15 location15
location28 location29 location30 location33
location21 location37
location46 location38 location39 location40 location62 location63
location41 location41
location48 location48
location49 location49
location54 location55
location51 location57
location86 location64 location88 location89 location90
location70 location70
location73 location72 location73
location75 location74
location76 location77 location78
location81 location79 location80
location87 location87
