location1 location2 location130 location127 location124 location123 location124 location127 location130 location2 location1 location2 location3 location26 location25 location28 location25 location26 location3 location2 location1 location2 location130 location133 location49 location46 location45 location46 location49 location133 location130 location2 location1 location2 location130 location133 location49 location151 location154 location151 location49 location133 location130 location2 location1 location180 location179 location176 location173 location170 location173 location176 location179 location180 location1 location101 location98 location95 location92 location89 location90 location89 location92 location95 location98 location101 location1 location2 location3 location6 location137 location140 location137 location6 location3 location2 location1 location4 location7 location76 location7 location4 location1 location101 location104 location107 location104 location101 location1
34
location1 location1
location3 location3 location11 location13
location2 location5
location7 location7 location33 location35 location37
location6 location9
location170 location15 location165 location167 location169 location171
location89 location17 location83 location85 location89
location25 location19 location21 location25 location65 location71 location159
location26 location23 location27 location29
location124 location31 location67 location115 location121 location125
location45 location39 location41 location45
location46 location43 location47
location49 location49 location55
location28 location51 location53 location57 location81
location101 location59 location61 location101
location179 location63 location179
location76 location69 location73 location75 location77
location4 location79
location90 location87
location92 location91 location93
location95 location95
location98 location97 location99
location104 location103 location105
location107 location107 location109 location111 location113
location123 location117 location119 location123
location127 location127
location130 location129 location131
location133 location133 location135
location137 location137
location140 location139 location141 location143
location151 location145 location147 location149 location151
location154 location153 location155 location157 location161 location163
location173 location173
location176 location175 location177
