1 50 1 2 168 2 1 146 1 2 180 2 1 110 1 2 48 2 1 38 1 2 144 2 1 179 1 11 1 2 37 2 1 170 1 2 12 2 1 57 1 190 1 105 1 45 1 63 1 113 1 103 1 164 1 172 1 53 1 137 1 114 1 116 1 177 1 141 1 4 1 152 1 143 1
18
2 2
4 4
190 5 8 16 17 20 28 29 32 40 41 44 52 56 64 65 68 76 77 80 88 89 92 100 101 104 112 124 125 128 136 140
113 6 18 30 42 54 66 78 90 102 113 126 138
57 10 22 34 46 58 70 82 94 106 118 130 142
11 11
12 12
1 14 23 26 35 47 59 62 71 74 83 86 95 98 107 119 122 131 134
50 24 36 50 60 72 84 96 108 120 132
38 38
48 48
53 53
110 110
114 114
116 116
137 137
143 143
144 144
