1 2 3 2 1 6 1 10 1 14 1 18 19 18 1 22 24 22 1 26 27 28 29 28 27 26 1 50 51 52 53 52 51 50 1 56 1 60 1 64 1 68 69 68 1 72 74 72 1 76 77 78 79 78 77 76 1 100 101 102 103 102 101 100 1 106 1 114 1 118 119 118 1 122 124 122 1 126 127 128 129 128 127 126 1 150 151 152 153 152 151 150 1 156 1 160 1 164 1 168 169 168 1 172 174 172 1 176 177 178 179 178 177 176 1
40
3 3 4
2 5
6 7 8 9
10 11 12 13
14 15 16 17
19 19 20 21
22 23
24 24 25
28 28
29 30
53 53 54
52 55
56 57 58 59
60 61 62 63
64 65 66 67
69 69 70 71
72 73
74 74 75
78 78
79 80
103 103 104
102 105
106 107 108 109
1 111 112 113
114 115 116 117
119 119 120 121
122 123
124 124 125
128 128
129 130
153 153 154
152 155
156 157 158 159
160 161 162 163
164 165 166 167
169 169 170 171
172 173
174 174 175
178 178
179 180
