3a 95a 59a 0a 51a 72a 40a 72a 51a 0a 59a 95a 3a 95a 59a 41a 77a 69a 90a 20a 42a 16a 42a 20a 90a 69a 77a 41a 59a 95a 3a 95a 59a 41a 77a 69a 27a 36a 27a 69a 77a 41a 59a 95a 3a 95a 59a 41a 32a 30a 25a 39a 25a 30a 32a 41a 59a 95a 3a 23a 93a 5a 17a 82a 21a 82a 17a 5a 93a 23a 3a 95a 59a 41a 22a 41a 59a 95a 3a
23
0a 0a
5a 1a 5a 43a 47a 73a
93a 4a 93a
40a 6a 29a 37a 40a 49a 61a 75a 79a 83a 84a 92a 96a 98a
16a 7a 16a 31a 38a 99a
51a 9a 51a 53a
36a 14a 34a
21a 15a 21a 87a 88a
22a 22a
23a 23a 28a 57a 64a
25a 25a 67a
30a 30a 58a
32a 32a 71a
39a 35a 39a 44a 60a
41a 41a
42a 42a
59a 48a
90a 52a
17a 56a 62a
69a 65a
27a 66a
72a 72a 80a
77a 77a
