0 1 6 12 17 23 28 34 28 23 17 12 6 1 0 5 10 15 21 26 32 37 43 48 43 37 32 26 21 15 10 5 0 5 10 15 20 25 30 35 41 46 52 57 63 68 63 57 52 46 41 35 30 25 20 15 10 5 0 5 10 15 20 25 30 35 40 45 50 55 60 65 71 76 82 87 82 76 71 65 60 55 50 45 40 35 30 25 20 15 10 5 0 5 10 15 20 25 30 35 40 45 50 55 61 55 50 45 40 35 30 25 20 15 10 5 0 5 10 15 20 25 31 25 20 15 10 5 0
30
0 0
1 2 3
5 5
6 6 7 8 11
10 10
12 13 16
17 17 18
20 20
21 21
23 24
28 29
30 30
34 34 38 39
35 35
37 37
41 41
43 43 44 47
45 45
46 46
48 48 49
52 52
55 55
57 57
61 61
63 63 64
65 65 66 70
68 69
82 83 91
76 85 90
87 89 92 94 96 99
