0 10 20 30 41 51 62 51 41 30 20 10 0 10 20 30 40 50 61 71 82 92 103 92 82 71 61 50 40 30 20 10 0 10 20 30 40 50 60 70 80 90 100 110 120 130 141 151 162 151 141 130 120 110 100 90 80 70 60 50 40 30 20 10 0 10 20 30 40 50 61 71 82 92 103 113 124 134 145 155 166 176 187 176 166 155 145 134 124 113 103 92 82 71 61 50 40 30 20 10 0 10 21 31 42 52 63 73 84 94 105 115 126 136 147 136 126 115 105 94 84 73 63 52 42 31 21 10 0 1 2 3 4 14 25 35 46 56 67 77 88 98 88 77 67 56 46 35 25 14 4 3 2 1 0 1 2 3 4 5 6 16 27 37 27 16 6 5 4 3 2 1 0
51
2 2 12
4 4
5 5
6 8 9
14 15 24
16 16 17 18
20 20
21 21 22
25 26
27 29
31 31 33
37 37 39 48
42 42 43
35 45
51 51
52 53
61 61
63 64
67 67 68 76
70 70
71 71 81
62 72
73 73
77 77 87
80 80
82 82 83
84 86
88 89
94 94 95 96
98 98 99 108 118
90 101
92 102
103 103 104 122
105 105 107
110 111
113 114 123
115 116
120 120
124 125 133
126 127 129
130 130 132 140
136 139
145 146 154
147 147 149 158
141 150 160
151 151 152 153 161
155 155 165
162 164 181 182 183 184
166 166 167 175
176 176 178 186
187 187 188 189 196 198 199
