start f11 f12 f4 f12 f11 start b16 b10 b11 b12 b11 b10 b16 start b16 b17 b18 b19 b20 b21 b25 b21 b20 b19 b18 b17 b16 start c3 c2 c3 start c3 c8 c11 c20 c36 c35 c31 c34 c31 c35 c36 c20 c11 c8 c3 start c3 c8 c9 c12 c13 c15 c14 c10 c9 c8 c3 start d1 start e1 e18 e1 start h5 h20 h5 start g9 start
21
start g1 g2 g3 g4 g5 g6 g8 g10 g11 g14 f14 f17 f18 f19 f20 a1 a2 a3 a4 a5 e20 e21 e22 e23 e24 h9 h13 h17 h22 h24 h26
g9 g7 g9 g12 g13 g15 g16 g17 g18 g19 g20 g21 g22 g23 g24 g25
f11 f11
f12 f12 f13 f15 f16
b10 b1 b2
b11 b3
b12 b4 b5 b6
b21 b15
b20 b24
b25 b25
b18 b26
c3 c1 c5
c10 c10
c13 c13
c15 c15
c20 c17 c21 c23
c31 c26 c27 c31 c33
d1 d1 d4 d5
e1 e19
e18 e25
h20 h18
