Zjo93yXsdcDV6Oit TlojxXhc2qYoWZfd hUodt8EH9XJmymZc 5gVgbSJalKNpCPGR mxfBTsbr179d38Xl e9vcyjNNidNUI5lw csYok6RDEEUhtSFo 10BaRDIVtibSNqCT L25OgxwPsOzFiHDa w2eQINfJGzFmJVSa aS5gP3tBqF72MHBj SXePDE8VmWVNc3gI AzbeVJsoSmTMPZLM xoNuVQFyUNw60SHt mp9G8QwevnO2Hxc1 jL8h52rHOflXCXG0 mp9G8QwevnO2Hxc1 xoNuVQFyUNw60SHt FpgNaPpArWgevKg6 jBnrdVZITnwrbrWj AzbeVJsoSmTMPZLM aS5gP3tBqF72MHBj cKUQBLkhJ2YTpTZk bZ4oSCeSEaCTIVyZ 5V2tVv8k8Qd7p8rq UZSiMvKda5EcJ9hm 5gVgbSJalKNpCPGR XePd6S3LslDFdMfx Zjo93yXsdcDV6Oit TlojxXhc2qYoWZfd hUodt8EH9XJmymZc 5gVgbSJalKNpCPGR mxfBTsbr179d38Xl e9vcyjNNidNUI5lw csYok6RDEEUhtSFo 10BaRDIVtibSNqCT L25OgxwPsOzFiHDa w2eQINfJGzFmJVSa aS5gP3tBqF72MHBj SXePDE8VmWVNc3gI AzbeVJsoSmTMPZLM xoNuVQFyUNw60SHt mp9G8QwevnO2Hxc1 jL8h52rHOflXCXG0 ja6XsDQlFAUw1yfc W3Q2QtUAtGMzTlOK lWi5N9iGPSdFbw4x At29Qn6ybXGjj4BZ HzeL7kqwHpJiFrZV ZpYXkDvB4yWlBwtb rMEOjNfv3pDpt2MI 1tbAFBLUOcEKBREU UH9oVz7dFZbHTRhz Qekd7ffZxAXDfLzq DtNMJrqE8gQwtB9A qu8g8cZOs78HG0ai 1tbAFBLUOcEKBREU 51L9NWAsddRNCbso yZq8BYkssUcfIKn0 HTIVnzfE1Yii5xog rMEOjNfv3pDpt2MI ZpYXkDvB4yWlBwtb W3Q2QtUAtGMzTlOK FpgNaPpArWgevKg6 jBnrdVZITnwrbrWj aS5gP3tBqF72MHBj w2eQINfJGzFmJVSa L25OgxwPsOzFiHDa tdEnQcfBy667BmIr cKUQBLkhJ2YTpTZk B5jkVyVn3f7O2An6 10BaRDIVtibSNqCT csYok6RDEEUhtSFo bZ4oSCeSEaCTIVyZ sas60VSUYjFu8PHB dhHQUqzQAf17QtlS JBll5vlJZ1mcnrE9 UZSiMvKda5EcJ9hm YlcO1JeEppwz4eg7 Zjo93yXsdcDV6Oit TlojxXhc2qYoWZfd hUodt8EH9XJmymZc 5gVgbSJalKNpCPGR mxfBTsbr179d38Xl e9vcyjNNidNUI5lw csYok6RDEEUhtSFo 10BaRDIVtibSNqCT L25OgxwPsOzFiHDa w2eQINfJGzFmJVSa aS5gP3tBqF72MHBj SXePDE8VmWVNc3gI AzbeVJsoSmTMPZLM xoNuVQFyUNw60SHt mp9G8QwevnO2Hxc1 jL8h52rHOflXCXG0 ja6XsDQlFAUw1yfc W3Q2QtUAtGMzTlOK lWi5N9iGPSdFbw4x At29Qn6ybXGjj4BZ HzeL7kqwHpJiFrZV ZpYXkDvB4yWlBwtb HTIVnzfE1Yii5xog oheo0bgdJ9E5AaZ3 ZetpQpaBiR0HxxTA 7rCQ85ozq5ueBf3n DtNMJrqE8gQwtB9A gbLSiDepCxsLEFEh P86w2YmfZZMrKQDs CXs92joGuF2B74ma 7umkRD4mdERwQl2t 3nUfHHB7quaxw3FP wPFBAldpZF3WcEqd dtyOV6qcOqKFtIlH M9il2j2XBWeGdURv dBEYMpdveobbOa64 ZASkL5Mxwr8cbBFG Of6XUqufA1wxpnuj m8Rn3gh3HBuT9R8d R43sDxzHzrO5kncN 8vLm5GS8pptr9y8t 8ae7BICLTSRkgPWv 6Gt5ffOE5tOJA8A7 8vLm5GS8pptr9y8t kmMzOIvorXbmvHXw R43sDxzHzrO5kncN m8Rn3gh3HBuT9R8d Of6XUqufA1wxpnuj ZASkL5Mxwr8cbBFG dBEYMpdveobbOa64 M9il2j2XBWeGdURv CXs92joGuF2B74ma gbLSiDepCxsLEFEh Qekd7ffZxAXDfLzq DtNMJrqE8gQwtB9A qu8g8cZOs78HG0ai 1tbAFBLUOcEKBREU HTIVnzfE1Yii5xog PNqsQWIcQ5cFHA0e ksuRDz3lVhXKZaYK ODpK9gk17jDT3Sp2 LHmgxJJGYDLYYymZ HzeL7kqwHpJiFrZV jL8h52rHOflXCXG0 7exc1QixP81F0w95 jBnrdVZITnwrbrWj AzbeVJsoSmTMPZLM aS5gP3tBqF72MHBj L25OgxwPsOzFiHDa cKUQBLkhJ2YTpTZk XxpoDiTW03kVmIFK VognV1ysFxsfM1T3 mxfBTsbr179d38Xl 5gVgbSJalKNpCPGR hUodt8EH9XJmymZc Zjo93yXsdcDV6Oit TlojxXhc2qYoWZfd hUodt8EH9XJmymZc 5gVgbSJalKNpCPGR mxfBTsbr179d38Xl e9vcyjNNidNUI5lw csYok6RDEEUhtSFo 10BaRDIVtibSNqCT L25OgxwPsOzFiHDa w2eQINfJGzFmJVSa aS5gP3tBqF72MHBj SXePDE8VmWVNc3gI AzbeVJsoSmTMPZLM xoNuVQFyUNw60SHt mp9G8QwevnO2Hxc1 jL8h52rHOflXCXG0 ja6XsDQlFAUw1yfc W3Q2QtUAtGMzTlOK lWi5N9iGPSdFbw4x At29Qn6ybXGjj4BZ HzeL7kqwHpJiFrZV ZpYXkDvB4yWlBwtb HTIVnzfE1Yii5xog oheo0bgdJ9E5AaZ3 ZetpQpaBiR0HxxTA 7rCQ85ozq5ueBf3n DtNMJrqE8gQwtB9A gbLSiDepCxsLEFEh P86w2YmfZZMrKQDs CXs92joGuF2B74ma 7umkRD4mdERwQl2t 3nUfHHB7quaxw3FP wPFBAldpZF3WcEqd dtyOV6qcOqKFtIlH M9il2j2XBWeGdURv dBEYMpdveobbOa64 ZASkL5Mxwr8cbBFG Of6XUqufA1wxpnuj m8Rn3gh3HBuT9R8d R43sDxzHzrO5kncN 8vLm5GS8pptr9y8t 8ae7BICLTSRkgPWv yILnNjtdKS6kD3NP LsIlvCjQu9Xqre9U xLhGn69fZWxkF2ME 2v7uFoKD90sPVOTA 27KMNaF72cTW0PDA U5CEflgpFptgqHUL 0rKC7Chib5iDGjTC EuY7nNg1nWHDnCBx CvZWFxoaMZYhwHYj 2hsCdf5s2NPqItPy 0Pfip4BXzoRzyFv2 LdwRPFzBNqStC5X8 jVrty3u6KGOjBg80 5TjXpBJuIWCWGZis z6aHWvfWV1YcOU3s QSabhET5tNnXgX60 xlWntBwCLfHgHam8 ZsdU4FLz0FoJAHOC 9L0zlmq9jRh6nd1I J5iqQt6wukvg6KLY OMjRZA0G6vbBxKd5 HAZt9xslXTTIQrh6 ziJdi0Y4mj4TIJZ9 9L0zlmq9jRh6nd1I tZ46uZudk7AfSXt1 qQzEeIfIOpoI9qKk ZsdU4FLz0FoJAHOC e9DWnoEu0mxMb9VK asqla05DvWvndrgH fBCH5yXHMW5jQJjk LdwRPFzBNqStC5X8 drsNw5E8nXGgcxxE CvZWFxoaMZYhwHYj Dg4uIWuVD7Xd3FfI PDtM7hU3L1QjW9eR uRc2j178KRm3sVAY fg0WyZdFGAAZWRqK pKGVzMiXVo3v1oQu EuY7nNg1nWHDnCBx 0BNdm9hpaqd4q3Tx ngcwhTcmwXuonGlk nkKMB647tDItOdTX LsIlvCjQu9Xqre9U LUoJ0iRCc71uZfNX gqX9V4QU6KrO7JGI uN0YmlR4YKMmyTVh 6Gt5ffOE5tOJA8A7 kmMzOIvorXbmvHXw qKKAwpkuJY9E8dpl pi9Gjwqb8nw39ALT TEBcdk0AQd6dKevH M9il2j2XBWeGdURv dtyOV6qcOqKFtIlH wPFBAldpZF3WcEqd 3nUfHHB7quaxw3FP z6FjXytEu6d6tpnP rz2oBnI3oNG0KAjO P5s4K3vn5D6QckKy P86w2YmfZZMrKQDs gbLSiDepCxsLEFEh DtNMJrqE8gQwtB9A DCIaACaQkHoovJqQ 0ax66OCL0kboP37W yZq8BYkssUcfIKn0 YNtoOknTE8z40fFU ksuRDz3lVhXKZaYK tE0AXQQBQImVJ6nW ZpYXkDvB4yWlBwtb lWi5N9iGPSdFbw4x jL8h52rHOflXCXG0 mp9G8QwevnO2Hxc1 lFfRvw2OBMTapK25 L25OgxwPsOzFiHDa 10BaRDIVtibSNqCT csYok6RDEEUhtSFo e9vcyjNNidNUI5lw JBll5vlJZ1mcnrE9 tQutySsTV1RolOTN Zjo93yXsdcDV6Oit
53
HAZt9xslXTTIQrh6 HAZt9xslXTTIQrh6 bpy0VAq3GZuO2R8U
ziJdi0Y4mj4TIJZ9 ziJdi0Y4mj4TIJZ9
OMjRZA0G6vbBxKd5 RnvIh4TOetAfG82E OMjRZA0G6vbBxKd5 WVwd9ExLXa3zphJn 9pH9xdreYrmVM1JI
J5iqQt6wukvg6KLY J5iqQt6wukvg6KLY rvadWwbDVrEOdUmt
9L0zlmq9jRh6nd1I qeVT6FbNKHRizFU8 9L0zlmq9jRh6nd1I
tZ46uZudk7AfSXt1 tZ46uZudk7AfSXt1
qQzEeIfIOpoI9qKk qQzEeIfIOpoI9qKk
ZsdU4FLz0FoJAHOC ZsdU4FLz0FoJAHOC
e9DWnoEu0mxMb9VK e9DWnoEu0mxMb9VK
xlWntBwCLfHgHam8 KHBd51v9Lk79JoNu xlWntBwCLfHgHam8 K5TJWlCDC2GiIJEC
asqla05DvWvndrgH asqla05DvWvndrgH
QSabhET5tNnXgX60 QSabhET5tNnXgX60 1bDI0W7o3Pb2zYhB
z6aHWvfWV1YcOU3s 9dVIdmIqrww8IL0A z6aHWvfWV1YcOU3s uuhviI1p7F0sChqp
fBCH5yXHMW5jQJjk eRAtRmExinGYKjYs fBCH5yXHMW5jQJjk LI7uFZ34s97AeNpk
5TjXpBJuIWCWGZis 5TjXpBJuIWCWGZis
jVrty3u6KGOjBg80 8pFqGmxaOhvFeBf4 Gypke7sesv6WDuj9 jVrty3u6KGOjBg80 W4POX5YqpnnI3x1U
LdwRPFzBNqStC5X8 Byr8ftz6Pn4uac3K LdwRPFzBNqStC5X8
0Pfip4BXzoRzyFv2 kWAnmn2xV4T8moWO 1yeDQmwUGYi8LEVC 0Pfip4BXzoRzyFv2 3PEg9lFbqEimkqjc
2hsCdf5s2NPqItPy 3SYpu8y7n2lFaEgA 2hsCdf5s2NPqItPy HqZKcXPbTIsIN6eT
drsNw5E8nXGgcxxE drsNw5E8nXGgcxxE 2yhNJ9fcTz8hRVDj
CvZWFxoaMZYhwHYj CvZWFxoaMZYhwHYj
Dg4uIWuVD7Xd3FfI PmJZCdR41rbLgXgi EotYPttMvJbBfyaO Dg4uIWuVD7Xd3FfI
PDtM7hU3L1QjW9eR PDtM7hU3L1QjW9eR
uRc2j178KRm3sVAY uRc2j178KRm3sVAY
fg0WyZdFGAAZWRqK fg0WyZdFGAAZWRqK
pKGVzMiXVo3v1oQu pKGVzMiXVo3v1oQu
EuY7nNg1nWHDnCBx EuY7nNg1nWHDnCBx 1ByTcIJH8XabOIWu
0BNdm9hpaqd4q3Tx 0BNdm9hpaqd4q3Tx
0rKC7Chib5iDGjTC SLuZYQ4lYwLMQuMp 0rKC7Chib5iDGjTC TbM88DujEo9BSxqT
U5CEflgpFptgqHUL 6La4alyyQSzgrmmj U5CEflgpFptgqHUL quCqGzaCZ5rVk9Gn
ngcwhTcmwXuonGlk ngcwhTcmwXuonGlk
27KMNaF72cTW0PDA 27KMNaF72cTW0PDA AvHIDL41dbfeNksW
nkKMB647tDItOdTX LZyPcj0slZv1Vk6U nkKMB647tDItOdTX
2v7uFoKD90sPVOTA 2v7uFoKD90sPVOTA
xLhGn69fZWxkF2ME YHVvi99ucaU9tYgf xLhGn69fZWxkF2ME
LsIlvCjQu9Xqre9U u7i0C02E9nMoZ6Ab YpZJ50mXHPeALpEr LsIlvCjQu9Xqre9U 1Eq6CyZRaHXkARva nPVdEshNZOOx6qGx StSocpbFeWB0czP8
LUoJ0iRCc71uZfNX Uw31N0oW965MP4qr 6GsK7I0daq8OZxaS LUoJ0iRCc71uZfNX
gqX9V4QU6KrO7JGI MxcmtGZ6qJUnGaxB gqX9V4QU6KrO7JGI
yILnNjtdKS6kD3NP yILnNjtdKS6kD3NP
8ae7BICLTSRkgPWv 3th5kfdmmYoxH6sF 8ae7BICLTSRkgPWv FzSHaHADmN7Zbhbr 1r13Qnmq9ixI97Qj
uN0YmlR4YKMmyTVh uN0YmlR4YKMmyTVh
6Gt5ffOE5tOJA8A7 6Gt5ffOE5tOJA8A7
8vLm5GS8pptr9y8t 8vLm5GS8pptr9y8t
kmMzOIvorXbmvHXw kmMzOIvorXbmvHXw
R43sDxzHzrO5kncN R43sDxzHzrO5kncN
qKKAwpkuJY9E8dpl qKKAwpkuJY9E8dpl
m8Rn3gh3HBuT9R8d m8Rn3gh3HBuT9R8d
pi9Gjwqb8nw39ALT pi9Gjwqb8nw39ALT
Of6XUqufA1wxpnuj Of6XUqufA1wxpnuj
TEBcdk0AQd6dKevH TEBcdk0AQd6dKevH
ZASkL5Mxwr8cbBFG ZASkL5Mxwr8cbBFG
dBEYMpdveobbOa64 Plb766RuoiNfkOGW dBEYMpdveobbOa64
M9il2j2XBWeGdURv LjKfvPnu1IVb9d8E M9il2j2XBWeGdURv Zo0umr3KFWOZJQPm
